[ 2015-03-29T10:25:17+08:00 ] ::1 /tkphp/Home/Index/twitter/jquery.tweet.js
ERR: 非法操作:twitter

[ 2015-03-29T10:25:17+08:00 ] ::1 /tkphp/Home/Index/js/tinynav.min.js
ERR: 非法操作:js

[ 2015-03-29T10:25:22+08:00 ] ::1 /tkphp/Home/User/twitter/jquery.tweet.js
ERR: 非法操作:twitter

[ 2015-03-29T10:25:22+08:00 ] ::1 /tkphp/Home/User/js/tinynav.min.js
ERR: 非法操作:js

[ 2015-03-29T10:25:23+08:00 ] ::1 /tkphp/Home/User/twitter/jquery.tweet.js
ERR: 非法操作:twitter

[ 2015-03-29T10:25:23+08:00 ] ::1 /tkphp/Home/User/js/tinynav.min.js
ERR: 非法操作:js

[ 2015-03-29T10:25:28+08:00 ] ::1 /tkphp/Home/Index/twitter/jquery.tweet.js
ERR: 非法操作:twitter

[ 2015-03-29T10:25:28+08:00 ] ::1 /tkphp/Home/Index/js/tinynav.min.js
ERR: 非法操作:js

[ 2015-03-29T10:25:36+08:00 ] ::1 /tkphp/Home/Index/twitter/jquery.tweet.js
ERR: 非法操作:twitter

[ 2015-03-29T10:25:36+08:00 ] ::1 /tkphp/Home/Index/js/tinynav.min.js
ERR: 非法操作:js

[ 2015-03-29T10:25:37+08:00 ] ::1 /tkphp/Home/Bill/twitter/jquery.tweet.js
ERR: 非法操作:twitter

[ 2015-03-29T10:25:37+08:00 ] ::1 /tkphp/Home/Bill/js/tinynav.min.js
ERR: 非法操作:js

[ 2015-03-29T10:25:39+08:00 ] ::1 /tkphp/Home/Bill/twitter/jquery.tweet.js
ERR: 非法操作:twitter

[ 2015-03-29T10:25:39+08:00 ] ::1 /tkphp/Home/Bill/js/tinynav.min.js
ERR: 非法操作:js

[ 2015-03-29T10:25:40+08:00 ] ::1 /tkphp/Home/User/twitter/jquery.tweet.js
ERR: 非法操作:twitter

[ 2015-03-29T10:25:40+08:00 ] ::1 /tkphp/Home/User/js/tinynav.min.js
ERR: 非法操作:js

[ 2015-03-29T10:25:58+08:00 ] ::1 /tkphp/Home/Bill/twitter/jquery.tweet.js
ERR: 非法操作:twitter

[ 2015-03-29T10:25:58+08:00 ] ::1 /tkphp/Home/Bill/js/tinynav.min.js
ERR: 非法操作:js

