[ 2015-03-19T14:07:05+08:00 ] ::1 /tkphp/Home/User/twitter/jquery.tweet.js
ERR: 非法操作:twitter

[ 2015-03-19T14:07:05+08:00 ] ::1 /tkphp/Home/User/js/tinynav.min.js
ERR: 非法操作:js

[ 2015-03-19T14:07:06+08:00 ] ::1 /tkphp/Home/User/twitter/jquery.tweet.js
ERR: 非法操作:twitter

[ 2015-03-19T14:07:06+08:00 ] ::1 /tkphp/Home/User/js/tinynav.min.js
ERR: 非法操作:js

[ 2015-03-19T14:07:06+08:00 ] ::1 /tkphp/Home/User/js/tinynav.min.js
ERR: 非法操作:js

[ 2015-03-19T14:07:08+08:00 ] ::1 /tkphp/Home/User/js/tinynav.min.js
ERR: 非法操作:js

[ 2015-03-19T14:07:08+08:00 ] ::1 /tkphp/Home/User/twitter/jquery.tweet.js
ERR: 非法操作:twitter

[ 2015-03-19T14:07:08+08:00 ] ::1 /tkphp/Home/User/js/tinynav.min.js
ERR: 非法操作:js

[ 2015-03-19T14:07:10+08:00 ] ::1 /tkphp/Home/User/js/tinynav.min.js
ERR: 非法操作:js

[ 2015-03-19T14:07:10+08:00 ] ::1 /tkphp/Home/User/twitter/jquery.tweet.js
ERR: 非法操作:twitter

[ 2015-03-19T14:07:10+08:00 ] ::1 /tkphp/Home/User/js/tinynav.min.js
ERR: 非法操作:js

[ 2015-03-19T14:07:15+08:00 ] ::1 /tkphp/Home/Bill/twitter/jquery.tweet.js
ERR: 非法操作:twitter

[ 2015-03-19T14:07:15+08:00 ] ::1 /tkphp/Home/Bill/js/tinynav.min.js
ERR: 非法操作:js

[ 2015-03-19T14:07:17+08:00 ] ::1 /tkphp/Home/Bill/js/tinynav.min.js
ERR: 非法操作:js

[ 2015-03-19T14:07:17+08:00 ] ::1 /tkphp/Home/Bill/twitter/jquery.tweet.js
ERR: 非法操作:twitter

[ 2015-03-19T14:07:17+08:00 ] ::1 /tkphp/Home/Bill/js/tinynav.min.js
ERR: 非法操作:js

