[ 2015-03-25T17:38:31+08:00 ] ::1 /tkphp/Home/twitter/jquery.tweet.js
ERR: 无法加载控制器:Twitter

[ 2015-03-25T17:38:31+08:00 ] ::1 /tkphp/Home/js/tinynav.min.js
ERR: 无法加载控制器:Js

[ 2015-03-25T17:38:33+08:00 ] ::1 /tkphp/Home/User/twitter/jquery.tweet.js
ERR: 非法操作:twitter

[ 2015-03-25T17:38:33+08:00 ] ::1 /tkphp/Home/User/js/tinynav.min.js
ERR: 非法操作:js

[ 2015-03-25T17:38:48+08:00 ] ::1 /tkphp/Home/User/twitter/jquery.tweet.js
ERR: 非法操作:twitter

[ 2015-03-25T17:38:48+08:00 ] ::1 /tkphp/Home/User/js/tinynav.min.js
ERR: 非法操作:js

[ 2015-03-25T17:38:50+08:00 ] ::1 /tkphp/Home/User/twitter/jquery.tweet.js
ERR: 非法操作:twitter

[ 2015-03-25T17:38:50+08:00 ] ::1 /tkphp/Home/User/js/tinynav.min.js
ERR: 非法操作:js

[ 2015-03-25T17:38:51+08:00 ] ::1 /tkphp/Home/User/twitter/jquery.tweet.js
ERR: 非法操作:twitter

[ 2015-03-25T17:38:51+08:00 ] ::1 /tkphp/Home/User/js/tinynav.min.js
ERR: 非法操作:js

[ 2015-03-25T17:38:53+08:00 ] ::1 /tkphp/Home/User/twitter/jquery.tweet.js
ERR: 非法操作:twitter

[ 2015-03-25T17:38:53+08:00 ] ::1 /tkphp/Home/User/js/tinynav.min.js
ERR: 非法操作:js

[ 2015-03-25T17:44:36+08:00 ] ::1 /tkphp/Home/User/twitter/jquery.tweet.js
ERR: 非法操作:twitter

[ 2015-03-25T17:44:36+08:00 ] ::1 /tkphp/Home/User/js/tinynav.min.js
ERR: 非法操作:js

[ 2015-03-25T17:45:27+08:00 ] ::1 /tkphp/Home/User/twitter/jquery.tweet.js
ERR: 非法操作:twitter

[ 2015-03-25T17:45:27+08:00 ] ::1 /tkphp/Home/User/js/tinynav.min.js
ERR: 非法操作:js

[ 2015-03-25T17:45:42+08:00 ] ::1 /tkphp/Home/User/twitter/jquery.tweet.js
ERR: 非法操作:twitter

[ 2015-03-25T17:45:42+08:00 ] ::1 /tkphp/Home/User/js/tinynav.min.js
ERR: 非法操作:js

[ 2015-03-25T17:46:04+08:00 ] ::1 /tkphp/Home/User/twitter/jquery.tweet.js
ERR: 非法操作:twitter

[ 2015-03-25T17:46:04+08:00 ] ::1 /tkphp/Home/User/js/tinynav.min.js
ERR: 非法操作:js

[ 2015-03-25T17:46:30+08:00 ] ::1 /tkphp/Home/User/twitter/jquery.tweet.js
ERR: 非法操作:twitter

[ 2015-03-25T17:46:30+08:00 ] ::1 /tkphp/Home/User/js/tinynav.min.js
ERR: 非法操作:js

[ 2015-03-25T17:46:31+08:00 ] ::1 /tkphp/Home/User/twitter/jquery.tweet.js
ERR: 非法操作:twitter

[ 2015-03-25T17:46:31+08:00 ] ::1 /tkphp/Home/User/js/tinynav.min.js
ERR: 非法操作:js

[ 2015-03-25T17:49:25+08:00 ] ::1 /tkphp/Home/User/twitter/jquery.tweet.js
ERR: 非法操作:twitter

[ 2015-03-25T17:49:25+08:00 ] ::1 /tkphp/Home/User/js/tinynav.min.js
ERR: 非法操作:js

[ 2015-03-25T17:50:19+08:00 ] ::1 /tkphp/Home/User/twitter/jquery.tweet.js
ERR: 非法操作:twitter

[ 2015-03-25T17:50:19+08:00 ] ::1 /tkphp/Home/User/js/tinynav.min.js
ERR: 非法操作:js

[ 2015-03-25T17:50:47+08:00 ] ::1 /tkphp/Home/User/twitter/jquery.tweet.js
ERR: 非法操作:twitter

[ 2015-03-25T17:50:47+08:00 ] ::1 /tkphp/Home/User/js/tinynav.min.js
ERR: 非法操作:js

[ 2015-03-25T17:52:14+08:00 ] ::1 /tkphp/Home/User/twitter/jquery.tweet.js
ERR: 非法操作:twitter

[ 2015-03-25T17:52:14+08:00 ] ::1 /tkphp/Home/User/js/tinynav.min.js
ERR: 非法操作:js

[ 2015-03-25T17:52:44+08:00 ] ::1 /tkphp/Home/User/twitter/jquery.tweet.js
ERR: 非法操作:twitter

[ 2015-03-25T17:52:44+08:00 ] ::1 /tkphp/Home/User/js/tinynav.min.js
ERR: 非法操作:js

[ 2015-03-25T18:42:18+08:00 ] ::1 /tkphp/Home/User/twitter/jquery.tweet.js
ERR: 非法操作:twitter

[ 2015-03-25T18:42:18+08:00 ] ::1 /tkphp/Home/User/js/tinynav.min.js
ERR: 非法操作:js

[ 2015-03-25T18:42:19+08:00 ] ::1 /tkphp/Home/User/twitter/jquery.tweet.js
ERR: 非法操作:twitter

[ 2015-03-25T18:42:19+08:00 ] ::1 /tkphp/Home/User/js/tinynav.min.js
ERR: 非法操作:js

[ 2015-03-25T18:42:21+08:00 ] ::1 /tkphp/Home/User/twitter/jquery.tweet.js
ERR: 非法操作:twitter

[ 2015-03-25T18:42:21+08:00 ] ::1 /tkphp/Home/User/js/tinynav.min.js
ERR: 非法操作:js

[ 2015-03-25T18:43:40+08:00 ] ::1 /tkphp/Home/User/twitter/jquery.tweet.js
ERR: 非法操作:twitter

[ 2015-03-25T18:43:40+08:00 ] ::1 /tkphp/Home/User/js/tinynav.min.js
ERR: 非法操作:js

[ 2015-03-25T18:45:48+08:00 ] ::1 /tkphp/Home/User/twitter/jquery.tweet.js
ERR: 非法操作:twitter

[ 2015-03-25T18:45:48+08:00 ] ::1 /tkphp/Home/User/js/tinynav.min.js
ERR: 非法操作:js

[ 2015-03-25T18:46:27+08:00 ] ::1 /tkphp/Home/User/twitter/jquery.tweet.js
ERR: 非法操作:twitter

[ 2015-03-25T18:46:27+08:00 ] ::1 /tkphp/Home/User/js/tinynav.min.js
ERR: 非法操作:js

[ 2015-03-25T18:46:58+08:00 ] ::1 /tkphp/Home/User/twitter/jquery.tweet.js
ERR: 非法操作:twitter

[ 2015-03-25T18:46:58+08:00 ] ::1 /tkphp/Home/User/js/tinynav.min.js
ERR: 非法操作:js

[ 2015-03-25T18:47:03+08:00 ] ::1 /tkphp/Home/User/twitter/jquery.tweet.js
ERR: 非法操作:twitter

[ 2015-03-25T18:47:03+08:00 ] ::1 /tkphp/Home/User/js/tinynav.min.js
ERR: 非法操作:js

[ 2015-03-25T18:48:24+08:00 ] ::1 /tkphp/Home/User/twitter/jquery.tweet.js
ERR: 非法操作:twitter

[ 2015-03-25T18:48:24+08:00 ] ::1 /tkphp/Home/User/js/tinynav.min.js
ERR: 非法操作:js

[ 2015-03-25T18:48:31+08:00 ] ::1 /tkphp/Home/User/twitter/jquery.tweet.js
ERR: 非法操作:twitter

[ 2015-03-25T18:48:31+08:00 ] ::1 /tkphp/Home/User/js/tinynav.min.js
ERR: 非法操作:js

[ 2015-03-25T18:48:34+08:00 ] ::1 /tkphp/Home/User/twitter/jquery.tweet.js
ERR: 非法操作:twitter

[ 2015-03-25T18:48:34+08:00 ] ::1 /tkphp/Home/User/js/tinynav.min.js
ERR: 非法操作:js

[ 2015-03-25T18:48:40+08:00 ] ::1 /tkphp/Home/User/twitter/jquery.tweet.js
ERR: 非法操作:twitter

[ 2015-03-25T18:48:40+08:00 ] ::1 /tkphp/Home/User/js/tinynav.min.js
ERR: 非法操作:js

[ 2015-03-25T18:48:41+08:00 ] ::1 /tkphp/Home/User/twitter/jquery.tweet.js
ERR: 非法操作:twitter

[ 2015-03-25T18:48:41+08:00 ] ::1 /tkphp/Home/User/js/tinynav.min.js
ERR: 非法操作:js

[ 2015-03-25T18:49:24+08:00 ] ::1 /tkphp/Home/User/twitter/jquery.tweet.js
ERR: 非法操作:twitter

[ 2015-03-25T18:49:24+08:00 ] ::1 /tkphp/Home/User/js/tinynav.min.js
ERR: 非法操作:js

[ 2015-03-25T18:49:47+08:00 ] ::1 /tkphp/Home/User/twitter/jquery.tweet.js
ERR: 非法操作:twitter

[ 2015-03-25T18:49:47+08:00 ] ::1 /tkphp/Home/User/js/tinynav.min.js
ERR: 非法操作:js

[ 2015-03-25T18:49:48+08:00 ] ::1 /tkphp/Home/User/twitter/jquery.tweet.js
ERR: 非法操作:twitter

[ 2015-03-25T18:49:48+08:00 ] ::1 /tkphp/Home/User/js/tinynav.min.js
ERR: 非法操作:js

[ 2015-03-25T18:50:19+08:00 ] ::1 /tkphp/Home/User/twitter/jquery.tweet.js
ERR: 非法操作:twitter

[ 2015-03-25T18:50:19+08:00 ] ::1 /tkphp/Home/User/js/tinynav.min.js
ERR: 非法操作:js

[ 2015-03-25T18:51:22+08:00 ] ::1 /tkphp/Home/Product/twitter/jquery.tweet.js
ERR: 非法操作:twitter

[ 2015-03-25T18:51:22+08:00 ] ::1 /tkphp/Home/Product/js/tinynav.min.js
ERR: 非法操作:js

[ 2015-03-25T18:51:31+08:00 ] ::1 /tkphp/Home/User/twitter/jquery.tweet.js
ERR: 非法操作:twitter

[ 2015-03-25T18:51:31+08:00 ] ::1 /tkphp/Home/User/js/tinynav.min.js
ERR: 非法操作:js

[ 2015-03-25T18:57:42+08:00 ] ::1 /tkphp/Home/User/twitter/jquery.tweet.js
ERR: 非法操作:twitter

[ 2015-03-25T18:57:42+08:00 ] ::1 /tkphp/Home/User/js/tinynav.min.js
ERR: 非法操作:js

[ 2015-03-25T18:58:24+08:00 ] ::1 /tkphp/Home/User/regist
ERR: 非法操作:regist

[ 2015-03-25T19:01:11+08:00 ] ::1 /tkphp/Home/User/regist
ERR: 非法操作:regist

[ 2015-03-25T19:01:18+08:00 ] ::1 /tkphp/Home/User/twitter/jquery.tweet.js
ERR: 非法操作:twitter

[ 2015-03-25T19:01:18+08:00 ] ::1 /tkphp/Home/User/js/tinynav.min.js
ERR: 非法操作:js

[ 2015-03-25T19:01:31+08:00 ] ::1 /tkphp/Home/Member/member.html
ERR: 无法加载控制器:Member

[ 2015-03-25T19:12:13+08:00 ] ::1 /tkphp/Home/Member/member.html
ERR: 无法加载控制器:Member

[ 2015-03-25T19:12:28+08:00 ] ::1 /tkphp/Home/User/twitter/jquery.tweet.js
ERR: 非法操作:twitter

[ 2015-03-25T19:12:28+08:00 ] ::1 /tkphp/Home/User/js/tinynav.min.js
ERR: 非法操作:js

[ 2015-03-25T19:12:34+08:00 ] ::1 /tkphp/Home/User/twitter/jquery.tweet.js
ERR: 非法操作:twitter

[ 2015-03-25T19:12:34+08:00 ] ::1 /tkphp/Home/User/js/tinynav.min.js
ERR: 非法操作:js

[ 2015-03-25T19:21:18+08:00 ] ::1 /tkphp/Home/User/twitter/jquery.tweet.js
ERR: 非法操作:twitter

[ 2015-03-25T19:21:18+08:00 ] ::1 /tkphp/Home/User/js/tinynav.min.js
ERR: 非法操作:js

[ 2015-03-25T19:21:20+08:00 ] ::1 /tkphp/Home/User/twitter/jquery.tweet.js
ERR: 非法操作:twitter

[ 2015-03-25T19:21:20+08:00 ] ::1 /tkphp/Home/User/js/tinynav.min.js
ERR: 非法操作:js

[ 2015-03-25T19:21:21+08:00 ] ::1 /tkphp/Home/User/twitter/jquery.tweet.js
ERR: 非法操作:twitter

[ 2015-03-25T19:21:21+08:00 ] ::1 /tkphp/Home/User/js/tinynav.min.js
ERR: 非法操作:js

[ 2015-03-25T19:21:23+08:00 ] ::1 /tkphp/Home/User/twitter/jquery.tweet.js
ERR: 非法操作:twitter

[ 2015-03-25T19:21:23+08:00 ] ::1 /tkphp/Home/User/js/tinynav.min.js
ERR: 非法操作:js

[ 2015-03-25T19:21:29+08:00 ] ::1 /tkphp/Home/User/twitter/jquery.tweet.js
ERR: 非法操作:twitter

[ 2015-03-25T19:21:29+08:00 ] ::1 /tkphp/Home/User/js/tinynav.min.js
ERR: 非法操作:js

[ 2015-03-25T19:21:54+08:00 ] ::1 /tkphp/Home/User/twitter/jquery.tweet.js
ERR: 非法操作:twitter

[ 2015-03-25T19:21:54+08:00 ] ::1 /tkphp/Home/User/js/tinynav.min.js
ERR: 非法操作:js

[ 2015-03-25T19:21:55+08:00 ] ::1 /tkphp/Home/User/twitter/jquery.tweet.js
ERR: 非法操作:twitter

[ 2015-03-25T19:21:55+08:00 ] ::1 /tkphp/Home/User/js/tinynav.min.js
ERR: 非法操作:js

[ 2015-03-25T19:21:56+08:00 ] ::1 /tkphp/Home/User/twitter/jquery.tweet.js
ERR: 非法操作:twitter

[ 2015-03-25T19:21:56+08:00 ] ::1 /tkphp/Home/User/js/tinynav.min.js
ERR: 非法操作:js

[ 2015-03-25T19:28:24+08:00 ] ::1 /tkphp/Home/User/twitter/jquery.tweet.js
ERR: 非法操作:twitter

[ 2015-03-25T19:28:24+08:00 ] ::1 /tkphp/Home/User/js/tinynav.min.js
ERR: 非法操作:js

[ 2015-03-25T19:35:31+08:00 ] ::1 /tkphp/Home/User/twitter/jquery.tweet.js
ERR: 非法操作:twitter

[ 2015-03-25T19:35:31+08:00 ] ::1 /tkphp/Home/User/js/tinynav.min.js
ERR: 非法操作:js

[ 2015-03-25T19:35:42+08:00 ] ::1 /tkphp/Home/User/twitter/jquery.tweet.js
ERR: 非法操作:twitter

[ 2015-03-25T19:35:42+08:00 ] ::1 /tkphp/Home/User/js/tinynav.min.js
ERR: 非法操作:js

[ 2015-03-25T19:36:01+08:00 ] ::1 /tkphp/Home/Index/twitter/jquery.tweet.js
ERR: 非法操作:twitter

[ 2015-03-25T19:36:01+08:00 ] ::1 /tkphp/Home/Index/js/tinynav.min.js
ERR: 非法操作:js

[ 2015-03-25T19:43:34+08:00 ] ::1 /tkphp/Home/User/twitter/jquery.tweet.js
ERR: 非法操作:twitter

[ 2015-03-25T19:43:34+08:00 ] ::1 /tkphp/Home/User/js/tinynav.min.js
ERR: 非法操作:js

[ 2015-03-25T19:44:00+08:00 ] ::1 /tkphp/Home/Index/twitter/jquery.tweet.js
ERR: 非法操作:twitter

[ 2015-03-25T19:44:00+08:00 ] ::1 /tkphp/Home/Index/js/tinynav.min.js
ERR: 非法操作:js

[ 2015-03-25T19:45:21+08:00 ] ::1 /tkphp/Home/Index/twitter/jquery.tweet.js
ERR: 非法操作:twitter

[ 2015-03-25T19:45:21+08:00 ] ::1 /tkphp/Home/Index/js/tinynav.min.js
ERR: 非法操作:js

[ 2015-03-25T19:45:23+08:00 ] ::1 /tkphp/Home/User/twitter/jquery.tweet.js
ERR: 非法操作:twitter

[ 2015-03-25T19:45:23+08:00 ] ::1 /tkphp/Home/User/js/tinynav.min.js
ERR: 非法操作:js

[ 2015-03-25T19:45:35+08:00 ] ::1 /tkphp/Home/Index/twitter/jquery.tweet.js
ERR: 非法操作:twitter

[ 2015-03-25T19:45:35+08:00 ] ::1 /tkphp/Home/Index/js/tinynav.min.js
ERR: 非法操作:js

[ 2015-03-25T19:47:26+08:00 ] ::1 /tkphp/Home/User/twitter/jquery.tweet.js
ERR: 非法操作:twitter

[ 2015-03-25T19:47:26+08:00 ] ::1 /tkphp/Home/User/js/tinynav.min.js
ERR: 非法操作:js

[ 2015-03-25T19:49:35+08:00 ] ::1 /tkphp/Home/User/twitter/jquery.tweet.js
ERR: 非法操作:twitter

[ 2015-03-25T19:49:35+08:00 ] ::1 /tkphp/Home/User/js/tinynav.min.js
ERR: 非法操作:js

[ 2015-03-25T19:49:57+08:00 ] ::1 /tkphp/Home/Index/twitter/jquery.tweet.js
ERR: 非法操作:twitter

[ 2015-03-25T19:49:57+08:00 ] ::1 /tkphp/Home/Index/js/tinynav.min.js
ERR: 非法操作:js

[ 2015-03-25T19:50:59+08:00 ] ::1 /tkphp/Home/Index/twitter/jquery.tweet.js
ERR: 非法操作:twitter

[ 2015-03-25T19:50:59+08:00 ] ::1 /tkphp/Home/Index/js/tinynav.min.js
ERR: 非法操作:js

[ 2015-03-25T19:51:01+08:00 ] ::1 /tkphp/Home/User/twitter/jquery.tweet.js
ERR: 非法操作:twitter

[ 2015-03-25T19:51:01+08:00 ] ::1 /tkphp/Home/User/js/tinynav.min.js
ERR: 非法操作:js

[ 2015-03-25T19:51:16+08:00 ] ::1 /tkphp/Home/Index/twitter/jquery.tweet.js
ERR: 非法操作:twitter

[ 2015-03-25T19:51:16+08:00 ] ::1 /tkphp/Home/Index/js/tinynav.min.js
ERR: 非法操作:js

[ 2015-03-25T19:54:55+08:00 ] ::1 /tkphp/Home/Index/twitter/jquery.tweet.js
ERR: 非法操作:twitter

[ 2015-03-25T19:54:55+08:00 ] ::1 /tkphp/Home/Index/js/tinynav.min.js
ERR: 非法操作:js

[ 2015-03-25T19:56:40+08:00 ] ::1 /tkphp/Home/User/twitter/jquery.tweet.js
ERR: 非法操作:twitter

[ 2015-03-25T19:56:40+08:00 ] ::1 /tkphp/Home/User/js/tinynav.min.js
ERR: 非法操作:js

[ 2015-03-25T19:56:44+08:00 ] ::1 /tkphp/Home/User/twitter/jquery.tweet.js
ERR: 非法操作:twitter

[ 2015-03-25T19:56:44+08:00 ] ::1 /tkphp/Home/User/js/tinynav.min.js
ERR: 非法操作:js

[ 2015-03-25T19:56:45+08:00 ] ::1 /tkphp/Home/User/twitter/jquery.tweet.js
ERR: 非法操作:twitter

[ 2015-03-25T19:56:45+08:00 ] ::1 /tkphp/Home/User/js/tinynav.min.js
ERR: 非法操作:js

[ 2015-03-25T19:56:46+08:00 ] ::1 /tkphp/Home/User/twitter/jquery.tweet.js
ERR: 非法操作:twitter

[ 2015-03-25T19:56:46+08:00 ] ::1 /tkphp/Home/User/js/tinynav.min.js
ERR: 非法操作:js

[ 2015-03-25T19:56:47+08:00 ] ::1 /tkphp/Home/User/twitter/jquery.tweet.js
ERR: 非法操作:twitter

[ 2015-03-25T19:56:47+08:00 ] ::1 /tkphp/Home/User/js/tinynav.min.js
ERR: 非法操作:js

[ 2015-03-25T19:56:47+08:00 ] ::1 /tkphp/Home/User/twitter/jquery.tweet.js
ERR: 非法操作:twitter

[ 2015-03-25T19:56:47+08:00 ] ::1 /tkphp/Home/User/js/tinynav.min.js
ERR: 非法操作:js

[ 2015-03-25T19:56:48+08:00 ] ::1 /tkphp/Home/User/twitter/jquery.tweet.js
ERR: 非法操作:twitter

[ 2015-03-25T19:56:48+08:00 ] ::1 /tkphp/Home/User/js/tinynav.min.js
ERR: 非法操作:js

[ 2015-03-25T19:56:49+08:00 ] ::1 /tkphp/Home/User/twitter/jquery.tweet.js
ERR: 非法操作:twitter

[ 2015-03-25T19:56:49+08:00 ] ::1 /tkphp/Home/User/js/tinynav.min.js
ERR: 非法操作:js

[ 2015-03-25T19:56:50+08:00 ] ::1 /tkphp/Home/User/twitter/jquery.tweet.js
ERR: 非法操作:twitter

[ 2015-03-25T19:56:50+08:00 ] ::1 /tkphp/Home/User/js/tinynav.min.js
ERR: 非法操作:js

[ 2015-03-25T20:09:10+08:00 ] ::1 /tkphp/Home/twitter/jquery.tweet.js
ERR: 无法加载控制器:Twitter

[ 2015-03-25T20:09:10+08:00 ] ::1 /tkphp/Home/js/tinynav.min.js
ERR: 无法加载控制器:Js

[ 2015-03-25T20:09:13+08:00 ] ::1 /tkphp/Home/User/twitter/jquery.tweet.js
ERR: 非法操作:twitter

[ 2015-03-25T20:09:13+08:00 ] ::1 /tkphp/Home/User/js/tinynav.min.js
ERR: 非法操作:js

[ 2015-03-25T20:09:29+08:00 ] ::1 /tkphp/Home/User/twitter/jquery.tweet.js
ERR: 非法操作:twitter

[ 2015-03-25T20:09:29+08:00 ] ::1 /tkphp/Home/User/js/tinynav.min.js
ERR: 非法操作:js

[ 2015-03-25T20:24:37+08:00 ] ::1 /tkphp/Home/twitter/jquery.tweet.js
ERR: 无法加载控制器:Twitter

[ 2015-03-25T20:24:37+08:00 ] ::1 /tkphp/Home/js/tinynav.min.js
ERR: 无法加载控制器:Js

[ 2015-03-25T20:24:39+08:00 ] ::1 /tkphp/Home/User/twitter/jquery.tweet.js
ERR: 非法操作:twitter

[ 2015-03-25T20:24:39+08:00 ] ::1 /tkphp/Home/User/js/tinynav.min.js
ERR: 非法操作:js

[ 2015-03-25T20:31:45+08:00 ] ::1 /tkphp/Home/User/twitter/jquery.tweet.js
ERR: 非法操作:twitter

[ 2015-03-25T20:31:45+08:00 ] ::1 /tkphp/Home/User/js/tinynav.min.js
ERR: 非法操作:js

[ 2015-03-25T20:33:06+08:00 ] ::1 /tkphp/Home/User/twitter/jquery.tweet.js
ERR: 非法操作:twitter

[ 2015-03-25T20:33:06+08:00 ] ::1 /tkphp/Home/User/js/tinynav.min.js
ERR: 非法操作:js

[ 2015-03-25T20:33:26+08:00 ] ::1 /tkphp/Home/User/twitter/jquery.tweet.js
ERR: 非法操作:twitter

[ 2015-03-25T20:33:26+08:00 ] ::1 /tkphp/Home/User/js/tinynav.min.js
ERR: 非法操作:js

