[ 2015-03-31T18:34:59+08:00 ] ::1 /tkphp/Home/Product/index.html
INFO: [ app_begin ] --START--
INFO: Run Behavior\ReadHtmlCacheBehavior [ RunTime:0.000521s ]
INFO: [ app_begin ] --END-- [ RunTime:0.000821s ]
INFO: [ view_parse ] --START--
INFO: [ template_filter ] --START--
INFO: Run Behavior\ContentReplaceBehavior [ RunTime:0.000504s ]
INFO: [ template_filter ] --END-- [ RunTime:0.000559s ]
NOTIC: [8] Undefined index: user D:\XAMMP\htdocs\tkphp\Application\Runtime\Cache\Home\3458861da0342b1f9413030055ee3fb6.php 第 68 行.
INFO: Run Behavior\ParseTemplateBehavior [ RunTime:0.030038s ]
INFO: [ view_parse ] --END-- [ RunTime:0.030085s ]
INFO: [ view_filter ] --START--
INFO: Run Behavior\WriteHtmlCacheBehavior [ RunTime:0.000268s ]
INFO: [ view_filter ] --END-- [ RunTime:0.000299s ]
INFO: [ app_end ] --START--
INFO: Run Behavior\ShowPageTraceBehavior [ RunTime:0.000569s ]
INFO: [ app_end ] --END-- [ RunTime:0.000619s ]

[ 2015-03-31T21:53:41+08:00 ] ::1 /tkphp/Home/User/twitter/jquery.tweet.js
ERR: 非法操作:twitter

[ 2015-03-31T21:53:41+08:00 ] ::1 /tkphp/Home/User/js/tinynav.min.js
ERR: 非法操作:js

[ 2015-03-31T21:53:50+08:00 ] ::1 /tkphp/Home/User/twitter/jquery.tweet.js
ERR: 非法操作:twitter

[ 2015-03-31T21:53:50+08:00 ] ::1 /tkphp/Home/User/js/tinynav.min.js
ERR: 非法操作:js

[ 2015-03-31T21:54:43+08:00 ] ::1 /tkphp/Home/Index/twitter/jquery.tweet.js
ERR: 非法操作:twitter

[ 2015-03-31T21:54:43+08:00 ] ::1 /tkphp/Home/Index/js/tinynav.min.js
ERR: 非法操作:js

[ 2015-03-31T21:54:51+08:00 ] ::1 /tkphp/Home/Index/twitter/jquery.tweet.js
ERR: 非法操作:twitter

[ 2015-03-31T21:54:51+08:00 ] ::1 /tkphp/Home/Index/js/tinynav.min.js
ERR: 非法操作:js

