[ 2015-03-26T17:56:42+08:00 ] ::1 /tkphp/Home/User/twitter/jquery.tweet.js
ERR: 非法操作:twitter

[ 2015-03-26T17:56:42+08:00 ] ::1 /tkphp/Home/User/js/tinynav.min.js
ERR: 非法操作:js

[ 2015-03-26T17:56:45+08:00 ] ::1 /tkphp/Home/User/twitter/jquery.tweet.js
ERR: 非法操作:twitter

[ 2015-03-26T17:56:45+08:00 ] ::1 /tkphp/Home/User/js/tinynav.min.js
ERR: 非法操作:js

[ 2015-03-26T17:56:50+08:00 ] ::1 /tkphp/Home/User/twitter/jquery.tweet.js
ERR: 非法操作:twitter

[ 2015-03-26T17:56:50+08:00 ] ::1 /tkphp/Home/User/js/tinynav.min.js
ERR: 非法操作:js

[ 2015-03-26T18:00:22+08:00 ] ::1 /tkphp/Home/User/twitter/jquery.tweet.js
ERR: 非法操作:twitter

[ 2015-03-26T18:00:22+08:00 ] ::1 /tkphp/Home/User/js/tinynav.min.js
ERR: 非法操作:js

[ 2015-03-26T18:03:52+08:00 ] ::1 /tkphp/Home/User/twitter/jquery.tweet.js
ERR: 非法操作:twitter

[ 2015-03-26T18:03:52+08:00 ] ::1 /tkphp/Home/User/js/tinynav.min.js
ERR: 非法操作:js

[ 2015-03-26T18:06:09+08:00 ] ::1 /tkphp/Home/User/twitter/jquery.tweet.js
ERR: 非法操作:twitter

[ 2015-03-26T18:06:09+08:00 ] ::1 /tkphp/Home/User/js/tinynav.min.js
ERR: 非法操作:js

[ 2015-03-26T18:08:30+08:00 ] ::1 /tkphp/Home/User/twitter/jquery.tweet.js
ERR: 非法操作:twitter

[ 2015-03-26T18:08:30+08:00 ] ::1 /tkphp/Home/User/js/tinynav.min.js
ERR: 非法操作:js

[ 2015-03-26T18:08:51+08:00 ] ::1 /tkphp/Home/User/twitter/jquery.tweet.js
ERR: 非法操作:twitter

[ 2015-03-26T18:08:51+08:00 ] ::1 /tkphp/Home/User/js/tinynav.min.js
ERR: 非法操作:js

[ 2015-03-26T18:10:44+08:00 ] ::1 /tkphp/Home/User/twitter/jquery.tweet.js
ERR: 非法操作:twitter

[ 2015-03-26T18:10:44+08:00 ] ::1 /tkphp/Home/User/js/tinynav.min.js
ERR: 非法操作:js

[ 2015-03-26T18:15:28+08:00 ] ::1 /tkphp/Home/User/twitter/jquery.tweet.js
ERR: 非法操作:twitter

[ 2015-03-26T18:15:28+08:00 ] ::1 /tkphp/Home/User/js/tinynav.min.js
ERR: 非法操作:js

[ 2015-03-26T18:18:32+08:00 ] ::1 /tkphp/Home/User/twitter/jquery.tweet.js
ERR: 非法操作:twitter

[ 2015-03-26T18:18:32+08:00 ] ::1 /tkphp/Home/User/js/tinynav.min.js
ERR: 非法操作:js

[ 2015-03-26T18:18:45+08:00 ] ::1 /tkphp/Home/User/twitter/jquery.tweet.js
ERR: 非法操作:twitter

[ 2015-03-26T18:18:45+08:00 ] ::1 /tkphp/Home/User/js/tinynav.min.js
ERR: 非法操作:js

[ 2015-03-26T18:19:36+08:00 ] ::1 /tkphp/Home/User/twitter/jquery.tweet.js
ERR: 非法操作:twitter

[ 2015-03-26T18:19:36+08:00 ] ::1 /tkphp/Home/User/js/tinynav.min.js
ERR: 非法操作:js

[ 2015-03-26T18:20:51+08:00 ] ::1 /tkphp/Home/User/twitter/jquery.tweet.js
ERR: 非法操作:twitter

[ 2015-03-26T18:20:51+08:00 ] ::1 /tkphp/Home/User/js/tinynav.min.js
ERR: 非法操作:js

[ 2015-03-26T18:20:54+08:00 ] ::1 /tkphp/Home/User/twitter/jquery.tweet.js
ERR: 非法操作:twitter

[ 2015-03-26T18:20:54+08:00 ] ::1 /tkphp/Home/User/js/tinynav.min.js
ERR: 非法操作:js

[ 2015-03-26T18:21:13+08:00 ] ::1 /tkphp/Home/User/twitter/jquery.tweet.js
ERR: 非法操作:twitter

[ 2015-03-26T18:21:13+08:00 ] ::1 /tkphp/Home/User/js/tinynav.min.js
ERR: 非法操作:js

[ 2015-03-26T18:21:49+08:00 ] ::1 /tkphp/Home/User/twitter/jquery.tweet.js
ERR: 非法操作:twitter

[ 2015-03-26T18:21:49+08:00 ] ::1 /tkphp/Home/User/js/tinynav.min.js
ERR: 非法操作:js

[ 2015-03-26T18:22:10+08:00 ] ::1 /tkphp/Home/Index/twitter/jquery.tweet.js
ERR: 非法操作:twitter

[ 2015-03-26T18:22:10+08:00 ] ::1 /tkphp/Home/Index/js/tinynav.min.js
ERR: 非法操作:js

[ 2015-03-26T18:22:21+08:00 ] ::1 /tkphp/Home/Index/twitter/jquery.tweet.js
ERR: 非法操作:twitter

[ 2015-03-26T18:22:21+08:00 ] ::1 /tkphp/Home/Index/js/tinynav.min.js
ERR: 非法操作:js

[ 2015-03-26T18:22:22+08:00 ] ::1 /tkphp/Home/Index/twitter/jquery.tweet.js
ERR: 非法操作:twitter

[ 2015-03-26T18:22:22+08:00 ] ::1 /tkphp/Home/Index/js/tinynav.min.js
ERR: 非法操作:js

[ 2015-03-26T18:24:39+08:00 ] ::1 /tkphp/Home/Index/twitter/jquery.tweet.js
ERR: 非法操作:twitter

[ 2015-03-26T18:24:39+08:00 ] ::1 /tkphp/Home/Index/js/tinynav.min.js
ERR: 非法操作:js

[ 2015-03-26T18:24:46+08:00 ] ::1 /tkphp/Home/Index/twitter/jquery.tweet.js
ERR: 非法操作:twitter

[ 2015-03-26T18:24:46+08:00 ] ::1 /tkphp/Home/Index/js/tinynav.min.js
ERR: 非法操作:js

[ 2015-03-26T18:25:15+08:00 ] ::1 /tkphp/Home/Index/twitter/jquery.tweet.js
ERR: 非法操作:twitter

[ 2015-03-26T18:25:15+08:00 ] ::1 /tkphp/Home/Index/js/tinynav.min.js
ERR: 非法操作:js

[ 2015-03-26T18:25:17+08:00 ] ::1 /tkphp/Home/User/twitter/jquery.tweet.js
ERR: 非法操作:twitter

[ 2015-03-26T18:25:17+08:00 ] ::1 /tkphp/Home/User/js/tinynav.min.js
ERR: 非法操作:js

[ 2015-03-26T18:25:32+08:00 ] ::1 /tkphp/Home/User/twitter/jquery.tweet.js
ERR: 非法操作:twitter

[ 2015-03-26T18:25:32+08:00 ] ::1 /tkphp/Home/User/js/tinynav.min.js
ERR: 非法操作:js

[ 2015-03-26T18:37:15+08:00 ] ::1 /tkphp/Home/User/twitter/jquery.tweet.js
ERR: 非法操作:twitter

[ 2015-03-26T18:37:15+08:00 ] ::1 /tkphp/Home/User/js/tinynav.min.js
ERR: 非法操作:js

[ 2015-03-26T18:39:05+08:00 ] ::1 /tkphp/Home/User/twitter/jquery.tweet.js
ERR: 非法操作:twitter

[ 2015-03-26T18:39:05+08:00 ] ::1 /tkphp/Home/User/js/tinynav.min.js
ERR: 非法操作:js

[ 2015-03-26T18:39:30+08:00 ] ::1 /tkphp/Home/User/twitter/jquery.tweet.js
ERR: 非法操作:twitter

[ 2015-03-26T18:39:30+08:00 ] ::1 /tkphp/Home/User/js/tinynav.min.js
ERR: 非法操作:js

[ 2015-03-26T18:40:41+08:00 ] ::1 /tkphp/Home/User/twitter/jquery.tweet.js
ERR: 非法操作:twitter

[ 2015-03-26T18:40:41+08:00 ] ::1 /tkphp/Home/User/js/tinynav.min.js
ERR: 非法操作:js

[ 2015-03-26T18:42:37+08:00 ] ::1 /tkphp/Home/User/twitter/jquery.tweet.js
ERR: 非法操作:twitter

[ 2015-03-26T18:42:37+08:00 ] ::1 /tkphp/Home/User/js/tinynav.min.js
ERR: 非法操作:js

[ 2015-03-26T18:43:13+08:00 ] ::1 /tkphp/Home/User/twitter/jquery.tweet.js
ERR: 非法操作:twitter

[ 2015-03-26T18:43:13+08:00 ] ::1 /tkphp/Home/User/js/tinynav.min.js
ERR: 非法操作:js

[ 2015-03-26T18:43:38+08:00 ] ::1 /tkphp/Home/User/twitter/jquery.tweet.js
ERR: 非法操作:twitter

[ 2015-03-26T18:43:38+08:00 ] ::1 /tkphp/Home/User/js/tinynav.min.js
ERR: 非法操作:js

[ 2015-03-26T18:45:02+08:00 ] ::1 /tkphp/Home/User/twitter/jquery.tweet.js
ERR: 非法操作:twitter

[ 2015-03-26T18:45:02+08:00 ] ::1 /tkphp/Home/User/js/tinynav.min.js
ERR: 非法操作:js

[ 2015-03-26T18:45:38+08:00 ] ::1 /tkphp/Home/User/twitter/jquery.tweet.js
ERR: 非法操作:twitter

[ 2015-03-26T18:45:38+08:00 ] ::1 /tkphp/Home/User/js/tinynav.min.js
ERR: 非法操作:js

[ 2015-03-26T18:45:57+08:00 ] ::1 /tkphp/Home/User/twitter/jquery.tweet.js
ERR: 非法操作:twitter

[ 2015-03-26T18:45:57+08:00 ] ::1 /tkphp/Home/User/js/tinynav.min.js
ERR: 非法操作:js

[ 2015-03-26T18:45:58+08:00 ] ::1 /tkphp/Home/User/twitter/jquery.tweet.js
ERR: 非法操作:twitter

[ 2015-03-26T18:45:58+08:00 ] ::1 /tkphp/Home/User/js/tinynav.min.js
ERR: 非法操作:js

[ 2015-03-26T18:49:24+08:00 ] ::1 /tkphp/Home/User/twitter/jquery.tweet.js
ERR: 非法操作:twitter

[ 2015-03-26T18:49:24+08:00 ] ::1 /tkphp/Home/User/js/tinynav.min.js
ERR: 非法操作:js

[ 2015-03-26T18:49:30+08:00 ] ::1 /tkphp/Home/User/twitter/jquery.tweet.js
ERR: 非法操作:twitter

[ 2015-03-26T18:49:30+08:00 ] ::1 /tkphp/Home/User/js/tinynav.min.js
ERR: 非法操作:js

[ 2015-03-26T18:50:12+08:00 ] ::1 /tkphp/Home/User/twitter/jquery.tweet.js
ERR: 非法操作:twitter

[ 2015-03-26T18:50:12+08:00 ] ::1 /tkphp/Home/User/js/tinynav.min.js
ERR: 非法操作:js

[ 2015-03-26T18:50:50+08:00 ] ::1 /tkphp/Home/User/twitter/jquery.tweet.js
ERR: 非法操作:twitter

[ 2015-03-26T18:50:50+08:00 ] ::1 /tkphp/Home/User/js/tinynav.min.js
ERR: 非法操作:js

[ 2015-03-26T18:50:53+08:00 ] ::1 /tkphp/Home/User/twitter/jquery.tweet.js
ERR: 非法操作:twitter

[ 2015-03-26T18:50:53+08:00 ] ::1 /tkphp/Home/User/js/tinynav.min.js
ERR: 非法操作:js

[ 2015-03-26T18:50:54+08:00 ] ::1 /tkphp/Home/User/twitter/jquery.tweet.js
ERR: 非法操作:twitter

[ 2015-03-26T18:50:54+08:00 ] ::1 /tkphp/Home/User/js/tinynav.min.js
ERR: 非法操作:js

[ 2015-03-26T18:51:11+08:00 ] ::1 /tkphp/Home/User/twitter/jquery.tweet.js
ERR: 非法操作:twitter

[ 2015-03-26T18:51:11+08:00 ] ::1 /tkphp/Home/User/js/tinynav.min.js
ERR: 非法操作:js

[ 2015-03-26T18:51:12+08:00 ] ::1 /tkphp/Home/User/twitter/jquery.tweet.js
ERR: 非法操作:twitter

[ 2015-03-26T18:51:12+08:00 ] ::1 /tkphp/Home/User/js/tinynav.min.js
ERR: 非法操作:js

[ 2015-03-26T18:51:12+08:00 ] ::1 /tkphp/Home/User/twitter/jquery.tweet.js
ERR: 非法操作:twitter

[ 2015-03-26T18:51:12+08:00 ] ::1 /tkphp/Home/User/js/tinynav.min.js
ERR: 非法操作:js

[ 2015-03-26T18:52:14+08:00 ] ::1 /tkphp/Home/User/twitter/jquery.tweet.js
ERR: 非法操作:twitter

[ 2015-03-26T18:52:14+08:00 ] ::1 /tkphp/Home/User/js/tinynav.min.js
ERR: 非法操作:js

[ 2015-03-26T18:52:16+08:00 ] ::1 /tkphp/Home/User/twitter/jquery.tweet.js
ERR: 非法操作:twitter

[ 2015-03-26T18:52:16+08:00 ] ::1 /tkphp/Home/User/js/tinynav.min.js
ERR: 非法操作:js

[ 2015-03-26T18:52:17+08:00 ] ::1 /tkphp/Home/User/twitter/jquery.tweet.js
ERR: 非法操作:twitter

[ 2015-03-26T18:52:17+08:00 ] ::1 /tkphp/Home/User/twitter/jquery.tweet.js
ERR: 非法操作:twitter

[ 2015-03-26T18:52:17+08:00 ] ::1 /tkphp/Home/User/twitter/jquery.tweet.js
ERR: 非法操作:twitter

[ 2015-03-26T18:52:17+08:00 ] ::1 /tkphp/Home/User/js/tinynav.min.js
ERR: 非法操作:js

[ 2015-03-26T18:52:30+08:00 ] ::1 /tkphp/Home/User/twitter/jquery.tweet.js
ERR: 非法操作:twitter

[ 2015-03-26T18:52:30+08:00 ] ::1 /tkphp/Home/User/js/tinynav.min.js
ERR: 非法操作:js

[ 2015-03-26T18:52:31+08:00 ] ::1 /tkphp/Home/User/twitter/jquery.tweet.js
ERR: 非法操作:twitter

[ 2015-03-26T18:52:31+08:00 ] ::1 /tkphp/Home/User/js/tinynav.min.js
ERR: 非法操作:js

[ 2015-03-26T18:52:50+08:00 ] ::1 /tkphp/Home/User/twitter/jquery.tweet.js
ERR: 非法操作:twitter

[ 2015-03-26T18:52:50+08:00 ] ::1 /tkphp/Home/User/js/tinynav.min.js
ERR: 非法操作:js

[ 2015-03-26T18:53:09+08:00 ] ::1 /tkphp/Home/User/regist
ERR: 非法操作:regist

[ 2015-03-26T18:53:22+08:00 ] ::1 /tkphp/Home/User/twitter/jquery.tweet.js
ERR: 非法操作:twitter

[ 2015-03-26T18:53:22+08:00 ] ::1 /tkphp/Home/User/js/tinynav.min.js
ERR: 非法操作:js

[ 2015-03-26T18:53:37+08:00 ] ::1 /tkphp/Home/Index/twitter/jquery.tweet.js
ERR: 非法操作:twitter

[ 2015-03-26T18:53:37+08:00 ] ::1 /tkphp/Home/Index/js/tinynav.min.js
ERR: 非法操作:js

[ 2015-03-26T18:53:51+08:00 ] ::1 /tkphp/Home/Index/twitter/jquery.tweet.js
ERR: 非法操作:twitter

[ 2015-03-26T18:53:51+08:00 ] ::1 /tkphp/Home/Index/js/tinynav.min.js
ERR: 非法操作:js

[ 2015-03-26T18:53:52+08:00 ] ::1 /tkphp/Home/User/twitter/jquery.tweet.js
ERR: 非法操作:twitter

[ 2015-03-26T18:53:52+08:00 ] ::1 /tkphp/Home/User/js/tinynav.min.js
ERR: 非法操作:js

[ 2015-03-26T18:53:54+08:00 ] ::1 /tkphp/Home/User/twitter/jquery.tweet.js
ERR: 非法操作:twitter

[ 2015-03-26T18:53:54+08:00 ] ::1 /tkphp/Home/User/js/tinynav.min.js
ERR: 非法操作:js

[ 2015-03-26T18:55:36+08:00 ] ::1 /tkphp/Home/User/twitter/jquery.tweet.js
ERR: 非法操作:twitter

[ 2015-03-26T18:55:36+08:00 ] ::1 /tkphp/Home/User/js/tinynav.min.js
ERR: 非法操作:js

[ 2015-03-26T18:55:38+08:00 ] ::1 /tkphp/Home/Index/twitter/jquery.tweet.js
ERR: 非法操作:twitter

[ 2015-03-26T18:55:38+08:00 ] ::1 /tkphp/Home/Index/js/tinynav.min.js
ERR: 非法操作:js

[ 2015-03-26T18:56:42+08:00 ] ::1 /tkphp/Home/Index/twitter/jquery.tweet.js
ERR: 非法操作:twitter

[ 2015-03-26T18:56:42+08:00 ] ::1 /tkphp/Home/Index/js/tinynav.min.js
ERR: 非法操作:js

[ 2015-03-26T18:56:45+08:00 ] ::1 /tkphp/Home/User/twitter/jquery.tweet.js
ERR: 非法操作:twitter

[ 2015-03-26T18:56:45+08:00 ] ::1 /tkphp/Home/User/js/tinynav.min.js
ERR: 非法操作:js

[ 2015-03-26T18:56:52+08:00 ] ::1 /tkphp/Home/Index/twitter/jquery.tweet.js
ERR: 非法操作:twitter

[ 2015-03-26T18:56:52+08:00 ] ::1 /tkphp/Home/Index/js/tinynav.min.js
ERR: 非法操作:js

[ 2015-03-26T18:57:09+08:00 ] ::1 /tkphp/Home/User/twitter/jquery.tweet.js
ERR: 非法操作:twitter

[ 2015-03-26T18:57:09+08:00 ] ::1 /tkphp/Home/User/js/tinynav.min.js
ERR: 非法操作:js

[ 2015-03-26T18:57:15+08:00 ] ::1 /tkphp/Home/User/twitter/jquery.tweet.js
ERR: 非法操作:twitter

[ 2015-03-26T18:57:15+08:00 ] ::1 /tkphp/Home/User/js/tinynav.min.js
ERR: 非法操作:js

[ 2015-03-26T18:58:25+08:00 ] ::1 /tkphp/Home/User/twitter/jquery.tweet.js
ERR: 非法操作:twitter

[ 2015-03-26T18:58:25+08:00 ] ::1 /tkphp/Home/User/js/tinynav.min.js
ERR: 非法操作:js

[ 2015-03-26T18:58:27+08:00 ] ::1 /tkphp/Home/User/twitter/jquery.tweet.js
ERR: 非法操作:twitter

[ 2015-03-26T18:58:27+08:00 ] ::1 /tkphp/Home/User/js/tinynav.min.js
ERR: 非法操作:js

[ 2015-03-26T18:59:12+08:00 ] ::1 /tkphp/Home/User/twitter/jquery.tweet.js
ERR: 非法操作:twitter

[ 2015-03-26T18:59:12+08:00 ] ::1 /tkphp/Home/User/js/tinynav.min.js
ERR: 非法操作:js

[ 2015-03-26T18:59:21+08:00 ] ::1 /tkphp/Home/User/twitter/jquery.tweet.js
ERR: 非法操作:twitter

[ 2015-03-26T18:59:21+08:00 ] ::1 /tkphp/Home/User/js/tinynav.min.js
ERR: 非法操作:js

[ 2015-03-26T18:59:22+08:00 ] ::1 /tkphp/Home/User/twitter/jquery.tweet.js
ERR: 非法操作:twitter

[ 2015-03-26T18:59:22+08:00 ] ::1 /tkphp/Home/User/js/tinynav.min.js
ERR: 非法操作:js

[ 2015-03-26T18:59:31+08:00 ] ::1 /tkphp/Home/User/twitter/jquery.tweet.js
ERR: 非法操作:twitter

[ 2015-03-26T18:59:31+08:00 ] ::1 /tkphp/Home/User/js/tinynav.min.js
ERR: 非法操作:js

[ 2015-03-26T20:46:52+08:00 ] ::1 /tkphp/Home/Index/twitter/jquery.tweet.js
ERR: 非法操作:twitter

[ 2015-03-26T20:46:52+08:00 ] ::1 /tkphp/Home/Index/js/tinynav.min.js
ERR: 非法操作:js

[ 2015-03-26T20:48:01+08:00 ] ::1 /tkphp/Home/Index/twitter/jquery.tweet.js
ERR: 非法操作:twitter

[ 2015-03-26T20:48:01+08:00 ] ::1 /tkphp/Home/Index/js/tinynav.min.js
ERR: 非法操作:js

[ 2015-03-26T20:49:01+08:00 ] ::1 /tkphp/Home/Index/twitter/jquery.tweet.js
ERR: 非法操作:twitter

[ 2015-03-26T20:49:01+08:00 ] ::1 /tkphp/Home/Index/js/tinynav.min.js
ERR: 非法操作:js

[ 2015-03-26T20:49:53+08:00 ] ::1 /tkphp/Home/Index/twitter/jquery.tweet.js
ERR: 非法操作:twitter

[ 2015-03-26T20:49:53+08:00 ] ::1 /tkphp/Home/Index/js/tinynav.min.js
ERR: 非法操作:js

[ 2015-03-26T20:50:51+08:00 ] ::1 /tkphp/Home/Index/twitter/jquery.tweet.js
ERR: 非法操作:twitter

[ 2015-03-26T20:50:51+08:00 ] ::1 /tkphp/Home/Index/js/tinynav.min.js
ERR: 非法操作:js

[ 2015-03-26T20:53:11+08:00 ] ::1 /tkphp/Home/Index/twitter/jquery.tweet.js
ERR: 非法操作:twitter

[ 2015-03-26T20:53:11+08:00 ] ::1 /tkphp/Home/Index/js/tinynav.min.js
ERR: 非法操作:js

[ 2015-03-26T21:15:33+08:00 ] ::1 /tkphp/Home/Product/index.html
INFO: [ app_begin ] --START--
INFO: Run Behavior\ReadHtmlCacheBehavior [ RunTime:0.000696s ]
INFO: [ app_begin ] --END-- [ RunTime:0.001064s ]
INFO: [ view_parse ] --START--
INFO: [ template_filter ] --START--
INFO: Run Behavior\ContentReplaceBehavior [ RunTime:0.000470s ]
INFO: [ template_filter ] --END-- [ RunTime:0.000523s ]
NOTIC: [8] Undefined index: user D:\XAMMP\htdocs\tkphp\Application\Runtime\Cache\Home\3458861da0342b1f9413030055ee3fb6.php 第 68 行.
INFO: Run Behavior\ParseTemplateBehavior [ RunTime:0.106393s ]
INFO: [ view_parse ] --END-- [ RunTime:0.106450s ]
INFO: [ view_filter ] --START--
INFO: Run Behavior\WriteHtmlCacheBehavior [ RunTime:0.000480s ]
INFO: [ view_filter ] --END-- [ RunTime:0.000514s ]
INFO: [ app_end ] --START--
INFO: Run Behavior\ShowPageTraceBehavior [ RunTime:0.000760s ]
INFO: [ app_end ] --END-- [ RunTime:0.000826s ]

