[ 2015-04-01T11:45:48+08:00 ] ::1 /tkphp/Home/Index/twitter/jquery.tweet.js
ERR: 非法操作:twitter

[ 2015-04-01T11:45:48+08:00 ] ::1 /tkphp/Home/Index/js/tinynav.min.js
ERR: 非法操作:js

[ 2015-04-01T12:09:19+08:00 ] ::1 /tkphp/Home/Index/twitter/jquery.tweet.js
ERR: 非法操作:twitter

[ 2015-04-01T12:09:19+08:00 ] ::1 /tkphp/Home/Index/js/tinynav.min.js
ERR: 非法操作:js

[ 2015-04-01T12:09:40+08:00 ] ::1 /tkphp/Home/Index/compare_products.html
ERR: 非法操作:compare_products

[ 2015-04-01T12:09:42+08:00 ] ::1 /tkphp/Home/Index/twitter/jquery.tweet.js
ERR: 非法操作:twitter

[ 2015-04-01T12:09:42+08:00 ] ::1 /tkphp/Home/Index/js/tinynav.min.js
ERR: 非法操作:js

[ 2015-04-01T12:54:50+08:00 ] ::1 /tkphp/Home/Blog/twitter/jquery.tweet.js
ERR: 非法操作:twitter

[ 2015-04-01T12:54:50+08:00 ] ::1 /tkphp/Home/Blog/js/tinynav.min.js
ERR: 非法操作:js

[ 2015-04-01T12:55:34+08:00 ] ::1 /tkphp/Home/Index/twitter/jquery.tweet.js
ERR: 非法操作:twitter

[ 2015-04-01T12:55:34+08:00 ] ::1 /tkphp/Home/Index/js/tinynav.min.js
ERR: 非法操作:js

[ 2015-04-01T13:12:33+08:00 ] ::1 /tkphp/Home/Index/twitter/jquery.tweet.js
ERR: 非法操作:twitter

[ 2015-04-01T13:12:33+08:00 ] ::1 /tkphp/Home/Index/js/tinynav.min.js
ERR: 非法操作:js

[ 2015-04-01T13:12:38+08:00 ] ::1 /tkphp/Home/User/twitter/jquery.tweet.js
ERR: 非法操作:twitter

[ 2015-04-01T13:12:38+08:00 ] ::1 /tkphp/Home/User/js/tinynav.min.js
ERR: 非法操作:js

[ 2015-04-01T13:12:42+08:00 ] ::1 /tkphp/Home/User/twitter/jquery.tweet.js
ERR: 非法操作:twitter

[ 2015-04-01T13:12:42+08:00 ] ::1 /tkphp/Home/User/js/tinynav.min.js
ERR: 非法操作:js

[ 2015-04-01T13:13:51+08:00 ] ::1 /tkphp/Home/User/twitter/jquery.tweet.js
ERR: 非法操作:twitter

[ 2015-04-01T13:13:51+08:00 ] ::1 /tkphp/Home/User/js/tinynav.min.js
ERR: 非法操作:js

[ 2015-04-01T13:15:03+08:00 ] ::1 /tkphp/Home/User/twitter/jquery.tweet.js
ERR: 非法操作:twitter

[ 2015-04-01T13:15:03+08:00 ] ::1 /tkphp/Home/User/js/tinynav.min.js
ERR: 非法操作:js

[ 2015-04-01T13:16:54+08:00 ] ::1 /tkphp/Home/User/twitter/jquery.tweet.js
ERR: 非法操作:twitter

[ 2015-04-01T13:16:54+08:00 ] ::1 /tkphp/Home/User/js/tinynav.min.js
ERR: 非法操作:js

[ 2015-04-01T13:17:36+08:00 ] ::1 /tkphp/Home/Index/twitter/jquery.tweet.js
ERR: 非法操作:twitter

[ 2015-04-01T13:17:36+08:00 ] ::1 /tkphp/Home/Index/js/tinynav.min.js
ERR: 非法操作:js

[ 2015-04-01T13:19:06+08:00 ] ::1 /tkphp/Home/Index/twitter/jquery.tweet.js
ERR: 非法操作:twitter

[ 2015-04-01T13:19:06+08:00 ] ::1 /tkphp/Home/Index/js/tinynav.min.js
ERR: 非法操作:js

[ 2015-04-01T13:19:11+08:00 ] ::1 /tkphp/Home/Index/twitter/jquery.tweet.js
ERR: 非法操作:twitter

[ 2015-04-01T13:19:11+08:00 ] ::1 /tkphp/Home/Index/js/tinynav.min.js
ERR: 非法操作:js

[ 2015-04-01T13:21:20+08:00 ] ::1 /tkphp/Home/Index/twitter/jquery.tweet.js
ERR: 非法操作:twitter

[ 2015-04-01T13:21:20+08:00 ] ::1 /tkphp/Home/Index/js/tinynav.min.js
ERR: 非法操作:js

[ 2015-04-01T13:21:24+08:00 ] ::1 /tkphp/Home/Index/twitter/jquery.tweet.js
ERR: 非法操作:twitter

[ 2015-04-01T13:21:24+08:00 ] ::1 /tkphp/Home/Index/js/tinynav.min.js
ERR: 非法操作:js

[ 2015-04-01T13:21:26+08:00 ] ::1 /tkphp/Home/Product/twitter/jquery.tweet.js
ERR: 非法操作:twitter

[ 2015-04-01T13:21:26+08:00 ] ::1 /tkphp/Home/Product/js/tinynav.min.js
ERR: 非法操作:js

[ 2015-04-01T13:21:32+08:00 ] ::1 /tkphp/Home/Product/twitter/jquery.tweet.js
ERR: 非法操作:twitter

[ 2015-04-01T13:21:32+08:00 ] ::1 /tkphp/Home/Product/js/tinynav.min.js
ERR: 非法操作:js

[ 2015-04-01T13:21:33+08:00 ] ::1 /tkphp/Home/Product/twitter/jquery.tweet.js
ERR: 非法操作:twitter

[ 2015-04-01T13:21:33+08:00 ] ::1 /tkphp/Home/Product/js/tinynav.min.js
ERR: 非法操作:js

[ 2015-04-01T13:21:34+08:00 ] ::1 /tkphp/Home/Blog/twitter/jquery.tweet.js
ERR: 非法操作:twitter

[ 2015-04-01T13:21:34+08:00 ] ::1 /tkphp/Home/Blog/js/tinynav.min.js
ERR: 非法操作:js

[ 2015-04-01T13:21:35+08:00 ] ::1 /tkphp/Home/Index/twitter/jquery.tweet.js
ERR: 非法操作:twitter

[ 2015-04-01T13:21:35+08:00 ] ::1 /tkphp/Home/Index/js/tinynav.min.js
ERR: 非法操作:js

[ 2015-04-01T13:21:39+08:00 ] ::1 /tkphp/Home/Index/twitter/jquery.tweet.js
ERR: 非法操作:twitter

[ 2015-04-01T13:21:39+08:00 ] ::1 /tkphp/Home/Index/js/tinynav.min.js
ERR: 非法操作:js

[ 2015-04-01T13:23:28+08:00 ] ::1 /tkphp/Home/Index/twitter/jquery.tweet.js
ERR: 非法操作:twitter

[ 2015-04-01T13:23:28+08:00 ] ::1 /tkphp/Home/Index/js/tinynav.min.js
ERR: 非法操作:js

[ 2015-04-01T13:25:16+08:00 ] ::1 /tkphp/Home/Index/twitter/jquery.tweet.js
ERR: 非法操作:twitter

[ 2015-04-01T13:25:16+08:00 ] ::1 /tkphp/Home/Index/js/tinynav.min.js
ERR: 非法操作:js

[ 2015-04-01T13:25:40+08:00 ] ::1 /tkphp/Home/Index/twitter/jquery.tweet.js
ERR: 非法操作:twitter

[ 2015-04-01T13:25:40+08:00 ] ::1 /tkphp/Home/Index/js/tinynav.min.js
ERR: 非法操作:js

[ 2015-04-01T13:26:15+08:00 ] ::1 /tkphp/Home/Index/twitter/jquery.tweet.js
ERR: 非法操作:twitter

[ 2015-04-01T13:26:15+08:00 ] ::1 /tkphp/Home/Index/js/tinynav.min.js
ERR: 非法操作:js

[ 2015-04-01T13:26:41+08:00 ] ::1 /tkphp/Home/Index/twitter/jquery.tweet.js
ERR: 非法操作:twitter

[ 2015-04-01T13:26:41+08:00 ] ::1 /tkphp/Home/Index/js/tinynav.min.js
ERR: 非法操作:js

[ 2015-04-01T13:27:11+08:00 ] ::1 /tkphp/Home/Index/twitter/jquery.tweet.js
ERR: 非法操作:twitter

[ 2015-04-01T13:27:11+08:00 ] ::1 /tkphp/Home/Index/js/tinynav.min.js
ERR: 非法操作:js

[ 2015-04-01T13:28:40+08:00 ] ::1 /tkphp/Home/Index/twitter/jquery.tweet.js
ERR: 非法操作:twitter

[ 2015-04-01T13:28:40+08:00 ] ::1 /tkphp/Home/Index/js/tinynav.min.js
ERR: 非法操作:js

[ 2015-04-01T13:29:11+08:00 ] ::1 /tkphp/Home/Index/twitter/jquery.tweet.js
ERR: 非法操作:twitter

[ 2015-04-01T13:29:11+08:00 ] ::1 /tkphp/Home/Index/js/tinynav.min.js
ERR: 非法操作:js

[ 2015-04-01T13:44:07+08:00 ] ::1 /tkphp/Home/Index/twitter/jquery.tweet.js
ERR: 非法操作:twitter

[ 2015-04-01T13:44:07+08:00 ] ::1 /tkphp/Home/Index/js/tinynav.min.js
ERR: 非法操作:js

[ 2015-04-01T13:48:42+08:00 ] ::1 /tkphp/Home/Index/twitter/jquery.tweet.js
ERR: 非法操作:twitter

[ 2015-04-01T13:48:42+08:00 ] ::1 /tkphp/Home/Index/js/tinynav.min.js
ERR: 非法操作:js

[ 2015-04-01T13:50:06+08:00 ] ::1 /tkphp/Home/Index/twitter/jquery.tweet.js
ERR: 非法操作:twitter

[ 2015-04-01T13:50:06+08:00 ] ::1 /tkphp/Home/Index/js/tinynav.min.js
ERR: 非法操作:js

[ 2015-04-01T13:50:38+08:00 ] ::1 /tkphp/Home/Index/twitter/jquery.tweet.js
ERR: 非法操作:twitter

[ 2015-04-01T13:50:38+08:00 ] ::1 /tkphp/Home/Index/js/tinynav.min.js
ERR: 非法操作:js

[ 2015-04-01T13:54:18+08:00 ] ::1 /tkphp/Home/Index/twitter/jquery.tweet.js
ERR: 非法操作:twitter

[ 2015-04-01T13:54:18+08:00 ] ::1 /tkphp/Home/Index/js/tinynav.min.js
ERR: 非法操作:js

[ 2015-04-01T13:54:51+08:00 ] ::1 /tkphp/Home/Index/twitter/jquery.tweet.js
ERR: 非法操作:twitter

[ 2015-04-01T13:54:51+08:00 ] ::1 /tkphp/Home/Index/js/tinynav.min.js
ERR: 非法操作:js

[ 2015-04-01T13:55:57+08:00 ] ::1 /tkphp/Home/Index/twitter/jquery.tweet.js
ERR: 非法操作:twitter

[ 2015-04-01T13:55:57+08:00 ] ::1 /tkphp/Home/Index/js/tinynav.min.js
ERR: 非法操作:js

[ 2015-04-01T13:56:37+08:00 ] ::1 /tkphp/Home/Index/twitter/jquery.tweet.js
ERR: 非法操作:twitter

[ 2015-04-01T13:56:37+08:00 ] ::1 /tkphp/Home/Index/js/tinynav.min.js
ERR: 非法操作:js

[ 2015-04-01T13:56:42+08:00 ] ::1 /tkphp/Home/Index/twitter/jquery.tweet.js
ERR: 非法操作:twitter

[ 2015-04-01T13:56:42+08:00 ] ::1 /tkphp/Home/Index/js/tinynav.min.js
ERR: 非法操作:js

[ 2015-04-01T14:16:48+08:00 ] ::1 /tkphp/Home/Index/twitter/jquery.tweet.js
ERR: 非法操作:twitter

[ 2015-04-01T14:16:48+08:00 ] ::1 /tkphp/Home/Index/js/tinynav.min.js
ERR: 非法操作:js

[ 2015-04-01T14:17:19+08:00 ] ::1 /tkphp/Home/Index/twitter/jquery.tweet.js
ERR: 非法操作:twitter

[ 2015-04-01T14:17:19+08:00 ] ::1 /tkphp/Home/Index/js/tinynav.min.js
ERR: 非法操作:js

[ 2015-04-01T14:21:12+08:00 ] ::1 /tkphp/Home/Index/twitter/jquery.tweet.js
ERR: 非法操作:twitter

[ 2015-04-01T14:21:12+08:00 ] ::1 /tkphp/Home/Index/js/tinynav.min.js
ERR: 非法操作:js

[ 2015-04-01T14:22:50+08:00 ] ::1 /tkphp/Home/Index/twitter/jquery.tweet.js
ERR: 非法操作:twitter

[ 2015-04-01T14:22:50+08:00 ] ::1 /tkphp/Home/Index/js/tinynav.min.js
ERR: 非法操作:js

[ 2015-04-01T14:24:46+08:00 ] ::1 /tkphp/Home/Index/twitter/jquery.tweet.js
ERR: 非法操作:twitter

[ 2015-04-01T14:24:46+08:00 ] ::1 /tkphp/Home/Index/js/tinynav.min.js
ERR: 非法操作:js

[ 2015-04-01T14:25:35+08:00 ] ::1 /tkphp/Home/Index/twitter/jquery.tweet.js
ERR: 非法操作:twitter

[ 2015-04-01T14:25:35+08:00 ] ::1 /tkphp/Home/Index/js/tinynav.min.js
ERR: 非法操作:js

[ 2015-04-01T14:30:31+08:00 ] ::1 /tkphp/Home/Index/twitter/jquery.tweet.js
ERR: 非法操作:twitter

[ 2015-04-01T14:30:31+08:00 ] ::1 /tkphp/Home/Index/js/tinynav.min.js
ERR: 非法操作:js

[ 2015-04-01T14:30:33+08:00 ] ::1 /tkphp/Home/Index/twitter/jquery.tweet.js
ERR: 非法操作:twitter

[ 2015-04-01T14:30:33+08:00 ] ::1 /tkphp/Home/Index/js/tinynav.min.js
ERR: 非法操作:js

[ 2015-04-01T14:31:21+08:00 ] ::1 /tkphp/Home/Index/twitter/jquery.tweet.js
ERR: 非法操作:twitter

[ 2015-04-01T14:31:21+08:00 ] ::1 /tkphp/Home/Index/js/tinynav.min.js
ERR: 非法操作:js

[ 2015-04-01T14:31:24+08:00 ] ::1 /tkphp/Home/Index/twitter/jquery.tweet.js
ERR: 非法操作:twitter

[ 2015-04-01T14:31:24+08:00 ] ::1 /tkphp/Home/Index/js/tinynav.min.js
ERR: 非法操作:js

[ 2015-04-01T14:33:02+08:00 ] ::1 /tkphp/Home/Index/twitter/jquery.tweet.js
ERR: 非法操作:twitter

[ 2015-04-01T14:33:02+08:00 ] ::1 /tkphp/Home/Index/js/tinynav.min.js
ERR: 非法操作:js

[ 2015-04-01T14:33:04+08:00 ] ::1 /tkphp/Home/Index/twitter/jquery.tweet.js
ERR: 非法操作:twitter

[ 2015-04-01T14:33:04+08:00 ] ::1 /tkphp/Home/Index/js/tinynav.min.js
ERR: 非法操作:js

[ 2015-04-01T14:33:37+08:00 ] ::1 /tkphp/Home/Index/twitter/jquery.tweet.js
ERR: 非法操作:twitter

[ 2015-04-01T14:33:37+08:00 ] ::1 /tkphp/Home/Index/js/tinynav.min.js
ERR: 非法操作:js

[ 2015-04-01T14:36:15+08:00 ] ::1 /tkphp/Home/Index/twitter/jquery.tweet.js
ERR: 非法操作:twitter

[ 2015-04-01T14:36:15+08:00 ] ::1 /tkphp/Home/Index/js/tinynav.min.js
ERR: 非法操作:js

[ 2015-04-01T14:36:56+08:00 ] ::1 /tkphp/Home/Index/twitter/jquery.tweet.js
ERR: 非法操作:twitter

[ 2015-04-01T14:36:56+08:00 ] ::1 /tkphp/Home/Index/js/tinynav.min.js
ERR: 非法操作:js

[ 2015-04-01T14:37:08+08:00 ] ::1 /tkphp/Home/Index/twitter/jquery.tweet.js
ERR: 非法操作:twitter

[ 2015-04-01T14:37:08+08:00 ] ::1 /tkphp/Home/Index/js/tinynav.min.js
ERR: 非法操作:js

[ 2015-04-01T14:37:22+08:00 ] ::1 /tkphp/Home/Index/twitter/jquery.tweet.js
ERR: 非法操作:twitter

[ 2015-04-01T14:37:22+08:00 ] ::1 /tkphp/Home/Index/js/tinynav.min.js
ERR: 非法操作:js

[ 2015-04-01T14:38:07+08:00 ] ::1 /tkphp/Home/Product/twitter/jquery.tweet.js
ERR: 非法操作:twitter

[ 2015-04-01T14:38:08+08:00 ] ::1 /tkphp/Home/Product/js/tinynav.min.js
ERR: 非法操作:js

[ 2015-04-01T14:38:34+08:00 ] ::1 /tkphp/Home/Index/twitter/jquery.tweet.js
ERR: 非法操作:twitter

[ 2015-04-01T14:38:34+08:00 ] ::1 /tkphp/Home/Index/js/tinynav.min.js
ERR: 非法操作:js

[ 2015-04-01T14:39:27+08:00 ] ::1 /tkphp/Home/Index/twitter/jquery.tweet.js
ERR: 非法操作:twitter

[ 2015-04-01T14:39:27+08:00 ] ::1 /tkphp/Home/Index/js/tinynav.min.js
ERR: 非法操作:js

[ 2015-04-01T14:39:28+08:00 ] ::1 /tkphp/Home/Product/twitter/jquery.tweet.js
ERR: 非法操作:twitter

[ 2015-04-01T14:39:28+08:00 ] ::1 /tkphp/Home/Product/js/tinynav.min.js
ERR: 非法操作:js

[ 2015-04-01T14:39:30+08:00 ] ::1 /tkphp/Home/Product/twitter/jquery.tweet.js
ERR: 非法操作:twitter

[ 2015-04-01T14:39:30+08:00 ] ::1 /tkphp/Home/Product/js/tinynav.min.js
ERR: 非法操作:js

[ 2015-04-01T14:40:20+08:00 ] ::1 /tkphp/Home/Index/twitter/jquery.tweet.js
ERR: 非法操作:twitter

[ 2015-04-01T14:40:20+08:00 ] ::1 /tkphp/Home/Index/js/tinynav.min.js
ERR: 非法操作:js

[ 2015-04-01T14:41:27+08:00 ] ::1 /tkphp/Home/Index/products_page_v1.html
INFO: [ app_begin ] --START--
INFO: Run Behavior\ReadHtmlCacheBehavior [ RunTime:0.000764s ]
INFO: [ app_begin ] --END-- [ RunTime:0.001171s ]
ERR: 非法操作:products_page_v1

[ 2015-04-01T14:41:43+08:00 ] ::1 /tkphp/Home/Index/products_page_v1.html
INFO: [ app_begin ] --START--
INFO: Run Behavior\ReadHtmlCacheBehavior [ RunTime:0.000813s ]
INFO: [ app_begin ] --END-- [ RunTime:0.001249s ]
ERR: 非法操作:products_page_v1

[ 2015-04-01T14:44:11+08:00 ] ::1 /tkphp/Home/Index/twitter/jquery.tweet.js
ERR: 非法操作:twitter

[ 2015-04-01T14:44:11+08:00 ] ::1 /tkphp/Home/Index/js/tinynav.min.js
ERR: 非法操作:js

[ 2015-04-01T14:44:12+08:00 ] ::1 /tkphp/Home/User/twitter/jquery.tweet.js
ERR: 非法操作:twitter

[ 2015-04-01T14:44:12+08:00 ] ::1 /tkphp/Home/User/js/tinynav.min.js
ERR: 非法操作:js

[ 2015-04-01T14:44:18+08:00 ] ::1 /tkphp/Home/Bill/twitter/jquery.tweet.js
ERR: 非法操作:twitter

[ 2015-04-01T14:44:18+08:00 ] ::1 /tkphp/Home/Bill/js/tinynav.min.js
ERR: 非法操作:js

[ 2015-04-01T14:44:24+08:00 ] ::1 /tkphp/Home/Index/twitter/jquery.tweet.js
ERR: 非法操作:twitter

[ 2015-04-01T14:44:24+08:00 ] ::1 /tkphp/Home/Index/js/tinynav.min.js
ERR: 非法操作:js

[ 2015-04-01T17:37:26+08:00 ] ::1 /tkphp/Home/Product/index.html
INFO: [ app_begin ] --START--
INFO: Run Behavior\ReadHtmlCacheBehavior [ RunTime:0.000420s ]
INFO: [ app_begin ] --END-- [ RunTime:0.000734s ]
INFO: [ view_parse ] --START--
INFO: [ template_filter ] --START--
INFO: Run Behavior\ContentReplaceBehavior [ RunTime:0.000468s ]
INFO: [ template_filter ] --END-- [ RunTime:0.000549s ]
NOTIC: [8] Undefined index: user D:\XAMMP\htdocs\tkphp\Application\Runtime\Cache\Home\3458861da0342b1f9413030055ee3fb6.php 第 68 行.
INFO: Run Behavior\ParseTemplateBehavior [ RunTime:0.055106s ]
INFO: [ view_parse ] --END-- [ RunTime:0.055150s ]
INFO: [ view_filter ] --START--
INFO: Run Behavior\WriteHtmlCacheBehavior [ RunTime:0.000198s ]
INFO: [ view_filter ] --END-- [ RunTime:0.000229s ]
INFO: [ app_end ] --START--
INFO: Run Behavior\ShowPageTraceBehavior [ RunTime:0.000506s ]
INFO: [ app_end ] --END-- [ RunTime:0.000562s ]

[ 2015-04-01T17:39:35+08:00 ] ::1 /tkphp/Home/Product/index.html
INFO: [ app_begin ] --START--
INFO: Run Behavior\ReadHtmlCacheBehavior [ RunTime:0.000755s ]
INFO: [ app_begin ] --END-- [ RunTime:0.001191s ]
INFO: [ view_parse ] --START--
INFO: [ template_filter ] --START--
INFO: Run Behavior\ContentReplaceBehavior [ RunTime:0.000470s ]
INFO: [ template_filter ] --END-- [ RunTime:0.000557s ]
NOTIC: [8] Undefined index: user D:\XAMMP\htdocs\tkphp\Application\Runtime\Cache\Home\3458861da0342b1f9413030055ee3fb6.php 第 68 行.
INFO: Run Behavior\ParseTemplateBehavior [ RunTime:0.035050s ]
INFO: [ view_parse ] --END-- [ RunTime:0.035131s ]
INFO: [ view_filter ] --START--
INFO: Run Behavior\WriteHtmlCacheBehavior [ RunTime:0.000558s ]
INFO: [ view_filter ] --END-- [ RunTime:0.000594s ]
INFO: [ app_end ] --START--
INFO: Run Behavior\ShowPageTraceBehavior [ RunTime:0.000771s ]
INFO: [ app_end ] --END-- [ RunTime:0.000827s ]

[ 2015-04-01T17:43:45+08:00 ] ::1 /tkphp/Home/Blog/twitter/jquery.tweet.js
ERR: 非法操作:twitter

[ 2015-04-01T17:43:45+08:00 ] ::1 /tkphp/Home/Blog/js/tinynav.min.js
ERR: 非法操作:js

[ 2015-04-01T17:44:03+08:00 ] ::1 /tkphp/Home/User/twitter/jquery.tweet.js
ERR: 非法操作:twitter

[ 2015-04-01T17:44:03+08:00 ] ::1 /tkphp/Home/User/js/tinynav.min.js
ERR: 非法操作:js

[ 2015-04-01T17:58:45+08:00 ] ::1 /tkphp/Home/User/twitter/jquery.tweet.js
ERR: 非法操作:twitter

[ 2015-04-01T17:58:45+08:00 ] ::1 /tkphp/Home/User/js/tinynav.min.js
ERR: 非法操作:js

[ 2015-04-01T17:58:47+08:00 ] ::1 /tkphp/Home/Index/twitter/jquery.tweet.js
ERR: 非法操作:twitter

[ 2015-04-01T17:58:48+08:00 ] ::1 /tkphp/Home/Index/js/tinynav.min.js
ERR: 非法操作:js

[ 2015-04-01T18:00:12+08:00 ] ::1 /tkphp/Home/Index/twitter/jquery.tweet.js
ERR: 非法操作:twitter

[ 2015-04-01T18:00:12+08:00 ] ::1 /tkphp/Home/Index/js/tinynav.min.js
ERR: 非法操作:js

[ 2015-04-01T18:03:51+08:00 ] ::1 /tkphp/Home/Index/twitter/jquery.tweet.js
ERR: 非法操作:twitter

[ 2015-04-01T18:03:51+08:00 ] ::1 /tkphp/Home/Index/js/tinynav.min.js
ERR: 非法操作:js

[ 2015-04-01T18:04:39+08:00 ] ::1 /tkphp/Home/Index/twitter/jquery.tweet.js
ERR: 非法操作:twitter

[ 2015-04-01T18:04:39+08:00 ] ::1 /tkphp/Home/Index/js/tinynav.min.js
ERR: 非法操作:js

[ 2015-04-01T18:05:39+08:00 ] ::1 /tkphp/Home/Index/twitter/jquery.tweet.js
ERR: 非法操作:twitter

[ 2015-04-01T18:05:39+08:00 ] ::1 /tkphp/Home/Index/js/tinynav.min.js
ERR: 非法操作:js

[ 2015-04-01T18:13:46+08:00 ] ::1 /tkphp/Home/Index/twitter/jquery.tweet.js
ERR: 非法操作:twitter

[ 2015-04-01T18:13:46+08:00 ] ::1 /tkphp/Home/Index/js/tinynav.min.js
ERR: 非法操作:js

[ 2015-04-01T18:13:48+08:00 ] ::1 /tkphp/Home/Index/twitter/jquery.tweet.js
ERR: 非法操作:twitter

[ 2015-04-01T18:13:48+08:00 ] ::1 /tkphp/Home/Index/js/tinynav.min.js
ERR: 非法操作:js

[ 2015-04-01T18:20:37+08:00 ] ::1 /tkphp/Home/Index/twitter/jquery.tweet.js
ERR: 非法操作:twitter

[ 2015-04-01T18:20:37+08:00 ] ::1 /tkphp/Home/Index/js/tinynav.min.js
ERR: 非法操作:js

[ 2015-04-01T18:20:38+08:00 ] ::1 /tkphp/Home/Index/twitter/jquery.tweet.js
ERR: 非法操作:twitter

[ 2015-04-01T18:20:39+08:00 ] ::1 /tkphp/Home/Index/js/tinynav.min.js
ERR: 非法操作:js

[ 2015-04-01T18:22:39+08:00 ] ::1 /tkphp/Home/Index/twitter/jquery.tweet.js
ERR: 非法操作:twitter

[ 2015-04-01T18:22:39+08:00 ] ::1 /tkphp/Home/Index/js/tinynav.min.js
ERR: 非法操作:js

[ 2015-04-01T18:36:10+08:00 ] ::1 /tkphp/Home/Index/twitter/jquery.tweet.js
ERR: 非法操作:twitter

[ 2015-04-01T18:36:10+08:00 ] ::1 /tkphp/Home/Index/js/tinynav.min.js
ERR: 非法操作:js

[ 2015-04-01T18:36:57+08:00 ] ::1 /tkphp/Home/Index/twitter/jquery.tweet.js
ERR: 非法操作:twitter

[ 2015-04-01T18:36:57+08:00 ] ::1 /tkphp/Home/Index/js/tinynav.min.js
ERR: 非法操作:js

[ 2015-04-01T18:37:19+08:00 ] ::1 /tkphp/Home/Index/twitter/jquery.tweet.js
ERR: 非法操作:twitter

[ 2015-04-01T18:37:19+08:00 ] ::1 /tkphp/Home/Index/js/tinynav.min.js
ERR: 非法操作:js

[ 2015-04-01T18:37:25+08:00 ] ::1 /tkphp/Home/Index/twitter/jquery.tweet.js
ERR: 非法操作:twitter

[ 2015-04-01T18:37:25+08:00 ] ::1 /tkphp/Home/Index/js/tinynav.min.js
ERR: 非法操作:js

[ 2015-04-01T18:37:27+08:00 ] ::1 /tkphp/Home/Index/twitter/jquery.tweet.js
ERR: 非法操作:twitter

[ 2015-04-01T18:37:27+08:00 ] ::1 /tkphp/Home/Index/js/tinynav.min.js
ERR: 非法操作:js

[ 2015-04-01T18:37:39+08:00 ] ::1 /tkphp/Home/Index/twitter/jquery.tweet.js
ERR: 非法操作:twitter

[ 2015-04-01T18:37:39+08:00 ] ::1 /tkphp/Home/Index/js/tinynav.min.js
ERR: 非法操作:js

[ 2015-04-01T18:38:03+08:00 ] ::1 /tkphp/Home/Index/twitter/jquery.tweet.js
ERR: 非法操作:twitter

[ 2015-04-01T18:38:03+08:00 ] ::1 /tkphp/Home/Index/js/tinynav.min.js
ERR: 非法操作:js

[ 2015-04-01T18:39:02+08:00 ] ::1 /tkphp/Home/Bill/twitter/jquery.tweet.js
ERR: 非法操作:twitter

[ 2015-04-01T18:39:02+08:00 ] ::1 /tkphp/Home/Bill/js/tinynav.min.js
ERR: 非法操作:js

[ 2015-04-01T18:39:11+08:00 ] ::1 /tkphp/Home/Bill/twitter/jquery.tweet.js
ERR: 非法操作:twitter

[ 2015-04-01T18:39:11+08:00 ] ::1 /tkphp/Home/Bill/js/tinynav.min.js
ERR: 非法操作:js

[ 2015-04-01T18:39:12+08:00 ] ::1 /tkphp/Home/User/twitter/jquery.tweet.js
ERR: 非法操作:twitter

[ 2015-04-01T18:39:12+08:00 ] ::1 /tkphp/Home/User/js/tinynav.min.js
ERR: 非法操作:js

[ 2015-04-01T18:39:18+08:00 ] ::1 /tkphp/Home/Bill/twitter/jquery.tweet.js
ERR: 非法操作:twitter

[ 2015-04-01T18:39:18+08:00 ] ::1 /tkphp/Home/Bill/js/tinynav.min.js
ERR: 非法操作:js

[ 2015-04-01T18:39:19+08:00 ] ::1 /tkphp/Home/Index/twitter/jquery.tweet.js
ERR: 非法操作:twitter

[ 2015-04-01T18:39:19+08:00 ] ::1 /tkphp/Home/Index/js/tinynav.min.js
ERR: 非法操作:js

[ 2015-04-01T18:39:20+08:00 ] ::1 /tkphp/Home/Index/twitter/jquery.tweet.js
ERR: 非法操作:twitter

[ 2015-04-01T18:39:20+08:00 ] ::1 /tkphp/Home/Index/js/tinynav.min.js
ERR: 非法操作:js

[ 2015-04-01T18:39:21+08:00 ] ::1 /tkphp/Home/Index/twitter/jquery.tweet.js
ERR: 非法操作:twitter

[ 2015-04-01T18:39:21+08:00 ] ::1 /tkphp/Home/Index/js/tinynav.min.js
ERR: 非法操作:js

[ 2015-04-01T18:39:21+08:00 ] ::1 /tkphp/Home/User/twitter/jquery.tweet.js
ERR: 非法操作:twitter

[ 2015-04-01T18:39:21+08:00 ] ::1 /tkphp/Home/User/js/tinynav.min.js
ERR: 非法操作:js

[ 2015-04-01T18:39:22+08:00 ] ::1 /tkphp/Home/User/twitter/jquery.tweet.js
ERR: 非法操作:twitter

[ 2015-04-01T18:39:22+08:00 ] ::1 /tkphp/Home/User/js/tinynav.min.js
ERR: 非法操作:js

[ 2015-04-01T18:39:23+08:00 ] ::1 /tkphp/Home/Index/twitter/jquery.tweet.js
ERR: 非法操作:twitter

[ 2015-04-01T18:39:23+08:00 ] ::1 /tkphp/Home/Index/js/tinynav.min.js
ERR: 非法操作:js

[ 2015-04-01T18:48:16+08:00 ] ::1 /tkphp/Home/Index/twitter/jquery.tweet.js
ERR: 非法操作:twitter

[ 2015-04-01T18:48:17+08:00 ] ::1 /tkphp/Home/Index/js/tinynav.min.js
ERR: 非法操作:js

[ 2015-04-01T18:48:18+08:00 ] ::1 /tkphp/Home/User/twitter/jquery.tweet.js
ERR: 非法操作:twitter

[ 2015-04-01T18:48:18+08:00 ] ::1 /tkphp/Home/User/js/tinynav.min.js
ERR: 非法操作:js

[ 2015-04-01T19:22:04+08:00 ] ::1 /tkphp/Home/Index/twitter/jquery.tweet.js
ERR: 非法操作:twitter

[ 2015-04-01T19:22:04+08:00 ] ::1 /tkphp/Home/Index/js/tinynav.min.js
ERR: 非法操作:js

[ 2015-04-01T19:22:05+08:00 ] ::1 /tkphp/Home/Index/twitter/jquery.tweet.js
ERR: 非法操作:twitter

[ 2015-04-01T19:22:05+08:00 ] ::1 /tkphp/Home/Index/js/tinynav.min.js
ERR: 非法操作:js

[ 2015-04-01T19:25:07+08:00 ] ::1 /tkphp/Home/Index/twitter/jquery.tweet.js
ERR: 非法操作:twitter

[ 2015-04-01T19:25:07+08:00 ] ::1 /tkphp/Home/Index/js/tinynav.min.js
ERR: 非法操作:js

[ 2015-04-01T19:25:33+08:00 ] ::1 /tkphp/Home/Index/twitter/jquery.tweet.js
ERR: 非法操作:twitter

[ 2015-04-01T19:25:33+08:00 ] ::1 /tkphp/Home/Index/js/tinynav.min.js
ERR: 非法操作:js

[ 2015-04-01T19:27:06+08:00 ] ::1 /tkphp/Home/Index/twitter/jquery.tweet.js
ERR: 非法操作:twitter

[ 2015-04-01T19:27:06+08:00 ] ::1 /tkphp/Home/Index/js/tinynav.min.js
ERR: 非法操作:js

[ 2015-04-01T19:34:47+08:00 ] ::1 /tkphp/Home/Index/twitter/jquery.tweet.js
ERR: 非法操作:twitter

[ 2015-04-01T19:34:47+08:00 ] ::1 /tkphp/Home/Index/js/tinynav.min.js
ERR: 非法操作:js

[ 2015-04-01T19:34:52+08:00 ] ::1 /tkphp/Home/Index/doContact.html
INFO: [ app_begin ] --START--
INFO: Run Behavior\ReadHtmlCacheBehavior [ RunTime:0.000716s ]
INFO: [ app_begin ] --END-- [ RunTime:0.001101s ]
INFO: [ app_end ] --START--
INFO: Run Behavior\ShowPageTraceBehavior [ RunTime:0.000752s ]
INFO: [ app_end ] --END-- [ RunTime:0.000829s ]

[ 2015-04-01T19:35:50+08:00 ] ::1 /tkphp/Home/Index/twitter/jquery.tweet.js
ERR: 非法操作:twitter

[ 2015-04-01T19:35:50+08:00 ] ::1 /tkphp/Home/Index/js/tinynav.min.js
ERR: 非法操作:js

[ 2015-04-01T19:36:11+08:00 ] ::1 /tkphp/Home/Index/twitter/jquery.tweet.js
ERR: 非法操作:twitter

[ 2015-04-01T19:36:11+08:00 ] ::1 /tkphp/Home/Index/js/tinynav.min.js
ERR: 非法操作:js

[ 2015-04-01T19:45:18+08:00 ] ::1 /tkphp/Home/Index/doContact.html
INFO: [ app_begin ] --START--
INFO: Run Behavior\ReadHtmlCacheBehavior [ RunTime:0.001089s ]
INFO: [ app_begin ] --END-- [ RunTime:0.001519s ]
SQL: SHOW COLUMNS FROM `tk_contact` [ RunTime:0.0062s ]
SQL: INSERT INTO `tk_contact` (`name`,`email`) VALUES ('ThinkPHP','ThinkPHP@gmail.com') [ RunTime:0.0889s ]

[ 2015-04-01T19:46:40+08:00 ] ::1 /tkphp/Home/Index/twitter/jquery.tweet.js
ERR: 非法操作:twitter

[ 2015-04-01T19:46:40+08:00 ] ::1 /tkphp/Home/Index/js/tinynav.min.js
ERR: 非法操作:js

[ 2015-04-01T19:46:45+08:00 ] ::1 /tkphp/Home/Index/doContact.html
INFO: [ app_begin ] --START--
INFO: Run Behavior\ReadHtmlCacheBehavior [ RunTime:0.001103s ]
INFO: [ app_begin ] --END-- [ RunTime:0.001594s ]
SQL: SHOW COLUMNS FROM `tk_contact` [ RunTime:0.0062s ]
SQL: INSERT INTO `tk_contact` (`name`,`email`) VALUES ('ThinkPHP','ThinkPHP@gmail.com') [ RunTime:0.0817s ]

[ 2015-04-01T19:47:42+08:00 ] ::1 /tkphp/Home/Index/twitter/jquery.tweet.js
ERR: 非法操作:twitter

[ 2015-04-01T19:47:42+08:00 ] ::1 /tkphp/Home/Index/js/tinynav.min.js
ERR: 非法操作:js

[ 2015-04-01T19:47:50+08:00 ] ::1 /tkphp/Home/Index/doContact.html
INFO: [ app_begin ] --START--
INFO: Run Behavior\ReadHtmlCacheBehavior [ RunTime:0.000742s ]
INFO: [ app_begin ] --END-- [ RunTime:0.001107s ]
SQL: SHOW COLUMNS FROM `tk_contact` [ RunTime:0.0054s ]
SQL: INSERT INTO `tk_contact` (`name`,`email`) VALUES ('ThinkPHP','ThinkPHP@gmail.com') [ RunTime:0.0837s ]

[ 2015-04-01T19:49:09+08:00 ] ::1 /tkphp/Home/Index/twitter/jquery.tweet.js
ERR: 非法操作:twitter

[ 2015-04-01T19:49:09+08:00 ] ::1 /tkphp/Home/Index/js/tinynav.min.js
ERR: 非法操作:js

[ 2015-04-01T19:49:13+08:00 ] ::1 /tkphp/Home/Index/doContact.html
INFO: [ app_begin ] --START--
INFO: Run Behavior\ReadHtmlCacheBehavior [ RunTime:0.000818s ]
INFO: [ app_begin ] --END-- [ RunTime:0.001320s ]
SQL: SHOW COLUMNS FROM `tk_contact` [ RunTime:0.0048s ]
SQL: INSERT INTO `tk_contact` (`name`,`email`) VALUES ('ThinkPHP','ThinkPHP@gmail.com') [ RunTime:0.1413s ]
INFO: [ app_end ] --START--
INFO: Run Behavior\ShowPageTraceBehavior [ RunTime:0.002447s ]
INFO: [ app_end ] --END-- [ RunTime:0.002610s ]

[ 2015-04-01T19:51:14+08:00 ] ::1 /tkphp/Home/Index/twitter/jquery.tweet.js
ERR: 非法操作:twitter

[ 2015-04-01T19:51:14+08:00 ] ::1 /tkphp/Home/Index/js/tinynav.min.js
ERR: 非法操作:js

[ 2015-04-01T19:52:22+08:00 ] ::1 /tkphp/Home/Index/twitter/jquery.tweet.js
ERR: 非法操作:twitter

[ 2015-04-01T19:52:22+08:00 ] ::1 /tkphp/Home/Index/js/tinynav.min.js
ERR: 非法操作:js

[ 2015-04-01T19:52:28+08:00 ] ::1 /tkphp/Home/Index/doContact.html
INFO: [ app_begin ] --START--
INFO: Run Behavior\ReadHtmlCacheBehavior [ RunTime:0.000719s ]
INFO: [ app_begin ] --END-- [ RunTime:0.001268s ]
SQL: SHOW COLUMNS FROM `tk_contact` [ RunTime:0.0059s ]
SQL: INSERT INTO `tk_contact` (`name`,`email`) VALUES ('ThinkPHP','ThinkPHP@gmail.com') [ RunTime:0.0432s ]
INFO: [ app_end ] --START--
INFO: Run Behavior\ShowPageTraceBehavior [ RunTime:0.000702s ]
INFO: [ app_end ] --END-- [ RunTime:0.000750s ]

[ 2015-04-01T19:59:20+08:00 ] ::1 /tkphp/Home/Index/twitter/jquery.tweet.js
ERR: 非法操作:twitter

[ 2015-04-01T19:59:20+08:00 ] ::1 /tkphp/Home/Index/js/tinynav.min.js
ERR: 非法操作:js

