[ 2015-03-31T18:30:40+08:00 ] ::1 /tkphp/Index/index
ERR: 无法加载模块:Index

[ 2015-03-31T18:30:54+08:00 ] ::1 /tkphp/Index/index
ERR: 无法加载模块:Index

[ 2015-03-31T18:30:55+08:00 ] ::1 /tkphp/Index/index
ERR: 无法加载模块:Index

[ 2015-03-31T18:31:01+08:00 ] ::1 /tkphp/twitter/jquery.tweet.js
ERR: 无法加载模块:Twitter

[ 2015-03-31T18:31:01+08:00 ] ::1 /tkphp/js/tinynav.min.js
ERR: 无法加载模块:Js

[ 2015-03-31T18:31:01+08:00 ] ::1 /tkphp/Public/homeshop/css/chosen-sprite.png
ERR: 无法加载模块:Public

[ 2015-03-31T18:33:13+08:00 ] ::1 /tkphp/Good
ERR: 无法加载模块:Good

[ 2015-03-31T18:33:18+08:00 ] ::1 /tkphp/Goods
ERR: 无法加载模块:Goods

[ 2015-03-31T18:33:24+08:00 ] ::1 /tkphp/Goods/list
ERR: 无法加载模块:Goods

[ 2015-03-31T18:33:28+08:00 ] ::1 /tkphp/Goods/lists
ERR: 无法加载模块:Goods

[ 2015-03-31T18:34:47+08:00 ] ::1 /tkphp/twitter/jquery.tweet.js
ERR: 无法加载模块:Twitter

[ 2015-03-31T18:34:47+08:00 ] ::1 /tkphp/js/tinynav.min.js
ERR: 无法加载模块:Js

[ 2015-03-31T18:34:47+08:00 ] ::1 /tkphp/Public/homeshop/css/chosen-sprite.png
ERR: 无法加载模块:Public

[ 2015-03-31T18:34:59+08:00 ] ::1 /tkphp/img/captcha.jpg
ERR: 无法加载模块:Img

[ 2015-03-31T18:34:59+08:00 ] ::1 /tkphp/img/products/sample1.jpg
ERR: 无法加载模块:Img

[ 2015-03-31T18:34:59+08:00 ] ::1 /tkphp/img/products/sample2.jpg
ERR: 无法加载模块:Img

[ 2015-03-31T18:34:59+08:00 ] ::1 /tkphp/img/products/sample5.jpg
ERR: 无法加载模块:Img

[ 2015-03-31T18:34:59+08:00 ] ::1 /tkphp/img/products/sample3.jpg
ERR: 无法加载模块:Img

[ 2015-03-31T18:34:59+08:00 ] ::1 /tkphp/img/products/sample4.jpg
ERR: 无法加载模块:Img

[ 2015-03-31T18:34:59+08:00 ] ::1 /tkphp/img/products/sample6.jpg
ERR: 无法加载模块:Img

[ 2015-03-31T18:34:59+08:00 ] ::1 /tkphp/img/products/sample8.jpg
ERR: 无法加载模块:Img

[ 2015-03-31T18:34:59+08:00 ] ::1 /tkphp/img/sidebar-slide1.jpg
ERR: 无法加载模块:Img

[ 2015-03-31T18:34:59+08:00 ] ::1 /tkphp/img/products/sample7.jpg
ERR: 无法加载模块:Img

[ 2015-03-31T18:34:59+08:00 ] ::1 /tkphp/img/products/sample9.jpg
ERR: 无法加载模块:Img

[ 2015-03-31T18:34:59+08:00 ] ::1 /tkphp/img/sidebar-slide2.jpg
ERR: 无法加载模块:Img

[ 2015-03-31T18:34:59+08:00 ] ::1 /tkphp/img/sidebar-slide3.jpg
ERR: 无法加载模块:Img

[ 2015-03-31T18:35:00+08:00 ] ::1 /tkphp/Public/img/products/sample1.jpg
ERR: 无法加载模块:Public

[ 2015-03-31T21:53:36+08:00 ] ::1 /tkphp/twitter/jquery.tweet.js
ERR: 无法加载模块:Twitter

[ 2015-03-31T21:53:36+08:00 ] ::1 /tkphp/js/tinynav.min.js
ERR: 无法加载模块:Js

[ 2015-03-31T21:53:36+08:00 ] ::1 /tkphp/Public/homeshop/css/chosen-sprite.png
ERR: 无法加载模块:Public

[ 2015-03-31T21:53:41+08:00 ] ::1 /tkphp/Public/homeshop/css/chosen-sprite.png
ERR: 无法加载模块:Public

[ 2015-03-31T21:53:50+08:00 ] ::1 /tkphp/Public/homeshop/css/chosen-sprite.png
ERR: 无法加载模块:Public

[ 2015-03-31T21:54:43+08:00 ] ::1 /tkphp/Public/homeshop/css/chosen-sprite.png
ERR: 无法加载模块:Public

[ 2015-03-31T21:54:51+08:00 ] ::1 /tkphp/Public/homeshop/css/chosen-sprite.png
ERR: 无法加载模块:Public

[ 2015-03-31T21:59:10+08:00 ] ::1 /tkphp/Uploads/$pro.feacher
ERR: 无法加载模块:Uploads

[ 2015-03-31T22:00:07+08:00 ] ::1 /tkphp/Uploads/2015-03-31/551a8d4d5059a.jpg
ERR: 无法加载模块:Uploads

[ 2015-03-31T22:00:09+08:00 ] ::1 /tkphp/Uploads/2015-03-31/551a8d4d5059a.jpg
ERR: 无法加载模块:Uploads

[ 2015-03-31T22:00:10+08:00 ] ::1 /tkphp/Uploads/2015-03-31/551a8d4d5059a.jpg
ERR: 无法加载模块:Uploads

[ 2015-03-31T22:00:18+08:00 ] ::1 /tkphp/Uploads/2015-03-31/551a8d4d5059a.jpg
ERR: 无法加载模块:Uploads

[ 2015-03-31T22:25:55+08:00 ] ::1 /tkphp/Index/index
ERR: 无法加载模块:Index

