[ 2015-03-27T17:49:10+08:00 ] ::1 /tkphp/twitter/jquery.tweet.js
ERR: 无法加载模块:Twitter

[ 2015-03-27T17:49:10+08:00 ] ::1 /tkphp/js/tinynav.min.js
ERR: 无法加载模块:Js

[ 2015-03-27T17:49:11+08:00 ] ::1 /tkphp/Public/homeshop/css/chosen-sprite.png
ERR: 无法加载模块:Public

[ 2015-03-27T17:49:32+08:00 ] ::1 /tkphp/img/captcha.jpg
ERR: 无法加载模块:Img

[ 2015-03-27T17:49:32+08:00 ] ::1 /tkphp/img/products/sample5.jpg
ERR: 无法加载模块:Img

[ 2015-03-27T17:49:32+08:00 ] ::1 /tkphp/img/products/sample2.jpg
ERR: 无法加载模块:Img

[ 2015-03-27T17:49:33+08:00 ] ::1 /tkphp/img/products/sample4.jpg
ERR: 无法加载模块:Img

[ 2015-03-27T17:49:33+08:00 ] ::1 /tkphp/img/products/sample6.jpg
ERR: 无法加载模块:Img

[ 2015-03-27T17:49:33+08:00 ] ::1 /tkphp/img/products/sample7.jpg
ERR: 无法加载模块:Img

[ 2015-03-27T17:49:33+08:00 ] ::1 /tkphp/img/products/sample8.jpg
ERR: 无法加载模块:Img

[ 2015-03-27T17:49:33+08:00 ] ::1 /tkphp/img/products/sample9.jpg
ERR: 无法加载模块:Img

[ 2015-03-27T17:49:33+08:00 ] ::1 /tkphp/img/sidebar-slide2.jpg
ERR: 无法加载模块:Img

[ 2015-03-27T17:49:33+08:00 ] ::1 /tkphp/img/sidebar-slide3.jpg
ERR: 无法加载模块:Img

[ 2015-03-27T17:49:33+08:00 ] ::1 /tkphp/img/products/sample3.jpg
ERR: 无法加载模块:Img

[ 2015-03-27T17:49:33+08:00 ] ::1 /tkphp/img/sidebar-slide1.jpg
ERR: 无法加载模块:Img

[ 2015-03-27T17:49:33+08:00 ] ::1 /tkphp/img/products/sample1.jpg
ERR: 无法加载模块:Img

[ 2015-03-27T17:49:33+08:00 ] ::1 /tkphp/Public/img/products/sample1.jpg
ERR: 无法加载模块:Public

[ 2015-03-27T17:49:52+08:00 ] ::1 /tkphp/Public/homeshop/css/chosen-sprite.png
ERR: 无法加载模块:Public

[ 2015-03-27T17:49:55+08:00 ] ::1 /tkphp/Public/homeshop/css/chosen-sprite.png
ERR: 无法加载模块:Public

[ 2015-03-27T17:50:20+08:00 ] ::1 /tkphp/Public/homeshop/css/chosen-sprite.png
ERR: 无法加载模块:Public

