[ 2015-03-28T13:29:11+08:00 ] ::1 /tkphp/Public/login/css/__PUBLIC__/login/images/1.png
ERR: 无法加载模块:Public

[ 2015-03-28T13:29:11+08:00 ] ::1 /tkphp/Public/login/css/__PUBLIC__/login/images/1.png
ERR: 无法加载模块:Public

[ 2015-03-28T13:29:12+08:00 ] ::1 /tkphp/Public/login/css/__PUBLIC__/login/images/1.png
ERR: 无法加载模块:Public

[ 2015-03-28T13:29:12+08:00 ] ::1 /tkphp/Public/login/css/__PUBLIC__/login/images/1.png
ERR: 无法加载模块:Public

[ 2015-03-28T13:29:13+08:00 ] ::1 /tkphp/Public/login/css/__PUBLIC__/login/images/1.png
ERR: 无法加载模块:Public

[ 2015-03-28T13:29:13+08:00 ] ::1 /tkphp/Public/login/css/__PUBLIC__/login/images/1.png
ERR: 无法加载模块:Public

[ 2015-03-28T13:29:13+08:00 ] ::1 /tkphp/Public/login/css/__PUBLIC__/login/images/1.png
ERR: 无法加载模块:Public

[ 2015-03-28T13:31:13+08:00 ] ::1 /tkphp/Public/login/css/__PUBLIC__/login/images/1.png
ERR: 无法加载模块:Public

[ 2015-03-28T13:31:13+08:00 ] ::1 /tkphp/Public/login/css/__PUBLIC__/login/images/1.png
ERR: 无法加载模块:Public

[ 2015-03-28T13:31:13+08:00 ] ::1 /tkphp/Public/login/css/__PUBLIC__/login/images/1.png
ERR: 无法加载模块:Public

[ 2015-03-28T13:31:14+08:00 ] ::1 /tkphp/Public/login/css/__PUBLIC__/login/images/1.png
ERR: 无法加载模块:Public

[ 2015-03-28T13:31:14+08:00 ] ::1 /tkphp/Public/login/css/__PUBLIC__/login/images/1.png
ERR: 无法加载模块:Public

[ 2015-03-28T13:31:14+08:00 ] ::1 /tkphp/Public/login/css/__PUBLIC__/login/images/1.png
ERR: 无法加载模块:Public

[ 2015-03-28T13:31:14+08:00 ] ::1 /tkphp/Public/login/css/__PUBLIC__/login/images/1.png
ERR: 无法加载模块:Public

[ 2015-03-28T13:31:15+08:00 ] ::1 /tkphp/Public/login/css/__PUBLIC__/login/images/1.png
ERR: 无法加载模块:Public

[ 2015-03-28T13:31:15+08:00 ] ::1 /tkphp/Public/login/css/__PUBLIC__/login/images/1.png
ERR: 无法加载模块:Public

[ 2015-03-28T13:31:15+08:00 ] ::1 /tkphp/Public/login/css/__PUBLIC__/login/images/1.png
ERR: 无法加载模块:Public

[ 2015-03-28T13:31:16+08:00 ] ::1 /tkphp/Public/login/css/__PUBLIC__/login/images/1.png
ERR: 无法加载模块:Public

[ 2015-03-28T13:31:26+08:00 ] ::1 /tkphp/Public/login/css/__PUBLIC__/login/images/1.png
ERR: 无法加载模块:Public

[ 2015-03-28T13:46:09+08:00 ] ::1 /tkphp/images/backgrounds/0.jpg
ERR: 无法加载模块:Images

[ 2015-03-28T13:46:09+08:00 ] ::1 /tkphp/images/backgrounds/3.jpg
ERR: 无法加载模块:Images

[ 2015-03-28T13:46:09+08:00 ] ::1 /tkphp/images/backgrounds/1.jpg
ERR: 无法加载模块:Images

[ 2015-03-28T13:46:10+08:00 ] ::1 /tkphp/images/backgrounds/3.jpg
ERR: 无法加载模块:Images

[ 2015-03-28T13:46:10+08:00 ] ::1 /tkphp/images/backgrounds/0.jpg
ERR: 无法加载模块:Images

[ 2015-03-28T13:46:10+08:00 ] ::1 /tkphp/images/backgrounds/1.jpg
ERR: 无法加载模块:Images

[ 2015-03-28T13:46:11+08:00 ] ::1 /tkphp/images/backgrounds/0.jpg
ERR: 无法加载模块:Images

[ 2015-03-28T13:46:11+08:00 ] ::1 /tkphp/images/backgrounds/3.jpg
ERR: 无法加载模块:Images

[ 2015-03-28T13:46:11+08:00 ] ::1 /tkphp/images/backgrounds/1.jpg
ERR: 无法加载模块:Images

[ 2015-03-28T13:46:12+08:00 ] ::1 /tkphp/images/backgrounds/3.jpg
ERR: 无法加载模块:Images

[ 2015-03-28T13:46:12+08:00 ] ::1 /tkphp/images/backgrounds/0.jpg
ERR: 无法加载模块:Images

[ 2015-03-28T13:46:12+08:00 ] ::1 /tkphp/images/backgrounds/1.jpg
ERR: 无法加载模块:Images

[ 2015-03-28T13:46:12+08:00 ] ::1 /tkphp/images/backgrounds/3.jpg
ERR: 无法加载模块:Images

[ 2015-03-28T13:46:12+08:00 ] ::1 /tkphp/images/backgrounds/0.jpg
ERR: 无法加载模块:Images

[ 2015-03-28T13:46:12+08:00 ] ::1 /tkphp/images/backgrounds/1.jpg
ERR: 无法加载模块:Images

[ 2015-03-28T13:46:13+08:00 ] ::1 /tkphp/images/backgrounds/3.jpg
ERR: 无法加载模块:Images

[ 2015-03-28T13:46:13+08:00 ] ::1 /tkphp/images/backgrounds/0.jpg
ERR: 无法加载模块:Images

[ 2015-03-28T13:46:13+08:00 ] ::1 /tkphp/images/backgrounds/1.jpg
ERR: 无法加载模块:Images

[ 2015-03-28T13:46:13+08:00 ] ::1 /tkphp/images/backgrounds/3.jpg
ERR: 无法加载模块:Images

[ 2015-03-28T13:46:13+08:00 ] ::1 /tkphp/images/backgrounds/0.jpg
ERR: 无法加载模块:Images

[ 2015-03-28T13:46:13+08:00 ] ::1 /tkphp/images/backgrounds/1.jpg
ERR: 无法加载模块:Images

[ 2015-03-28T13:46:13+08:00 ] ::1 /tkphp/images/backgrounds/3.jpg
ERR: 无法加载模块:Images

[ 2015-03-28T13:46:13+08:00 ] ::1 /tkphp/images/backgrounds/0.jpg
ERR: 无法加载模块:Images

[ 2015-03-28T13:46:13+08:00 ] ::1 /tkphp/images/backgrounds/1.jpg
ERR: 无法加载模块:Images

[ 2015-03-28T13:46:13+08:00 ] ::1 /tkphp/images/backgrounds/3.jpg
ERR: 无法加载模块:Images

[ 2015-03-28T13:46:13+08:00 ] ::1 /tkphp/images/backgrounds/1.jpg
ERR: 无法加载模块:Images

[ 2015-03-28T13:46:13+08:00 ] ::1 /tkphp/images/backgrounds/0.jpg
ERR: 无法加载模块:Images

[ 2015-03-28T13:46:13+08:00 ] ::1 /tkphp/images/backgrounds/3.jpg
ERR: 无法加载模块:Images

[ 2015-03-28T13:46:13+08:00 ] ::1 /tkphp/images/backgrounds/0.jpg
ERR: 无法加载模块:Images

[ 2015-03-28T13:46:13+08:00 ] ::1 /tkphp/images/backgrounds/1.jpg
ERR: 无法加载模块:Images

[ 2015-03-28T13:46:13+08:00 ] ::1 /tkphp/images/backgrounds/3.jpg
ERR: 无法加载模块:Images

[ 2015-03-28T13:46:13+08:00 ] ::1 /tkphp/images/backgrounds/0.jpg
ERR: 无法加载模块:Images

[ 2015-03-28T13:46:13+08:00 ] ::1 /tkphp/images/backgrounds/1.jpg
ERR: 无法加载模块:Images

[ 2015-03-28T13:46:13+08:00 ] ::1 /tkphp/images/backgrounds/3.jpg
ERR: 无法加载模块:Images

[ 2015-03-28T13:46:13+08:00 ] ::1 /tkphp/images/backgrounds/0.jpg
ERR: 无法加载模块:Images

[ 2015-03-28T13:46:13+08:00 ] ::1 /tkphp/images/backgrounds/1.jpg
ERR: 无法加载模块:Images

[ 2015-03-28T13:46:13+08:00 ] ::1 /tkphp/images/backgrounds/0.jpg
ERR: 无法加载模块:Images

[ 2015-03-28T13:46:13+08:00 ] ::1 /tkphp/images/backgrounds/3.jpg
ERR: 无法加载模块:Images

[ 2015-03-28T13:46:13+08:00 ] ::1 /tkphp/images/backgrounds/1.jpg
ERR: 无法加载模块:Images

[ 2015-03-28T13:46:14+08:00 ] ::1 /tkphp/images/backgrounds/3.jpg
ERR: 无法加载模块:Images

[ 2015-03-28T13:46:14+08:00 ] ::1 /tkphp/images/backgrounds/0.jpg
ERR: 无法加载模块:Images

[ 2015-03-28T13:46:14+08:00 ] ::1 /tkphp/images/backgrounds/1.jpg
ERR: 无法加载模块:Images

[ 2015-03-28T13:46:14+08:00 ] ::1 /tkphp/images/backgrounds/3.jpg
ERR: 无法加载模块:Images

[ 2015-03-28T13:46:14+08:00 ] ::1 /tkphp/images/backgrounds/0.jpg
ERR: 无法加载模块:Images

[ 2015-03-28T13:46:14+08:00 ] ::1 /tkphp/images/backgrounds/1.jpg
ERR: 无法加载模块:Images

[ 2015-03-28T13:46:14+08:00 ] ::1 /tkphp/images/backgrounds/3.jpg
ERR: 无法加载模块:Images

[ 2015-03-28T13:46:14+08:00 ] ::1 /tkphp/images/backgrounds/0.jpg
ERR: 无法加载模块:Images

[ 2015-03-28T13:46:14+08:00 ] ::1 /tkphp/images/backgrounds/1.jpg
ERR: 无法加载模块:Images

[ 2015-03-28T13:46:15+08:00 ] ::1 /tkphp/images/backgrounds/3.jpg
ERR: 无法加载模块:Images

[ 2015-03-28T13:46:15+08:00 ] ::1 /tkphp/images/backgrounds/0.jpg
ERR: 无法加载模块:Images

[ 2015-03-28T13:46:15+08:00 ] ::1 /tkphp/images/backgrounds/1.jpg
ERR: 无法加载模块:Images

[ 2015-03-28T13:46:15+08:00 ] ::1 /tkphp/images/backgrounds/3.jpg
ERR: 无法加载模块:Images

[ 2015-03-28T13:46:15+08:00 ] ::1 /tkphp/images/backgrounds/0.jpg
ERR: 无法加载模块:Images

[ 2015-03-28T13:46:15+08:00 ] ::1 /tkphp/images/backgrounds/1.jpg
ERR: 无法加载模块:Images

[ 2015-03-28T13:46:15+08:00 ] ::1 /tkphp/images/backgrounds/3.jpg
ERR: 无法加载模块:Images

[ 2015-03-28T13:46:15+08:00 ] ::1 /tkphp/images/backgrounds/0.jpg
ERR: 无法加载模块:Images

[ 2015-03-28T13:46:15+08:00 ] ::1 /tkphp/images/backgrounds/1.jpg
ERR: 无法加载模块:Images

[ 2015-03-28T13:46:33+08:00 ] ::1 /tkphp/images/backgrounds/0.jpg
ERR: 无法加载模块:Images

[ 2015-03-28T13:46:33+08:00 ] ::1 /tkphp/images/backgrounds/3.jpg
ERR: 无法加载模块:Images

[ 2015-03-28T13:46:33+08:00 ] ::1 /tkphp/images/backgrounds/1.jpg
ERR: 无法加载模块:Images

[ 2015-03-28T13:46:45+08:00 ] ::1 /tkphp/images/backgrounds/0.jpg
ERR: 无法加载模块:Images

[ 2015-03-28T13:48:09+08:00 ] ::1 /tkphp/images/backgrounds/3.jpg
ERR: 无法加载模块:Images

[ 2015-03-28T13:48:09+08:00 ] ::1 /tkphp/images/backgrounds/1.jpg
ERR: 无法加载模块:Images

[ 2015-03-28T13:48:10+08:00 ] ::1 /tkphp/images/backgrounds/3.jpg
ERR: 无法加载模块:Images

[ 2015-03-28T13:48:10+08:00 ] ::1 /tkphp/images/backgrounds/1.jpg
ERR: 无法加载模块:Images

[ 2015-03-28T13:48:10+08:00 ] ::1 /tkphp/images/backgrounds/3.jpg
ERR: 无法加载模块:Images

[ 2015-03-28T13:48:10+08:00 ] ::1 /tkphp/images/backgrounds/1.jpg
ERR: 无法加载模块:Images

[ 2015-03-28T13:48:11+08:00 ] ::1 /tkphp/images/backgrounds/3.jpg
ERR: 无法加载模块:Images

[ 2015-03-28T13:48:11+08:00 ] ::1 /tkphp/images/backgrounds/1.jpg
ERR: 无法加载模块:Images

[ 2015-03-28T13:48:13+08:00 ] ::1 /tkphp/images/backgrounds/3.jpg
ERR: 无法加载模块:Images

[ 2015-03-28T13:48:13+08:00 ] ::1 /tkphp/images/backgrounds/1.jpg
ERR: 无法加载模块:Images

[ 2015-03-28T13:50:29+08:00 ] ::1 /tkphp/twitter/jquery.tweet.js
ERR: 无法加载模块:Twitter

[ 2015-03-28T13:50:29+08:00 ] ::1 /tkphp/js/tinynav.min.js
ERR: 无法加载模块:Js

[ 2015-03-28T13:50:29+08:00 ] ::1 /tkphp/js/tinynav.min.js
ERR: 无法加载模块:Js

[ 2015-03-28T13:55:40+08:00 ] ::1 /tkphp/images/error.png
ERR: 无法加载模块:Images

[ 2015-03-28T13:55:45+08:00 ] ::1 /tkphp/images/error.png
ERR: 无法加载模块:Images

[ 2015-03-28T13:55:48+08:00 ] ::1 /tkphp/images/error.png
ERR: 无法加载模块:Images

[ 2015-03-28T14:28:21+08:00 ] ::1 /tkphp/Public/homeshop/css/chosen-sprite.png
ERR: 无法加载模块:Public

[ 2015-03-28T14:28:45+08:00 ] ::1 /tkphp/Public/homeshop/css/grabbing.png
ERR: 无法加载模块:Public

[ 2015-03-28T14:28:46+08:00 ] ::1 /tkphp/products_page_v1.html
ERR: 无法加载模块:Products_page_v1

[ 2015-03-28T14:28:50+08:00 ] ::1 /tkphp/Public/img/products/sample1.jpg
ERR: 无法加载模块:Public

[ 2015-03-28T14:28:50+08:00 ] ::1 /tkphp/img/captcha.jpg
ERR: 无法加载模块:Img

[ 2015-03-28T14:28:50+08:00 ] ::1 /tkphp/img/products/sample1.jpg
ERR: 无法加载模块:Img

[ 2015-03-28T14:28:50+08:00 ] ::1 /tkphp/img/products/sample5.jpg
ERR: 无法加载模块:Img

[ 2015-03-28T14:28:50+08:00 ] ::1 /tkphp/img/products/sample2.jpg
ERR: 无法加载模块:Img

[ 2015-03-28T14:28:50+08:00 ] ::1 /tkphp/img/products/sample7.jpg
ERR: 无法加载模块:Img

[ 2015-03-28T14:28:50+08:00 ] ::1 /tkphp/img/products/sample9.jpg
ERR: 无法加载模块:Img

[ 2015-03-28T14:28:50+08:00 ] ::1 /tkphp/img/products/sample8.jpg
ERR: 无法加载模块:Img

[ 2015-03-28T14:28:50+08:00 ] ::1 /tkphp/img/sidebar-slide1.jpg
ERR: 无法加载模块:Img

[ 2015-03-28T14:28:50+08:00 ] ::1 /tkphp/img/sidebar-slide2.jpg
ERR: 无法加载模块:Img

[ 2015-03-28T14:28:50+08:00 ] ::1 /tkphp/img/products/sample6.jpg
ERR: 无法加载模块:Img

[ 2015-03-28T14:28:50+08:00 ] ::1 /tkphp/img/products/sample3.jpg
ERR: 无法加载模块:Img

[ 2015-03-28T14:28:50+08:00 ] ::1 /tkphp/img/sidebar-slide3.jpg
ERR: 无法加载模块:Img

[ 2015-03-28T14:28:50+08:00 ] ::1 /tkphp/img/products/sample4.jpg
ERR: 无法加载模块:Img

[ 2015-03-28T14:29:54+08:00 ] ::1 /tkphp/products_page_v1.html
ERR: 无法加载模块:Products_page_v1

[ 2015-03-28T14:30:05+08:00 ] ::1 /tkphp/products_page_v1.html
ERR: 无法加载模块:Products_page_v1

[ 2015-03-28T14:30:06+08:00 ] ::1 /tkphp/Public/img/products/sample1.jpg
ERR: 无法加载模块:Public

[ 2015-03-28T14:33:11+08:00 ] ::1 /tkphp/twitter/jquery.tweet.js
ERR: 无法加载模块:Twitter

[ 2015-03-28T14:33:11+08:00 ] ::1 /tkphp/js/tinynav.min.js
ERR: 无法加载模块:Js

[ 2015-03-28T14:33:11+08:00 ] ::1 /tkphp/js/tinynav.min.js
ERR: 无法加载模块:Js

[ 2015-03-28T14:33:12+08:00 ] ::1 /tkphp/Public/homeshop/css/chosen-sprite.png
ERR: 无法加载模块:Public

[ 2015-03-28T15:29:31+08:00 ] ::1 /tkphp/twitter/jquery.tweet.js
ERR: 无法加载模块:Twitter

[ 2015-03-28T15:29:31+08:00 ] ::1 /tkphp/js/tinynav.min.js
ERR: 无法加载模块:Js

[ 2015-03-28T15:29:32+08:00 ] ::1 /tkphp/Public/homeshop/css/chosen-sprite.png
ERR: 无法加载模块:Public

