[ 2015-03-26T17:56:37+08:00 ] ::1 /tkphp/twitter/jquery.tweet.js
ERR: 无法加载模块:Twitter

[ 2015-03-26T17:56:37+08:00 ] ::1 /tkphp/js/tinynav.min.js
ERR: 无法加载模块:Js

[ 2015-03-26T17:56:38+08:00 ] ::1 /tkphp/Public/homeshop/css/chosen-sprite.png
ERR: 无法加载模块:Public

[ 2015-03-26T17:56:42+08:00 ] ::1 /tkphp/Public/homeshop/css/chosen-sprite.png
ERR: 无法加载模块:Public

[ 2015-03-26T17:56:45+08:00 ] ::1 /tkphp/Public/homeshop/css/chosen-sprite.png
ERR: 无法加载模块:Public

[ 2015-03-26T17:56:50+08:00 ] ::1 /tkphp/Public/homeshop/css/chosen-sprite.png
ERR: 无法加载模块:Public

[ 2015-03-26T18:00:22+08:00 ] ::1 /tkphp/Public/homeshop/css/chosen-sprite.png
ERR: 无法加载模块:Public

[ 2015-03-26T18:03:52+08:00 ] ::1 /tkphp/Public/homeshop/css/chosen-sprite.png
ERR: 无法加载模块:Public

[ 2015-03-26T18:06:09+08:00 ] ::1 /tkphp/Public/homeshop/css/chosen-sprite.png
ERR: 无法加载模块:Public

[ 2015-03-26T18:08:30+08:00 ] ::1 /tkphp/Public/homeshop/css/chosen-sprite.png
ERR: 无法加载模块:Public

[ 2015-03-26T18:08:51+08:00 ] ::1 /tkphp/Public/homeshop/css/chosen-sprite.png
ERR: 无法加载模块:Public

[ 2015-03-26T18:10:44+08:00 ] ::1 /tkphp/Public/homeshop/css/chosen-sprite.png
ERR: 无法加载模块:Public

[ 2015-03-26T18:15:28+08:00 ] ::1 /tkphp/Public/homeshop/css/chosen-sprite.png
ERR: 无法加载模块:Public

[ 2015-03-26T18:18:32+08:00 ] ::1 /tkphp/Public/homeshop/css/chosen-sprite.png
ERR: 无法加载模块:Public

[ 2015-03-26T18:18:45+08:00 ] ::1 /tkphp/Public/homeshop/css/chosen-sprite.png
ERR: 无法加载模块:Public

[ 2015-03-26T18:19:36+08:00 ] ::1 /tkphp/Public/homeshop/css/chosen-sprite.png
ERR: 无法加载模块:Public

[ 2015-03-26T18:20:51+08:00 ] ::1 /tkphp/Public/homeshop/css/chosen-sprite.png
ERR: 无法加载模块:Public

[ 2015-03-26T18:20:54+08:00 ] ::1 /tkphp/Public/homeshop/css/chosen-sprite.png
ERR: 无法加载模块:Public

[ 2015-03-26T18:21:13+08:00 ] ::1 /tkphp/Public/homeshop/css/chosen-sprite.png
ERR: 无法加载模块:Public

[ 2015-03-26T18:21:49+08:00 ] ::1 /tkphp/Public/homeshop/css/chosen-sprite.png
ERR: 无法加载模块:Public

[ 2015-03-26T18:22:10+08:00 ] ::1 /tkphp/Public/homeshop/css/chosen-sprite.png
ERR: 无法加载模块:Public

[ 2015-03-26T18:22:21+08:00 ] ::1 /tkphp/Public/homeshop/css/chosen-sprite.png
ERR: 无法加载模块:Public

[ 2015-03-26T18:22:22+08:00 ] ::1 /tkphp/Public/homeshop/css/chosen-sprite.png
ERR: 无法加载模块:Public

[ 2015-03-26T18:24:39+08:00 ] ::1 /tkphp/Public/homeshop/css/chosen-sprite.png
ERR: 无法加载模块:Public

[ 2015-03-26T18:24:47+08:00 ] ::1 /tkphp/Public/homeshop/css/chosen-sprite.png
ERR: 无法加载模块:Public

[ 2015-03-26T18:25:16+08:00 ] ::1 /tkphp/Public/homeshop/css/chosen-sprite.png
ERR: 无法加载模块:Public

[ 2015-03-26T18:25:17+08:00 ] ::1 /tkphp/Public/homeshop/css/chosen-sprite.png
ERR: 无法加载模块:Public

[ 2015-03-26T18:25:32+08:00 ] ::1 /tkphp/Public/homeshop/css/chosen-sprite.png
ERR: 无法加载模块:Public

[ 2015-03-26T18:37:15+08:00 ] ::1 /tkphp/Public/homeshop/css/chosen-sprite.png
ERR: 无法加载模块:Public

[ 2015-03-26T18:39:06+08:00 ] ::1 /tkphp/Public/homeshop/css/chosen-sprite.png
ERR: 无法加载模块:Public

[ 2015-03-26T18:39:30+08:00 ] ::1 /tkphp/Public/homeshop/css/chosen-sprite.png
ERR: 无法加载模块:Public

[ 2015-03-26T18:40:41+08:00 ] ::1 /tkphp/Public/homeshop/css/chosen-sprite.png
ERR: 无法加载模块:Public

[ 2015-03-26T18:42:37+08:00 ] ::1 /tkphp/Public/homeshop/css/chosen-sprite.png
ERR: 无法加载模块:Public

[ 2015-03-26T18:43:13+08:00 ] ::1 /tkphp/Public/homeshop/css/chosen-sprite.png
ERR: 无法加载模块:Public

[ 2015-03-26T18:43:38+08:00 ] ::1 /tkphp/Public/homeshop/css/chosen-sprite.png
ERR: 无法加载模块:Public

[ 2015-03-26T18:45:02+08:00 ] ::1 /tkphp/Public/homeshop/css/chosen-sprite.png
ERR: 无法加载模块:Public

[ 2015-03-26T18:45:38+08:00 ] ::1 /tkphp/Public/homeshop/css/chosen-sprite.png
ERR: 无法加载模块:Public

[ 2015-03-26T18:45:57+08:00 ] ::1 /tkphp/Public/homeshop/css/chosen-sprite.png
ERR: 无法加载模块:Public

[ 2015-03-26T18:45:58+08:00 ] ::1 /tkphp/Public/homeshop/css/chosen-sprite.png
ERR: 无法加载模块:Public

[ 2015-03-26T18:49:24+08:00 ] ::1 /tkphp/Public/homeshop/css/chosen-sprite.png
ERR: 无法加载模块:Public

[ 2015-03-26T18:49:30+08:00 ] ::1 /tkphp/Public/homeshop/css/chosen-sprite.png
ERR: 无法加载模块:Public

[ 2015-03-26T18:50:12+08:00 ] ::1 /tkphp/Public/homeshop/css/chosen-sprite.png
ERR: 无法加载模块:Public

[ 2015-03-26T18:50:51+08:00 ] ::1 /tkphp/Public/homeshop/css/chosen-sprite.png
ERR: 无法加载模块:Public

[ 2015-03-26T18:50:53+08:00 ] ::1 /tkphp/Public/homeshop/css/chosen-sprite.png
ERR: 无法加载模块:Public

[ 2015-03-26T18:50:54+08:00 ] ::1 /tkphp/Public/homeshop/css/chosen-sprite.png
ERR: 无法加载模块:Public

[ 2015-03-26T18:51:11+08:00 ] ::1 /tkphp/Public/homeshop/css/chosen-sprite.png
ERR: 无法加载模块:Public

[ 2015-03-26T18:51:12+08:00 ] ::1 /tkphp/Public/homeshop/css/chosen-sprite.png
ERR: 无法加载模块:Public

[ 2015-03-26T18:51:12+08:00 ] ::1 /tkphp/Public/homeshop/css/chosen-sprite.png
ERR: 无法加载模块:Public

[ 2015-03-26T18:52:14+08:00 ] ::1 /tkphp/Public/homeshop/css/chosen-sprite.png
ERR: 无法加载模块:Public

[ 2015-03-26T18:52:16+08:00 ] ::1 /tkphp/Public/homeshop/css/chosen-sprite.png
ERR: 无法加载模块:Public

[ 2015-03-26T18:52:17+08:00 ] ::1 /tkphp/Public/homeshop/css/chosen-sprite.png
ERR: 无法加载模块:Public

[ 2015-03-26T18:52:30+08:00 ] ::1 /tkphp/Public/homeshop/css/chosen-sprite.png
ERR: 无法加载模块:Public

[ 2015-03-26T18:52:31+08:00 ] ::1 /tkphp/Public/homeshop/css/chosen-sprite.png
ERR: 无法加载模块:Public

[ 2015-03-26T18:52:50+08:00 ] ::1 /tkphp/Public/homeshop/css/chosen-sprite.png
ERR: 无法加载模块:Public

[ 2015-03-26T18:53:22+08:00 ] ::1 /tkphp/Public/homeshop/css/chosen-sprite.png
ERR: 无法加载模块:Public

[ 2015-03-26T18:53:37+08:00 ] ::1 /tkphp/Public/homeshop/css/chosen-sprite.png
ERR: 无法加载模块:Public

[ 2015-03-26T18:53:51+08:00 ] ::1 /tkphp/Public/homeshop/css/chosen-sprite.png
ERR: 无法加载模块:Public

[ 2015-03-26T18:53:52+08:00 ] ::1 /tkphp/Public/homeshop/css/chosen-sprite.png
ERR: 无法加载模块:Public

[ 2015-03-26T18:53:54+08:00 ] ::1 /tkphp/Public/homeshop/css/chosen-sprite.png
ERR: 无法加载模块:Public

[ 2015-03-26T18:55:36+08:00 ] ::1 /tkphp/Public/homeshop/css/chosen-sprite.png
ERR: 无法加载模块:Public

[ 2015-03-26T18:55:38+08:00 ] ::1 /tkphp/Public/homeshop/css/chosen-sprite.png
ERR: 无法加载模块:Public

[ 2015-03-26T18:56:42+08:00 ] ::1 /tkphp/Public/homeshop/css/chosen-sprite.png
ERR: 无法加载模块:Public

[ 2015-03-26T18:56:45+08:00 ] ::1 /tkphp/Public/homeshop/css/chosen-sprite.png
ERR: 无法加载模块:Public

[ 2015-03-26T18:56:53+08:00 ] ::1 /tkphp/Public/homeshop/css/chosen-sprite.png
ERR: 无法加载模块:Public

[ 2015-03-26T18:57:09+08:00 ] ::1 /tkphp/Public/homeshop/css/chosen-sprite.png
ERR: 无法加载模块:Public

[ 2015-03-26T18:57:15+08:00 ] ::1 /tkphp/Public/homeshop/css/chosen-sprite.png
ERR: 无法加载模块:Public

[ 2015-03-26T18:58:25+08:00 ] ::1 /tkphp/Public/homeshop/css/chosen-sprite.png
ERR: 无法加载模块:Public

[ 2015-03-26T18:58:27+08:00 ] ::1 /tkphp/Public/homeshop/css/chosen-sprite.png
ERR: 无法加载模块:Public

[ 2015-03-26T18:59:12+08:00 ] ::1 /tkphp/Public/homeshop/css/chosen-sprite.png
ERR: 无法加载模块:Public

[ 2015-03-26T18:59:21+08:00 ] ::1 /tkphp/Public/homeshop/css/chosen-sprite.png
ERR: 无法加载模块:Public

[ 2015-03-26T18:59:22+08:00 ] ::1 /tkphp/Public/homeshop/css/chosen-sprite.png
ERR: 无法加载模块:Public

[ 2015-03-26T18:59:31+08:00 ] ::1 /tkphp/Public/homeshop/css/chosen-sprite.png
ERR: 无法加载模块:Public

[ 2015-03-26T20:46:52+08:00 ] ::1 /tkphp/Public/homeshop/css/chosen-sprite.png
ERR: 无法加载模块:Public

[ 2015-03-26T20:48:02+08:00 ] ::1 /tkphp/Public/homeshop/css/chosen-sprite.png
ERR: 无法加载模块:Public

[ 2015-03-26T20:49:02+08:00 ] ::1 /tkphp/Public/homeshop/css/chosen-sprite.png
ERR: 无法加载模块:Public

[ 2015-03-26T20:49:54+08:00 ] ::1 /tkphp/Public/homeshop/css/chosen-sprite.png
ERR: 无法加载模块:Public

[ 2015-03-26T20:50:52+08:00 ] ::1 /tkphp/Public/homeshop/css/chosen-sprite.png
ERR: 无法加载模块:Public

[ 2015-03-26T20:53:12+08:00 ] ::1 /tkphp/Public/homeshop/css/chosen-sprite.png
ERR: 无法加载模块:Public

[ 2015-03-26T21:00:37+08:00 ] ::1 /tkphp/install
ERR: 无法加载模块:Install

[ 2015-03-26T21:14:35+08:00 ] ::1 /tkphp/twitter/jquery.tweet.js
ERR: 无法加载模块:Twitter

[ 2015-03-26T21:14:35+08:00 ] ::1 /tkphp/js/tinynav.min.js
ERR: 无法加载模块:Js

[ 2015-03-26T21:14:35+08:00 ] ::1 /tkphp/Public/homeshop/css/chosen-sprite.png
ERR: 无法加载模块:Public

[ 2015-03-26T21:15:33+08:00 ] ::1 /tkphp/img/captcha.jpg
ERR: 无法加载模块:Img

[ 2015-03-26T21:15:33+08:00 ] ::1 /tkphp/img/products/sample1.jpg
ERR: 无法加载模块:Img

[ 2015-03-26T21:15:33+08:00 ] ::1 /tkphp/img/products/sample3.jpg
ERR: 无法加载模块:Img

[ 2015-03-26T21:15:33+08:00 ] ::1 /tkphp/img/products/sample2.jpg
ERR: 无法加载模块:Img

[ 2015-03-26T21:15:33+08:00 ] ::1 /tkphp/img/products/sample4.jpg
ERR: 无法加载模块:Img

[ 2015-03-26T21:15:33+08:00 ] ::1 /tkphp/img/products/sample5.jpg
ERR: 无法加载模块:Img

[ 2015-03-26T21:15:33+08:00 ] ::1 /tkphp/img/products/sample8.jpg
ERR: 无法加载模块:Img

[ 2015-03-26T21:15:33+08:00 ] ::1 /tkphp/img/products/sample7.jpg
ERR: 无法加载模块:Img

[ 2015-03-26T21:15:33+08:00 ] ::1 /tkphp/img/products/sample6.jpg
ERR: 无法加载模块:Img

[ 2015-03-26T21:15:33+08:00 ] ::1 /tkphp/img/sidebar-slide1.jpg
ERR: 无法加载模块:Img

[ 2015-03-26T21:15:33+08:00 ] ::1 /tkphp/img/sidebar-slide2.jpg
ERR: 无法加载模块:Img

[ 2015-03-26T21:15:33+08:00 ] ::1 /tkphp/img/products/sample9.jpg
ERR: 无法加载模块:Img

[ 2015-03-26T21:15:33+08:00 ] ::1 /tkphp/img/sidebar-slide3.jpg
ERR: 无法加载模块:Img

[ 2015-03-26T21:15:33+08:00 ] ::1 /tkphp/Public/img/products/sample1.jpg
ERR: 无法加载模块:Public

