[ 2015-03-29T10:25:17+08:00 ] ::1 /tkphp/Public/homeshop/css/chosen-sprite.png
ERR: 无法加载模块:Public

[ 2015-03-29T10:25:22+08:00 ] ::1 /tkphp/Public/homeshop/css/chosen-sprite.png
ERR: 无法加载模块:Public

[ 2015-03-29T10:25:24+08:00 ] ::1 /tkphp/Public/homeshop/css/chosen-sprite.png
ERR: 无法加载模块:Public

[ 2015-03-29T10:25:29+08:00 ] ::1 /tkphp/Public/homeshop/css/chosen-sprite.png
ERR: 无法加载模块:Public

[ 2015-03-29T10:25:36+08:00 ] ::1 /tkphp/Public/homeshop/css/chosen-sprite.png
ERR: 无法加载模块:Public

[ 2015-03-29T10:25:37+08:00 ] ::1 /tkphp/Public/homeshop/css/chosen-sprite.png
ERR: 无法加载模块:Public

[ 2015-03-29T10:25:39+08:00 ] ::1 /tkphp/Public/homeshop/css/chosen-sprite.png
ERR: 无法加载模块:Public

[ 2015-03-29T10:25:40+08:00 ] ::1 /tkphp/Public/homeshop/css/chosen-sprite.png
ERR: 无法加载模块:Public

[ 2015-03-29T10:25:58+08:00 ] ::1 /tkphp/Public/homeshop/css/chosen-sprite.png
ERR: 无法加载模块:Public

[ 2015-03-29T14:41:10+08:00 ] ::1 /tkphp/Public/static/bootstrap/css/bootstrap.css
ERR: 无法加载模块:Public

[ 2015-03-29T14:41:54+08:00 ] ::1 /tkphp/Public/static/bootstrap/css/bootstrap.css
ERR: 无法加载模块:Public

[ 2015-03-29T18:28:06+08:00 ] ::1 /tkphp/Public/Plugins/1.png
ERR: 无法加载模块:Public

[ 2015-03-29T18:28:16+08:00 ] ::1 /tkphp/Public/Plugins/1.png
ERR: 无法加载模块:Public

[ 2015-03-29T18:28:20+08:00 ] ::1 /tkphp/Public/Plugins/1.png
ERR: 无法加载模块:Public

[ 2015-03-29T18:28:56+08:00 ] ::1 /tkphp/Public/Plugins/1.png
ERR: 无法加载模块:Public

[ 2015-03-29T18:38:22+08:00 ] ::1 /tkphp/Public/Plugins/1.png
ERR: 无法加载模块:Public

[ 2015-03-29T18:39:00+08:00 ] ::1 /tkphp/Public/Plugins/1.png
ERR: 无法加载模块:Public

[ 2015-03-29T18:44:31+08:00 ] ::1 /tkphp/Public/Plugins/1.png
ERR: 无法加载模块:Public

[ 2015-03-29T18:44:32+08:00 ] ::1 /tkphp/Public/Plugins/1.png
ERR: 无法加载模块:Public

[ 2015-03-29T18:44:46+08:00 ] ::1 /tkphp/Public/Plugins/1.png
ERR: 无法加载模块:Public

[ 2015-03-29T18:44:47+08:00 ] ::1 /tkphp/Public/Plugins/1.png
ERR: 无法加载模块:Public

[ 2015-03-29T18:44:50+08:00 ] ::1 /tkphp/Public/Plugins/1.png
ERR: 无法加载模块:Public

[ 2015-03-29T18:45:29+08:00 ] ::1 /tkphp/Public/Plugins/1.png
ERR: 无法加载模块:Public

[ 2015-03-29T18:46:53+08:00 ] ::1 /tkphp/Public/Plugins/1.png
ERR: 无法加载模块:Public

[ 2015-03-29T18:47:11+08:00 ] ::1 /tkphp/Public/Plugins/1.png
ERR: 无法加载模块:Public

[ 2015-03-29T18:48:09+08:00 ] ::1 /tkphp/Public/Plugins/1.png
ERR: 无法加载模块:Public

[ 2015-03-29T18:48:20+08:00 ] ::1 /tkphp/Public/Plugins/1.png
ERR: 无法加载模块:Public

[ 2015-03-29T18:49:24+08:00 ] ::1 /tkphp/Public/Plugins/1.png
ERR: 无法加载模块:Public

[ 2015-03-29T18:49:25+08:00 ] ::1 /tkphp/Public/Plugins/1.png
ERR: 无法加载模块:Public

[ 2015-03-29T18:49:30+08:00 ] ::1 /tkphp/Public/Plugins/1.png
ERR: 无法加载模块:Public

[ 2015-03-29T18:50:02+08:00 ] ::1 /tkphp/Public/Plugins/1.png
ERR: 无法加载模块:Public

[ 2015-03-29T18:50:43+08:00 ] ::1 /tkphp/Public/Plugins/1.png
ERR: 无法加载模块:Public

[ 2015-03-29T18:50:44+08:00 ] ::1 /tkphp/Public/Plugins/1.png
ERR: 无法加载模块:Public

[ 2015-03-29T18:50:46+08:00 ] ::1 /tkphp/Public/Plugins/1.png
ERR: 无法加载模块:Public

[ 2015-03-29T18:50:47+08:00 ] ::1 /tkphp/Public/Plugins/1.png
ERR: 无法加载模块:Public

[ 2015-03-29T18:52:17+08:00 ] ::1 /tkphp/Public/Plugins/1.png
ERR: 无法加载模块:Public

[ 2015-03-29T18:52:34+08:00 ] ::1 /tkphp/Public/Plugins/1.png
ERR: 无法加载模块:Public

[ 2015-03-29T18:53:38+08:00 ] ::1 /tkphp/Public/Plugins/1.png
ERR: 无法加载模块:Public

[ 2015-03-29T18:53:39+08:00 ] ::1 /tkphp/Public/Plugins/1.png
ERR: 无法加载模块:Public

[ 2015-03-29T18:53:45+08:00 ] ::1 /tkphp/Public/Plugins/1.png
ERR: 无法加载模块:Public

[ 2015-03-29T18:54:18+08:00 ] ::1 /tkphp/Public/Plugins/1.png
ERR: 无法加载模块:Public

[ 2015-03-29T18:54:22+08:00 ] ::1 /tkphp/Public/Plugins/1.png
ERR: 无法加载模块:Public

[ 2015-03-29T18:54:43+08:00 ] ::1 /tkphp/Public/Plugins/1.png
ERR: 无法加载模块:Public

[ 2015-03-29T18:54:49+08:00 ] ::1 /tkphp/Public/Plugins/1.png
ERR: 无法加载模块:Public

[ 2015-03-29T18:55:06+08:00 ] ::1 /tkphp/Public/Plugins/1.png
ERR: 无法加载模块:Public

[ 2015-03-29T18:55:38+08:00 ] ::1 /tkphp/Public/Plugins/1.png
ERR: 无法加载模块:Public

[ 2015-03-29T18:55:43+08:00 ] ::1 /tkphp/Public/Plugins/1.png
ERR: 无法加载模块:Public

[ 2015-03-29T18:55:47+08:00 ] ::1 /tkphp/Public/Plugins/1.png
ERR: 无法加载模块:Public

[ 2015-03-29T18:56:10+08:00 ] ::1 /tkphp/Public/Plugins/1.png
ERR: 无法加载模块:Public

[ 2015-03-29T18:56:14+08:00 ] ::1 /tkphp/Public/Plugins/1.png
ERR: 无法加载模块:Public

[ 2015-03-29T18:56:18+08:00 ] ::1 /tkphp/Public/Plugins/1.png
ERR: 无法加载模块:Public

[ 2015-03-29T18:56:22+08:00 ] ::1 /tkphp/Public/Plugins/1.png
ERR: 无法加载模块:Public

[ 2015-03-29T18:56:26+08:00 ] ::1 /tkphp/Public/Plugins/1.png
ERR: 无法加载模块:Public

[ 2015-03-29T18:56:30+08:00 ] ::1 /tkphp/Public/Plugins/1.png
ERR: 无法加载模块:Public

[ 2015-03-29T18:56:33+08:00 ] ::1 /tkphp/Public/Plugins/1.png
ERR: 无法加载模块:Public

[ 2015-03-29T18:56:37+08:00 ] ::1 /tkphp/Public/Plugins/1.png
ERR: 无法加载模块:Public

[ 2015-03-29T18:57:42+08:00 ] ::1 /tkphp/Public/Plugins/1.png
ERR: 无法加载模块:Public

[ 2015-03-29T18:57:45+08:00 ] ::1 /tkphp/Public/Plugins/1.png
ERR: 无法加载模块:Public

[ 2015-03-29T18:57:51+08:00 ] ::1 /tkphp/Public/Plugins/1.png
ERR: 无法加载模块:Public

[ 2015-03-29T18:58:12+08:00 ] ::1 /tkphp/Public/Plugins/1.png
ERR: 无法加载模块:Public

[ 2015-03-29T19:00:14+08:00 ] ::1 /tkphp/Public/Plugins/1.png
ERR: 无法加载模块:Public

[ 2015-03-29T19:04:24+08:00 ] ::1 /tkphp/Public/Plugins/1.png
ERR: 无法加载模块:Public

[ 2015-03-29T19:04:28+08:00 ] ::1 /tkphp/Public/Plugins/1.png
ERR: 无法加载模块:Public

[ 2015-03-29T19:04:58+08:00 ] ::1 /tkphp/Public/Plugins/1.png
ERR: 无法加载模块:Public

[ 2015-03-29T19:05:48+08:00 ] ::1 /tkphp/Public/Plugins/1.png
ERR: 无法加载模块:Public

[ 2015-03-29T19:06:08+08:00 ] ::1 /tkphp/Public/Plugins/1.png
ERR: 无法加载模块:Public

[ 2015-03-29T19:07:33+08:00 ] ::1 /tkphp/Public/Plugins/1.png
ERR: 无法加载模块:Public

[ 2015-03-29T19:47:00+08:00 ] ::1 /tkphp/Public/Plugins/1.png
ERR: 无法加载模块:Public

[ 2015-03-29T19:54:58+08:00 ] ::1 /tkphp/Public/Plugins/1.png
ERR: 无法加载模块:Public

[ 2015-03-29T19:55:05+08:00 ] ::1 /tkphp/Public/Plugins/1.png
ERR: 无法加载模块:Public

[ 2015-03-29T19:55:09+08:00 ] ::1 /tkphp/Public/Plugins/1.png
ERR: 无法加载模块:Public

[ 2015-03-29T19:55:13+08:00 ] ::1 /tkphp/Public/Plugins/1.png
ERR: 无法加载模块:Public

[ 2015-03-29T19:55:45+08:00 ] ::1 /tkphp/Public/Plugins/1.png
ERR: 无法加载模块:Public

[ 2015-03-29T19:55:51+08:00 ] ::1 /tkphp/Public/Plugins/1.png
ERR: 无法加载模块:Public

[ 2015-03-29T19:55:57+08:00 ] ::1 /tkphp/Public/Plugins/1.png
ERR: 无法加载模块:Public

[ 2015-03-29T19:57:19+08:00 ] ::1 /tkphp/Public/Plugins/1.png
ERR: 无法加载模块:Public

[ 2015-03-29T19:57:49+08:00 ] ::1 /tkphp/Public/Plugins/1.png
ERR: 无法加载模块:Public

[ 2015-03-29T22:01:07+08:00 ] 127.0.0.1 /tkphp/twitter/jquery.tweet.js
ERR: 无法加载模块:Twitter

[ 2015-03-29T22:01:07+08:00 ] 127.0.0.1 /tkphp/js/tinynav.min.js
ERR: 无法加载模块:Js

[ 2015-03-29T22:01:08+08:00 ] 127.0.0.1 /tkphp/Public/homeshop/css/chosen-sprite.png
ERR: 无法加载模块:Public

