[ 2015-03-11T08:02:05+08:00 ] ::1 /tkphp/Public/ueditor.config.js
INFO: [ app_init ] --START--
INFO: Run Behavior\BuildLiteBehavior [ RunTime:0.000060s ]
INFO: [ app_init ] --END-- [ RunTime:0.001433s ]
ERR: 无法加载模块:Public

[ 2015-03-11T08:02:05+08:00 ] ::1 /tkphp/Public/ueditor.all.min.js
INFO: [ app_init ] --START--
INFO: Run Behavior\BuildLiteBehavior [ RunTime:0.000038s ]
INFO: [ app_init ] --END-- [ RunTime:0.001123s ]
ERR: 无法加载模块:Public

[ 2015-03-11T08:02:11+08:00 ] ::1 /tkphp/Public/ueditor.all.min.js
INFO: [ app_init ] --START--
INFO: Run Behavior\BuildLiteBehavior [ RunTime:0.000042s ]
INFO: [ app_init ] --END-- [ RunTime:0.001043s ]
ERR: 无法加载模块:Public

[ 2015-03-11T08:02:11+08:00 ] ::1 /tkphp/Public/ueditor.config.js
INFO: [ app_init ] --START--
INFO: Run Behavior\BuildLiteBehavior [ RunTime:0.000064s ]
INFO: [ app_init ] --END-- [ RunTime:0.002159s ]
ERR: 无法加载模块:Public

[ 2015-03-11T08:02:12+08:00 ] ::1 /tkphp/Public/ueditor.all.min.js
INFO: [ app_init ] --START--
INFO: Run Behavior\BuildLiteBehavior [ RunTime:0.000041s ]
INFO: [ app_init ] --END-- [ RunTime:0.001170s ]
ERR: 无法加载模块:Public

[ 2015-03-11T08:02:12+08:00 ] ::1 /tkphp/Public/ueditor.config.js
INFO: [ app_init ] --START--
INFO: Run Behavior\BuildLiteBehavior [ RunTime:0.000042s ]
INFO: [ app_init ] --END-- [ RunTime:0.001104s ]
ERR: 无法加载模块:Public

[ 2015-03-11T08:02:12+08:00 ] ::1 /tkphp/Public/ueditor.all.min.js
INFO: [ app_init ] --START--
INFO: Run Behavior\BuildLiteBehavior [ RunTime:0.000042s ]
INFO: [ app_init ] --END-- [ RunTime:0.001165s ]
ERR: 无法加载模块:Public

[ 2015-03-11T08:02:12+08:00 ] ::1 /tkphp/Public/ueditor.config.js
INFO: [ app_init ] --START--
INFO: Run Behavior\BuildLiteBehavior [ RunTime:0.000041s ]
INFO: [ app_init ] --END-- [ RunTime:0.001064s ]
ERR: 无法加载模块:Public

[ 2015-03-11T08:02:12+08:00 ] ::1 /tkphp/Public/ueditor.config.js
INFO: [ app_init ] --START--
INFO: Run Behavior\BuildLiteBehavior [ RunTime:0.000037s ]
INFO: [ app_init ] --END-- [ RunTime:0.001133s ]
ERR: 无法加载模块:Public

[ 2015-03-11T08:02:12+08:00 ] ::1 /tkphp/Public/ueditor.all.min.js
INFO: [ app_init ] --START--
INFO: Run Behavior\BuildLiteBehavior [ RunTime:0.000052s ]
INFO: [ app_init ] --END-- [ RunTime:0.001385s ]
ERR: 无法加载模块:Public

[ 2015-03-11T08:02:13+08:00 ] ::1 /tkphp/Public/ueditor.config.js
INFO: [ app_init ] --START--
INFO: Run Behavior\BuildLiteBehavior [ RunTime:0.000054s ]
INFO: [ app_init ] --END-- [ RunTime:0.001333s ]
ERR: 无法加载模块:Public

[ 2015-03-11T08:02:13+08:00 ] ::1 /tkphp/Public/ueditor.all.min.js
INFO: [ app_init ] --START--
INFO: Run Behavior\BuildLiteBehavior [ RunTime:0.000063s ]
INFO: [ app_init ] --END-- [ RunTime:0.001438s ]
ERR: 无法加载模块:Public

[ 2015-03-11T08:02:13+08:00 ] ::1 /tkphp/Public/ueditor.all.min.js
INFO: [ app_init ] --START--
INFO: Run Behavior\BuildLiteBehavior [ RunTime:0.000042s ]
INFO: [ app_init ] --END-- [ RunTime:0.001070s ]
ERR: 无法加载模块:Public

[ 2015-03-11T08:02:13+08:00 ] ::1 /tkphp/Public/ueditor.config.js
INFO: [ app_init ] --START--
INFO: Run Behavior\BuildLiteBehavior [ RunTime:0.000037s ]
INFO: [ app_init ] --END-- [ RunTime:0.001040s ]
ERR: 无法加载模块:Public

[ 2015-03-11T08:02:13+08:00 ] ::1 /tkphp/Public/ueditor.all.min.js
INFO: [ app_init ] --START--
INFO: Run Behavior\BuildLiteBehavior [ RunTime:0.000041s ]
INFO: [ app_init ] --END-- [ RunTime:0.001128s ]
ERR: 无法加载模块:Public

[ 2015-03-11T08:02:13+08:00 ] ::1 /tkphp/Public/ueditor.config.js
INFO: [ app_init ] --START--
INFO: Run Behavior\BuildLiteBehavior [ RunTime:0.000039s ]
INFO: [ app_init ] --END-- [ RunTime:0.001053s ]
ERR: 无法加载模块:Public

[ 2015-03-11T08:02:13+08:00 ] ::1 /tkphp/Public/ueditor.config.js
INFO: [ app_init ] --START--
INFO: Run Behavior\BuildLiteBehavior [ RunTime:0.000046s ]
INFO: [ app_init ] --END-- [ RunTime:0.001380s ]
ERR: 无法加载模块:Public

[ 2015-03-11T08:02:13+08:00 ] ::1 /tkphp/Public/ueditor.all.min.js
INFO: [ app_init ] --START--
INFO: Run Behavior\BuildLiteBehavior [ RunTime:0.000040s ]
INFO: [ app_init ] --END-- [ RunTime:0.001171s ]
ERR: 无法加载模块:Public

[ 2015-03-11T14:01:02+08:00 ] ::1 /tkphp/products/iphone.png
INFO: [ app_init ] --START--
INFO: Run Behavior\BuildLiteBehavior [ RunTime:0.000059s ]
INFO: [ app_init ] --END-- [ RunTime:0.001502s ]
ERR: 无法加载模块:Products

[ 2015-03-11T14:01:02+08:00 ] ::1 /tkphp/banner/slider2.jpg
INFO: [ app_init ] --START--
INFO: Run Behavior\BuildLiteBehavior [ RunTime:0.000057s ]
INFO: [ app_init ] --END-- [ RunTime:0.001919s ]
ERR: 无法加载模块:Banner

[ 2015-03-11T14:01:02+08:00 ] ::1 /tkphp/products/ipad.png
INFO: [ app_init ] --START--
INFO: Run Behavior\BuildLiteBehavior [ RunTime:0.000061s ]
INFO: [ app_init ] --END-- [ RunTime:0.001786s ]
ERR: 无法加载模块:Products

[ 2015-03-11T14:01:02+08:00 ] ::1 /tkphp/img/logo.png
INFO: [ app_init ] --START--
INFO: Run Behavior\BuildLiteBehavior [ RunTime:0.000066s ]
INFO: [ app_init ] --END-- [ RunTime:0.001786s ]
ERR: 无法加载模块:Img

[ 2015-03-11T14:01:02+08:00 ] ::1 /tkphp/banner/slider.jpg
INFO: [ app_init ] --START--
INFO: Run Behavior\BuildLiteBehavior [ RunTime:0.000078s ]
INFO: [ app_init ] --END-- [ RunTime:0.002094s ]
ERR: 无法加载模块:Banner

[ 2015-03-11T14:01:02+08:00 ] ::1 /tkphp/products/folio-1.jpg
INFO: [ app_init ] --START--
INFO: Run Behavior\BuildLiteBehavior [ RunTime:0.000071s ]
INFO: [ app_init ] --END-- [ RunTime:0.007487s ]
ERR: 无法加载模块:Products

[ 2015-03-11T14:01:02+08:00 ] ::1 /tkphp/products/folio-2.jpg
INFO: [ app_init ] --START--
INFO: Run Behavior\BuildLiteBehavior [ RunTime:0.000063s ]
INFO: [ app_init ] --END-- [ RunTime:0.001553s ]
ERR: 无法加载模块:Products

[ 2015-03-11T14:01:02+08:00 ] ::1 /tkphp/products/folio-3.jpg
INFO: [ app_init ] --START--
INFO: Run Behavior\BuildLiteBehavior [ RunTime:0.000059s ]
INFO: [ app_init ] --END-- [ RunTime:0.001605s ]
ERR: 无法加载模块:Products

[ 2015-03-11T14:01:02+08:00 ] ::1 /tkphp/products/folio-4.jpg
INFO: [ app_init ] --START--
INFO: Run Behavior\BuildLiteBehavior [ RunTime:0.000075s ]
INFO: [ app_init ] --END-- [ RunTime:0.001734s ]
ERR: 无法加载模块:Products

[ 2015-03-11T14:01:02+08:00 ] ::1 /tkphp/banner/banner-small-2.jpg
INFO: [ app_init ] --START--
INFO: Run Behavior\BuildLiteBehavior [ RunTime:0.000061s ]
INFO: [ app_init ] --END-- [ RunTime:0.001579s ]
ERR: 无法加载模块:Banner

[ 2015-03-11T14:01:02+08:00 ] ::1 /tkphp/banner/banner-small-1.jpg
INFO: [ app_init ] --START--
INFO: Run Behavior\BuildLiteBehavior [ RunTime:0.000058s ]
INFO: [ app_init ] --END-- [ RunTime:0.001580s ]
ERR: 无法加载模块:Banner

[ 2015-03-11T14:01:02+08:00 ] ::1 /tkphp/brands/apple.png
INFO: [ app_init ] --START--
INFO: Run Behavior\BuildLiteBehavior [ RunTime:0.000115s ]
INFO: [ app_init ] --END-- [ RunTime:0.002789s ]
ERR: 无法加载模块:Brands

[ 2015-03-11T14:01:02+08:00 ] ::1 /tkphp/brands/sony.png
INFO: [ app_init ] --START--
INFO: Run Behavior\BuildLiteBehavior [ RunTime:0.000065s ]
INFO: [ app_init ] --END-- [ RunTime:0.001539s ]
ERR: 无法加载模块:Brands

[ 2015-03-11T14:01:02+08:00 ] ::1 /tkphp/brands/canon.png
INFO: [ app_init ] --START--
INFO: Run Behavior\BuildLiteBehavior [ RunTime:0.000064s ]
INFO: [ app_init ] --END-- [ RunTime:0.001814s ]
ERR: 无法加载模块:Brands

[ 2015-03-11T14:01:02+08:00 ] ::1 /tkphp/brands/microsoft.png
INFO: [ app_init ] --START--
INFO: Run Behavior\BuildLiteBehavior [ RunTime:0.000065s ]
INFO: [ app_init ] --END-- [ RunTime:0.001524s ]
ERR: 无法加载模块:Brands

[ 2015-03-11T14:01:02+08:00 ] ::1 /tkphp/brands/hp.png
INFO: [ app_init ] --START--
INFO: Run Behavior\BuildLiteBehavior [ RunTime:0.000137s ]
INFO: [ app_init ] --END-- [ RunTime:0.001813s ]
ERR: 无法加载模块:Brands

[ 2015-03-11T14:01:02+08:00 ] ::1 /tkphp/brands/samsung.png
INFO: [ app_init ] --START--
INFO: Run Behavior\BuildLiteBehavior [ RunTime:0.000065s ]
INFO: [ app_init ] --END-- [ RunTime:0.003131s ]
ERR: 无法加载模块:Brands

[ 2015-03-11T14:01:02+08:00 ] ::1 /tkphp/products/store.jpg
INFO: [ app_init ] --START--
INFO: Run Behavior\BuildLiteBehavior [ RunTime:0.000062s ]
INFO: [ app_init ] --END-- [ RunTime:0.001541s ]
ERR: 无法加载模块:Products

[ 2015-03-11T14:01:02+08:00 ] ::1 /tkphp/img/cards.png
INFO: [ app_init ] --START--
INFO: Run Behavior\BuildLiteBehavior [ RunTime:0.000068s ]
INFO: [ app_init ] --END-- [ RunTime:0.001637s ]
ERR: 无法加载模块:Img

[ 2015-03-11T14:01:09+08:00 ] ::1 /tkphp/Public/home/img/favicon.ico
INFO: [ app_init ] --START--
INFO: Run Behavior\BuildLiteBehavior [ RunTime:0.000074s ]
INFO: [ app_init ] --END-- [ RunTime:0.001698s ]
ERR: 无法加载模块:Public

[ 2015-03-11T14:01:19+08:00 ] ::1 /tkphp/css/color/red.css
INFO: [ app_init ] --START--
INFO: Run Behavior\BuildLiteBehavior [ RunTime:0.000075s ]
INFO: [ app_init ] --END-- [ RunTime:0.001402s ]
ERR: 无法加载模块:Css

[ 2015-03-11T14:02:26+08:00 ] ::1 /tkphp/banner/slider.jpg
INFO: [ app_init ] --START--
INFO: Run Behavior\BuildLiteBehavior [ RunTime:0.000062s ]
INFO: [ app_init ] --END-- [ RunTime:0.001700s ]
ERR: 无法加载模块:Banner

[ 2015-03-11T14:02:26+08:00 ] ::1 /tkphp/banner/slider2.jpg
INFO: [ app_init ] --START--
INFO: Run Behavior\BuildLiteBehavior [ RunTime:0.000153s ]
INFO: [ app_init ] --END-- [ RunTime:0.001750s ]
ERR: 无法加载模块:Banner

[ 2015-03-11T14:02:26+08:00 ] ::1 /tkphp/img/logo.png
INFO: [ app_init ] --START--
INFO: Run Behavior\BuildLiteBehavior [ RunTime:0.000062s ]
INFO: [ app_init ] --END-- [ RunTime:0.001618s ]
ERR: 无法加载模块:Img

[ 2015-03-11T14:02:26+08:00 ] ::1 /tkphp/products/iphone.png
INFO: [ app_init ] --START--
INFO: Run Behavior\BuildLiteBehavior [ RunTime:0.000054s ]
INFO: [ app_init ] --END-- [ RunTime:0.001484s ]
ERR: 无法加载模块:Products

[ 2015-03-11T14:02:26+08:00 ] ::1 /tkphp/products/folio-2.jpg
INFO: [ app_init ] --START--
INFO: Run Behavior\BuildLiteBehavior [ RunTime:0.000063s ]
INFO: [ app_init ] --END-- [ RunTime:0.001464s ]
ERR: 无法加载模块:Products

[ 2015-03-11T14:02:26+08:00 ] ::1 /tkphp/products/ipad.png
INFO: [ app_init ] --START--
INFO: Run Behavior\BuildLiteBehavior [ RunTime:0.000067s ]
INFO: [ app_init ] --END-- [ RunTime:0.001513s ]
ERR: 无法加载模块:Products

[ 2015-03-11T14:02:26+08:00 ] ::1 /tkphp/products/folio-1.jpg
INFO: [ app_init ] --START--
INFO: Run Behavior\BuildLiteBehavior [ RunTime:0.000059s ]
INFO: [ app_init ] --END-- [ RunTime:0.001472s ]
ERR: 无法加载模块:Products

[ 2015-03-11T14:02:26+08:00 ] ::1 /tkphp/products/folio-3.jpg
INFO: [ app_init ] --START--
INFO: Run Behavior\BuildLiteBehavior [ RunTime:0.000064s ]
INFO: [ app_init ] --END-- [ RunTime:0.003149s ]
ERR: 无法加载模块:Products

[ 2015-03-11T14:02:26+08:00 ] ::1 /tkphp/products/folio-4.jpg
INFO: [ app_init ] --START--
INFO: Run Behavior\BuildLiteBehavior [ RunTime:0.000158s ]
INFO: [ app_init ] --END-- [ RunTime:0.003046s ]
ERR: 无法加载模块:Products

[ 2015-03-11T14:02:26+08:00 ] ::1 /tkphp/banner/banner-small-1.jpg
INFO: [ app_init ] --START--
INFO: Run Behavior\BuildLiteBehavior [ RunTime:0.000069s ]
INFO: [ app_init ] --END-- [ RunTime:0.001578s ]
ERR: 无法加载模块:Banner

[ 2015-03-11T14:02:26+08:00 ] ::1 /tkphp/banner/banner-small-2.jpg
INFO: [ app_init ] --START--
INFO: Run Behavior\BuildLiteBehavior [ RunTime:0.000208s ]
INFO: [ app_init ] --END-- [ RunTime:0.002573s ]
ERR: 无法加载模块:Banner

[ 2015-03-11T14:02:26+08:00 ] ::1 /tkphp/brands/apple.png
INFO: [ app_init ] --START--
INFO: Run Behavior\BuildLiteBehavior [ RunTime:0.000062s ]
INFO: [ app_init ] --END-- [ RunTime:0.001477s ]
ERR: 无法加载模块:Brands

[ 2015-03-11T14:02:26+08:00 ] ::1 /tkphp/brands/canon.png
INFO: [ app_init ] --START--
INFO: Run Behavior\BuildLiteBehavior [ RunTime:0.000081s ]
INFO: [ app_init ] --END-- [ RunTime:0.001663s ]
ERR: 无法加载模块:Brands

[ 2015-03-11T14:02:26+08:00 ] ::1 /tkphp/brands/microsoft.png
INFO: [ app_init ] --START--
INFO: Run Behavior\BuildLiteBehavior [ RunTime:0.000066s ]
INFO: [ app_init ] --END-- [ RunTime:0.001852s ]
ERR: 无法加载模块:Brands

[ 2015-03-11T14:02:26+08:00 ] ::1 /tkphp/brands/hp.png
INFO: [ app_init ] --START--
INFO: Run Behavior\BuildLiteBehavior [ RunTime:0.000071s ]
INFO: [ app_init ] --END-- [ RunTime:0.001625s ]
ERR: 无法加载模块:Brands

[ 2015-03-11T14:02:26+08:00 ] ::1 /tkphp/brands/sony.png
INFO: [ app_init ] --START--
INFO: Run Behavior\BuildLiteBehavior [ RunTime:0.000069s ]
INFO: [ app_init ] --END-- [ RunTime:0.002802s ]
ERR: 无法加载模块:Brands

[ 2015-03-11T14:02:26+08:00 ] ::1 /tkphp/brands/samsung.png
INFO: [ app_init ] --START--
INFO: Run Behavior\BuildLiteBehavior [ RunTime:0.000066s ]
INFO: [ app_init ] --END-- [ RunTime:0.001506s ]
ERR: 无法加载模块:Brands

[ 2015-03-11T14:02:26+08:00 ] ::1 /tkphp/products/store.jpg
INFO: [ app_init ] --START--
INFO: Run Behavior\BuildLiteBehavior [ RunTime:0.000062s ]
INFO: [ app_init ] --END-- [ RunTime:0.001781s ]
ERR: 无法加载模块:Products

[ 2015-03-11T14:02:26+08:00 ] ::1 /tkphp/img/cards.png
INFO: [ app_init ] --START--
INFO: Run Behavior\BuildLiteBehavior [ RunTime:0.000041s ]
INFO: [ app_init ] --END-- [ RunTime:0.001091s ]
ERR: 无法加载模块:Img

[ 2015-03-11T14:02:33+08:00 ] ::1 /tkphp/Public/home/img/favicon.ico
INFO: [ app_init ] --START--
INFO: Run Behavior\BuildLiteBehavior [ RunTime:0.000058s ]
INFO: [ app_init ] --END-- [ RunTime:0.001154s ]
ERR: 无法加载模块:Public

[ 2015-03-11T14:02:36+08:00 ] ::1 /tkphp/products/ipad.png
INFO: [ app_init ] --START--
INFO: Run Behavior\BuildLiteBehavior [ RunTime:0.000062s ]
INFO: [ app_init ] --END-- [ RunTime:0.001542s ]
ERR: 无法加载模块:Products

[ 2015-03-11T14:02:36+08:00 ] ::1 /tkphp/banner/slider2.jpg
INFO: [ app_init ] --START--
INFO: Run Behavior\BuildLiteBehavior [ RunTime:0.000058s ]
INFO: [ app_init ] --END-- [ RunTime:0.001466s ]
ERR: 无法加载模块:Banner

[ 2015-03-11T14:02:36+08:00 ] ::1 /tkphp/banner/slider.jpg
INFO: [ app_init ] --START--
INFO: Run Behavior\BuildLiteBehavior [ RunTime:0.000059s ]
INFO: [ app_init ] --END-- [ RunTime:0.001391s ]
ERR: 无法加载模块:Banner

[ 2015-03-11T14:02:36+08:00 ] ::1 /tkphp/img/logo.png
INFO: [ app_init ] --START--
INFO: Run Behavior\BuildLiteBehavior [ RunTime:0.000064s ]
INFO: [ app_init ] --END-- [ RunTime:0.023463s ]
ERR: 无法加载模块:Img

[ 2015-03-11T14:02:36+08:00 ] ::1 /tkphp/products/iphone.png
INFO: [ app_init ] --START--
INFO: Run Behavior\BuildLiteBehavior [ RunTime:0.000060s ]
INFO: [ app_init ] --END-- [ RunTime:0.001524s ]
ERR: 无法加载模块:Products

[ 2015-03-11T14:02:36+08:00 ] ::1 /tkphp/products/folio-2.jpg
INFO: [ app_init ] --START--
INFO: Run Behavior\BuildLiteBehavior [ RunTime:0.000058s ]
INFO: [ app_init ] --END-- [ RunTime:0.001466s ]
ERR: 无法加载模块:Products

[ 2015-03-11T14:02:36+08:00 ] ::1 /tkphp/products/folio-1.jpg
INFO: [ app_init ] --START--
INFO: Run Behavior\BuildLiteBehavior [ RunTime:0.000071s ]
INFO: [ app_init ] --END-- [ RunTime:0.001582s ]
ERR: 无法加载模块:Products

[ 2015-03-11T14:02:36+08:00 ] ::1 /tkphp/products/folio-4.jpg
INFO: [ app_init ] --START--
INFO: Run Behavior\BuildLiteBehavior [ RunTime:0.000060s ]
INFO: [ app_init ] --END-- [ RunTime:0.001516s ]
ERR: 无法加载模块:Products

[ 2015-03-11T14:02:36+08:00 ] ::1 /tkphp/products/folio-3.jpg
INFO: [ app_init ] --START--
INFO: Run Behavior\BuildLiteBehavior [ RunTime:0.000058s ]
INFO: [ app_init ] --END-- [ RunTime:0.001382s ]
ERR: 无法加载模块:Products

[ 2015-03-11T14:02:36+08:00 ] ::1 /tkphp/banner/banner-small-1.jpg
INFO: [ app_init ] --START--
INFO: Run Behavior\BuildLiteBehavior [ RunTime:0.000059s ]
INFO: [ app_init ] --END-- [ RunTime:0.001768s ]
ERR: 无法加载模块:Banner

[ 2015-03-11T14:02:36+08:00 ] ::1 /tkphp/banner/banner-small-2.jpg
INFO: [ app_init ] --START--
INFO: Run Behavior\BuildLiteBehavior [ RunTime:0.000061s ]
INFO: [ app_init ] --END-- [ RunTime:0.001408s ]
ERR: 无法加载模块:Banner

[ 2015-03-11T14:02:36+08:00 ] ::1 /tkphp/brands/canon.png
INFO: [ app_init ] --START--
INFO: Run Behavior\BuildLiteBehavior [ RunTime:0.000066s ]
INFO: [ app_init ] --END-- [ RunTime:0.002457s ]
ERR: 无法加载模块:Brands

[ 2015-03-11T14:02:36+08:00 ] ::1 /tkphp/brands/apple.png
INFO: [ app_init ] --START--
INFO: Run Behavior\BuildLiteBehavior [ RunTime:0.000061s ]
INFO: [ app_init ] --END-- [ RunTime:0.001458s ]
ERR: 无法加载模块:Brands

[ 2015-03-11T14:02:36+08:00 ] ::1 /tkphp/brands/microsoft.png
INFO: [ app_init ] --START--
INFO: Run Behavior\BuildLiteBehavior [ RunTime:0.000067s ]
INFO: [ app_init ] --END-- [ RunTime:0.002463s ]
ERR: 无法加载模块:Brands

[ 2015-03-11T14:02:36+08:00 ] ::1 /tkphp/products/store.jpg
INFO: [ app_init ] --START--
INFO: Run Behavior\BuildLiteBehavior [ RunTime:0.000059s ]
INFO: [ app_init ] --END-- [ RunTime:0.001727s ]
ERR: 无法加载模块:Products

[ 2015-03-11T14:02:36+08:00 ] ::1 /tkphp/brands/samsung.png
INFO: [ app_init ] --START--
INFO: Run Behavior\BuildLiteBehavior [ RunTime:0.000064s ]
INFO: [ app_init ] --END-- [ RunTime:0.002385s ]
ERR: 无法加载模块:Brands

[ 2015-03-11T14:02:36+08:00 ] ::1 /tkphp/img/cards.png
INFO: [ app_init ] --START--
INFO: Run Behavior\BuildLiteBehavior [ RunTime:0.000062s ]
INFO: [ app_init ] --END-- [ RunTime:0.001424s ]
ERR: 无法加载模块:Img

[ 2015-03-11T14:02:36+08:00 ] ::1 /tkphp/brands/hp.png
INFO: [ app_init ] --START--
INFO: Run Behavior\BuildLiteBehavior [ RunTime:0.000060s ]
INFO: [ app_init ] --END-- [ RunTime:0.002113s ]
ERR: 无法加载模块:Brands

[ 2015-03-11T14:02:43+08:00 ] ::1 /tkphp/Public/home/img/favicon.ico
INFO: [ app_init ] --START--
INFO: Run Behavior\BuildLiteBehavior [ RunTime:0.000067s ]
INFO: [ app_init ] --END-- [ RunTime:0.001714s ]
ERR: 无法加载模块:Public

[ 2015-03-11T14:03:17+08:00 ] ::1 /tkphp/products/ipad.png
INFO: [ app_init ] --START--
INFO: Run Behavior\BuildLiteBehavior [ RunTime:0.000052s ]
INFO: [ app_init ] --END-- [ RunTime:0.001674s ]
ERR: 无法加载模块:Products

[ 2015-03-11T14:03:17+08:00 ] ::1 /tkphp/banner/slider2.jpg
INFO: [ app_init ] --START--
INFO: Run Behavior\BuildLiteBehavior [ RunTime:0.000065s ]
INFO: [ app_init ] --END-- [ RunTime:0.040192s ]
ERR: 无法加载模块:Banner

[ 2015-03-11T14:03:17+08:00 ] ::1 /tkphp/products/folio-1.jpg
INFO: [ app_init ] --START--
INFO: Run Behavior\BuildLiteBehavior [ RunTime:0.000067s ]
INFO: [ app_init ] --END-- [ RunTime:0.001768s ]
ERR: 无法加载模块:Products

[ 2015-03-11T14:03:17+08:00 ] ::1 /tkphp/products/iphone.png
INFO: [ app_init ] --START--
INFO: Run Behavior\BuildLiteBehavior [ RunTime:0.000064s ]
INFO: [ app_init ] --END-- [ RunTime:0.001726s ]
ERR: 无法加载模块:Products

[ 2015-03-11T14:03:17+08:00 ] ::1 /tkphp/banner/slider.jpg
INFO: [ app_init ] --START--
INFO: Run Behavior\BuildLiteBehavior [ RunTime:0.000060s ]
INFO: [ app_init ] --END-- [ RunTime:0.007426s ]
ERR: 无法加载模块:Banner

[ 2015-03-11T14:03:17+08:00 ] ::1 /tkphp/products/folio-2.jpg
INFO: [ app_init ] --START--
INFO: Run Behavior\BuildLiteBehavior [ RunTime:0.000061s ]
INFO: [ app_init ] --END-- [ RunTime:0.001456s ]
ERR: 无法加载模块:Products

[ 2015-03-11T14:03:17+08:00 ] ::1 /tkphp/products/folio-4.jpg
INFO: [ app_init ] --START--
INFO: Run Behavior\BuildLiteBehavior [ RunTime:0.000062s ]
INFO: [ app_init ] --END-- [ RunTime:0.001504s ]
ERR: 无法加载模块:Products

[ 2015-03-11T14:03:17+08:00 ] ::1 /tkphp/products/folio-3.jpg
INFO: [ app_init ] --START--
INFO: Run Behavior\BuildLiteBehavior [ RunTime:0.000060s ]
INFO: [ app_init ] --END-- [ RunTime:0.001546s ]
ERR: 无法加载模块:Products

[ 2015-03-11T14:03:17+08:00 ] ::1 /tkphp/banner/banner-small-1.jpg
INFO: [ app_init ] --START--
INFO: Run Behavior\BuildLiteBehavior [ RunTime:0.000067s ]
INFO: [ app_init ] --END-- [ RunTime:0.007587s ]
ERR: 无法加载模块:Banner

[ 2015-03-11T14:03:18+08:00 ] ::1 /tkphp/banner/banner-small-2.jpg
INFO: [ app_init ] --START--
INFO: Run Behavior\BuildLiteBehavior [ RunTime:0.000060s ]
INFO: [ app_init ] --END-- [ RunTime:0.001461s ]
ERR: 无法加载模块:Banner

[ 2015-03-11T14:03:18+08:00 ] ::1 /tkphp/brands/apple.png
INFO: [ app_init ] --START--
INFO: Run Behavior\BuildLiteBehavior [ RunTime:0.000064s ]
INFO: [ app_init ] --END-- [ RunTime:0.001465s ]
ERR: 无法加载模块:Brands

[ 2015-03-11T14:03:18+08:00 ] ::1 /tkphp/brands/sony.png
INFO: [ app_init ] --START--
INFO: Run Behavior\BuildLiteBehavior [ RunTime:0.000062s ]
INFO: [ app_init ] --END-- [ RunTime:0.001949s ]
ERR: 无法加载模块:Brands

[ 2015-03-11T14:03:18+08:00 ] ::1 /tkphp/brands/canon.png
INFO: [ app_init ] --START--
INFO: Run Behavior\BuildLiteBehavior [ RunTime:0.000080s ]
INFO: [ app_init ] --END-- [ RunTime:0.021265s ]
ERR: 无法加载模块:Brands

[ 2015-03-11T14:03:18+08:00 ] ::1 /tkphp/brands/microsoft.png
INFO: [ app_init ] --START--
INFO: Run Behavior\BuildLiteBehavior [ RunTime:0.000106s ]
INFO: [ app_init ] --END-- [ RunTime:0.003000s ]
ERR: 无法加载模块:Brands

[ 2015-03-11T14:03:18+08:00 ] ::1 /tkphp/brands/hp.png
INFO: [ app_init ] --START--
INFO: Run Behavior\BuildLiteBehavior [ RunTime:0.000066s ]
INFO: [ app_init ] --END-- [ RunTime:0.001437s ]
ERR: 无法加载模块:Brands

[ 2015-03-11T14:03:18+08:00 ] ::1 /tkphp/brands/samsung.png
INFO: [ app_init ] --START--
INFO: Run Behavior\BuildLiteBehavior [ RunTime:0.000061s ]
INFO: [ app_init ] --END-- [ RunTime:0.001540s ]
ERR: 无法加载模块:Brands

[ 2015-03-11T14:03:18+08:00 ] ::1 /tkphp/products/store.jpg
INFO: [ app_init ] --START--
INFO: Run Behavior\BuildLiteBehavior [ RunTime:0.000064s ]
INFO: [ app_init ] --END-- [ RunTime:0.001536s ]
ERR: 无法加载模块:Products

[ 2015-03-11T14:03:18+08:00 ] ::1 /tkphp/img/cards.png
INFO: [ app_init ] --START--
INFO: Run Behavior\BuildLiteBehavior [ RunTime:0.000059s ]
INFO: [ app_init ] --END-- [ RunTime:0.001883s ]
ERR: 无法加载模块:Img

[ 2015-03-11T14:03:25+08:00 ] ::1 /tkphp/Public/home/img/favicon.ico
INFO: [ app_init ] --START--
INFO: Run Behavior\BuildLiteBehavior [ RunTime:0.000067s ]
INFO: [ app_init ] --END-- [ RunTime:0.001794s ]
ERR: 无法加载模块:Public

[ 2015-03-11T14:04:19+08:00 ] ::1 /tkphp/products/folio-2.jpg
INFO: [ app_init ] --START--
INFO: Run Behavior\BuildLiteBehavior [ RunTime:0.000065s ]
INFO: [ app_init ] --END-- [ RunTime:0.001647s ]
ERR: 无法加载模块:Products

[ 2015-03-11T14:04:19+08:00 ] ::1 /tkphp/products/ipad.png
INFO: [ app_init ] --START--
INFO: Run Behavior\BuildLiteBehavior [ RunTime:0.000069s ]
INFO: [ app_init ] --END-- [ RunTime:0.024598s ]
ERR: 无法加载模块:Products

[ 2015-03-11T14:04:19+08:00 ] ::1 /tkphp/products/folio-1.jpg
INFO: [ app_init ] --START--
INFO: Run Behavior\BuildLiteBehavior [ RunTime:0.000064s ]
INFO: [ app_init ] --END-- [ RunTime:0.001604s ]
ERR: 无法加载模块:Products

[ 2015-03-11T14:04:19+08:00 ] ::1 /tkphp/products/iphone.png
INFO: [ app_init ] --START--
INFO: Run Behavior\BuildLiteBehavior [ RunTime:0.000055s ]
INFO: [ app_init ] --END-- [ RunTime:0.001526s ]
ERR: 无法加载模块:Products

[ 2015-03-11T14:04:19+08:00 ] ::1 /tkphp/products/folio-3.jpg
INFO: [ app_init ] --START--
INFO: Run Behavior\BuildLiteBehavior [ RunTime:0.000065s ]
INFO: [ app_init ] --END-- [ RunTime:0.007893s ]
ERR: 无法加载模块:Products

[ 2015-03-11T14:04:19+08:00 ] ::1 /tkphp/products/folio-4.jpg
INFO: [ app_init ] --START--
INFO: Run Behavior\BuildLiteBehavior [ RunTime:0.000063s ]
INFO: [ app_init ] --END-- [ RunTime:0.001527s ]
ERR: 无法加载模块:Products

[ 2015-03-11T14:04:19+08:00 ] ::1 /tkphp/banner/banner-small-1.jpg
INFO: [ app_init ] --START--
INFO: Run Behavior\BuildLiteBehavior [ RunTime:0.000061s ]
INFO: [ app_init ] --END-- [ RunTime:0.001439s ]
ERR: 无法加载模块:Banner

[ 2015-03-11T14:04:19+08:00 ] ::1 /tkphp/banner/banner-small-2.jpg
INFO: [ app_init ] --START--
INFO: Run Behavior\BuildLiteBehavior [ RunTime:0.000067s ]
INFO: [ app_init ] --END-- [ RunTime:0.001453s ]
ERR: 无法加载模块:Banner

[ 2015-03-11T14:04:19+08:00 ] ::1 /tkphp/brands/apple.png
INFO: [ app_init ] --START--
INFO: Run Behavior\BuildLiteBehavior [ RunTime:0.000070s ]
INFO: [ app_init ] --END-- [ RunTime:0.001497s ]
ERR: 无法加载模块:Brands

[ 2015-03-11T14:04:19+08:00 ] ::1 /tkphp/brands/sony.png
INFO: [ app_init ] --START--
INFO: Run Behavior\BuildLiteBehavior [ RunTime:0.000065s ]
INFO: [ app_init ] --END-- [ RunTime:0.001552s ]
ERR: 无法加载模块:Brands

[ 2015-03-11T14:04:19+08:00 ] ::1 /tkphp/brands/canon.png
INFO: [ app_init ] --START--
INFO: Run Behavior\BuildLiteBehavior [ RunTime:0.000065s ]
INFO: [ app_init ] --END-- [ RunTime:0.001555s ]
ERR: 无法加载模块:Brands

[ 2015-03-11T14:04:19+08:00 ] ::1 /tkphp/brands/microsoft.png
INFO: [ app_init ] --START--
INFO: Run Behavior\BuildLiteBehavior [ RunTime:0.000063s ]
INFO: [ app_init ] --END-- [ RunTime:0.001564s ]
ERR: 无法加载模块:Brands

[ 2015-03-11T14:04:19+08:00 ] ::1 /tkphp/brands/samsung.png
INFO: [ app_init ] --START--
INFO: Run Behavior\BuildLiteBehavior [ RunTime:0.000063s ]
INFO: [ app_init ] --END-- [ RunTime:0.001655s ]
ERR: 无法加载模块:Brands

[ 2015-03-11T14:04:19+08:00 ] ::1 /tkphp/brands/hp.png
INFO: [ app_init ] --START--
INFO: Run Behavior\BuildLiteBehavior [ RunTime:0.000060s ]
INFO: [ app_init ] --END-- [ RunTime:0.001634s ]
ERR: 无法加载模块:Brands

[ 2015-03-11T14:04:19+08:00 ] ::1 /tkphp/products/store.jpg
INFO: [ app_init ] --START--
INFO: Run Behavior\BuildLiteBehavior [ RunTime:0.000062s ]
INFO: [ app_init ] --END-- [ RunTime:0.001347s ]
ERR: 无法加载模块:Products

[ 2015-03-11T14:04:19+08:00 ] ::1 /tkphp/img/cards.png
INFO: [ app_init ] --START--
INFO: Run Behavior\BuildLiteBehavior [ RunTime:0.000065s ]
INFO: [ app_init ] --END-- [ RunTime:0.001538s ]
ERR: 无法加载模块:Img

[ 2015-03-11T14:04:27+08:00 ] ::1 /tkphp/Public/home/img/favicon.ico
INFO: [ app_init ] --START--
INFO: Run Behavior\BuildLiteBehavior [ RunTime:0.000062s ]
INFO: [ app_init ] --END-- [ RunTime:0.001283s ]
ERR: 无法加载模块:Public

[ 2015-03-11T14:07:04+08:00 ] ::1 /tkphp/products/folio-1.jpg
INFO: [ app_init ] --START--
INFO: Run Behavior\BuildLiteBehavior [ RunTime:0.000071s ]
INFO: [ app_init ] --END-- [ RunTime:0.002050s ]
ERR: 无法加载模块:Products

[ 2015-03-11T14:07:04+08:00 ] ::1 /tkphp/products/folio-2.jpg
INFO: [ app_init ] --START--
INFO: Run Behavior\BuildLiteBehavior [ RunTime:0.000075s ]
INFO: [ app_init ] --END-- [ RunTime:0.002825s ]
ERR: 无法加载模块:Products

[ 2015-03-11T14:07:04+08:00 ] ::1 /tkphp/products/ipad.png
INFO: [ app_init ] --START--
INFO: Run Behavior\BuildLiteBehavior [ RunTime:0.000058s ]
INFO: [ app_init ] --END-- [ RunTime:0.001778s ]
ERR: 无法加载模块:Products

[ 2015-03-11T14:07:04+08:00 ] ::1 /tkphp/products/iphone.png
INFO: [ app_init ] --START--
INFO: Run Behavior\BuildLiteBehavior [ RunTime:0.000063s ]
INFO: [ app_init ] --END-- [ RunTime:0.009569s ]
ERR: 无法加载模块:Products

[ 2015-03-11T14:07:04+08:00 ] ::1 /tkphp/products/folio-4.jpg
INFO: [ app_init ] --START--
INFO: Run Behavior\BuildLiteBehavior [ RunTime:0.000063s ]
INFO: [ app_init ] --END-- [ RunTime:0.002147s ]
ERR: 无法加载模块:Products

[ 2015-03-11T14:07:04+08:00 ] ::1 /tkphp/products/folio-3.jpg
INFO: [ app_init ] --START--
INFO: Run Behavior\BuildLiteBehavior [ RunTime:0.000067s ]
INFO: [ app_init ] --END-- [ RunTime:0.001743s ]
ERR: 无法加载模块:Products

[ 2015-03-11T14:07:04+08:00 ] ::1 /tkphp/banner/banner-small-1.jpg
INFO: [ app_init ] --START--
INFO: Run Behavior\BuildLiteBehavior [ RunTime:0.000058s ]
INFO: [ app_init ] --END-- [ RunTime:0.001560s ]
ERR: 无法加载模块:Banner

[ 2015-03-11T14:07:04+08:00 ] ::1 /tkphp/brands/canon.png
INFO: [ app_init ] --START--
INFO: Run Behavior\BuildLiteBehavior [ RunTime:0.000063s ]
INFO: [ app_init ] --END-- [ RunTime:0.001588s ]
ERR: 无法加载模块:Brands

[ 2015-03-11T14:07:04+08:00 ] ::1 /tkphp/brands/apple.png
INFO: [ app_init ] --START--
INFO: Run Behavior\BuildLiteBehavior [ RunTime:0.000066s ]
INFO: [ app_init ] --END-- [ RunTime:0.001935s ]
ERR: 无法加载模块:Brands

[ 2015-03-11T14:07:04+08:00 ] ::1 /tkphp/banner/banner-small-2.jpg
INFO: [ app_init ] --START--
INFO: Run Behavior\BuildLiteBehavior [ RunTime:0.000075s ]
INFO: [ app_init ] --END-- [ RunTime:0.007569s ]
ERR: 无法加载模块:Banner

[ 2015-03-11T14:07:04+08:00 ] ::1 /tkphp/brands/sony.png
INFO: [ app_init ] --START--
INFO: Run Behavior\BuildLiteBehavior [ RunTime:0.000081s ]
INFO: [ app_init ] --END-- [ RunTime:0.001617s ]
ERR: 无法加载模块:Brands

[ 2015-03-11T14:07:04+08:00 ] ::1 /tkphp/brands/microsoft.png
INFO: [ app_init ] --START--
INFO: Run Behavior\BuildLiteBehavior [ RunTime:0.000061s ]
INFO: [ app_init ] --END-- [ RunTime:0.001809s ]
ERR: 无法加载模块:Brands

[ 2015-03-11T14:07:04+08:00 ] ::1 /tkphp/brands/hp.png
INFO: [ app_init ] --START--
INFO: Run Behavior\BuildLiteBehavior [ RunTime:0.000064s ]
INFO: [ app_init ] --END-- [ RunTime:0.002061s ]
ERR: 无法加载模块:Brands

[ 2015-03-11T14:07:04+08:00 ] ::1 /tkphp/brands/samsung.png
INFO: [ app_init ] --START--
INFO: Run Behavior\BuildLiteBehavior [ RunTime:0.000069s ]
INFO: [ app_init ] --END-- [ RunTime:0.001752s ]
ERR: 无法加载模块:Brands

[ 2015-03-11T14:07:04+08:00 ] ::1 /tkphp/products/store.jpg
INFO: [ app_init ] --START--
INFO: Run Behavior\BuildLiteBehavior [ RunTime:0.000060s ]
INFO: [ app_init ] --END-- [ RunTime:0.001549s ]
ERR: 无法加载模块:Products

[ 2015-03-11T14:07:04+08:00 ] ::1 /tkphp/img/cards.png
INFO: [ app_init ] --START--
INFO: Run Behavior\BuildLiteBehavior [ RunTime:0.000060s ]
INFO: [ app_init ] --END-- [ RunTime:0.001635s ]
ERR: 无法加载模块:Img

[ 2015-03-11T14:07:31+08:00 ] ::1 /tkphp/products/iphone.png
INFO: [ app_init ] --START--
INFO: Run Behavior\BuildLiteBehavior [ RunTime:0.000062s ]
INFO: [ app_init ] --END-- [ RunTime:0.001468s ]
ERR: 无法加载模块:Products

[ 2015-03-11T14:07:31+08:00 ] ::1 /tkphp/products/ipad.png
INFO: [ app_init ] --START--
INFO: Run Behavior\BuildLiteBehavior [ RunTime:0.000063s ]
INFO: [ app_init ] --END-- [ RunTime:0.001594s ]
ERR: 无法加载模块:Products

[ 2015-03-11T14:07:31+08:00 ] ::1 /tkphp/products/folio-3.jpg
INFO: [ app_init ] --START--
INFO: Run Behavior\BuildLiteBehavior [ RunTime:0.000063s ]
INFO: [ app_init ] --END-- [ RunTime:0.001781s ]
ERR: 无法加载模块:Products

[ 2015-03-11T14:07:31+08:00 ] ::1 /tkphp/products/folio-2.jpg
INFO: [ app_init ] --START--
INFO: Run Behavior\BuildLiteBehavior [ RunTime:0.000063s ]
INFO: [ app_init ] --END-- [ RunTime:0.001596s ]
ERR: 无法加载模块:Products

[ 2015-03-11T14:07:31+08:00 ] ::1 /tkphp/products/folio-1.jpg
INFO: [ app_init ] --START--
INFO: Run Behavior\BuildLiteBehavior [ RunTime:0.000235s ]
INFO: [ app_init ] --END-- [ RunTime:0.001903s ]
ERR: 无法加载模块:Products

[ 2015-03-11T14:07:31+08:00 ] ::1 /tkphp/products/folio-4.jpg
INFO: [ app_init ] --START--
INFO: Run Behavior\BuildLiteBehavior [ RunTime:0.000069s ]
INFO: [ app_init ] --END-- [ RunTime:0.001692s ]
ERR: 无法加载模块:Products

[ 2015-03-11T14:07:31+08:00 ] ::1 /tkphp/brands/apple.png
INFO: [ app_init ] --START--
INFO: Run Behavior\BuildLiteBehavior [ RunTime:0.000064s ]
INFO: [ app_init ] --END-- [ RunTime:0.001916s ]
ERR: 无法加载模块:Brands

[ 2015-03-11T14:07:31+08:00 ] ::1 /tkphp/banner/banner-small-1.jpg
INFO: [ app_init ] --START--
INFO: Run Behavior\BuildLiteBehavior [ RunTime:0.000070s ]
INFO: [ app_init ] --END-- [ RunTime:0.001581s ]
ERR: 无法加载模块:Banner

[ 2015-03-11T14:07:31+08:00 ] ::1 /tkphp/banner/banner-small-2.jpg
INFO: [ app_init ] --START--
INFO: Run Behavior\BuildLiteBehavior [ RunTime:0.000096s ]
INFO: [ app_init ] --END-- [ RunTime:0.008158s ]
ERR: 无法加载模块:Banner

[ 2015-03-11T14:07:31+08:00 ] ::1 /tkphp/brands/canon.png
INFO: [ app_init ] --START--
INFO: Run Behavior\BuildLiteBehavior [ RunTime:0.000064s ]
INFO: [ app_init ] --END-- [ RunTime:0.001851s ]
ERR: 无法加载模块:Brands

[ 2015-03-11T14:07:31+08:00 ] ::1 /tkphp/brands/sony.png
INFO: [ app_init ] --START--
INFO: Run Behavior\BuildLiteBehavior [ RunTime:0.000060s ]
INFO: [ app_init ] --END-- [ RunTime:0.001509s ]
ERR: 无法加载模块:Brands

[ 2015-03-11T14:07:31+08:00 ] ::1 /tkphp/products/store.jpg
INFO: [ app_init ] --START--
INFO: Run Behavior\BuildLiteBehavior [ RunTime:0.000059s ]
INFO: [ app_init ] --END-- [ RunTime:0.001678s ]
ERR: 无法加载模块:Products

[ 2015-03-11T14:07:31+08:00 ] ::1 /tkphp/brands/microsoft.png
INFO: [ app_init ] --START--
INFO: Run Behavior\BuildLiteBehavior [ RunTime:0.000066s ]
INFO: [ app_init ] --END-- [ RunTime:0.002062s ]
ERR: 无法加载模块:Brands

[ 2015-03-11T14:07:31+08:00 ] ::1 /tkphp/brands/samsung.png
INFO: [ app_init ] --START--
INFO: Run Behavior\BuildLiteBehavior [ RunTime:0.000062s ]
INFO: [ app_init ] --END-- [ RunTime:0.001639s ]
ERR: 无法加载模块:Brands

[ 2015-03-11T14:07:31+08:00 ] ::1 /tkphp/brands/hp.png
INFO: [ app_init ] --START--
INFO: Run Behavior\BuildLiteBehavior [ RunTime:0.000082s ]
INFO: [ app_init ] --END-- [ RunTime:0.001679s ]
ERR: 无法加载模块:Brands

[ 2015-03-11T14:07:31+08:00 ] ::1 /tkphp/img/cards.png
INFO: [ app_init ] --START--
INFO: Run Behavior\BuildLiteBehavior [ RunTime:0.000076s ]
INFO: [ app_init ] --END-- [ RunTime:0.001792s ]
ERR: 无法加载模块:Img

[ 2015-03-11T14:07:38+08:00 ] ::1 /tkphp/Public/home/img/favicon.ico
INFO: [ app_init ] --START--
INFO: Run Behavior\BuildLiteBehavior [ RunTime:0.000064s ]
INFO: [ app_init ] --END-- [ RunTime:0.002155s ]
ERR: 无法加载模块:Public

[ 2015-03-11T14:20:29+08:00 ] ::1 /tkphp/products/folio-4.jpg
INFO: [ app_init ] --START--
INFO: Run Behavior\BuildLiteBehavior [ RunTime:0.000063s ]
INFO: [ app_init ] --END-- [ RunTime:0.004086s ]
ERR: 无法加载模块:Products

[ 2015-03-11T14:20:29+08:00 ] ::1 /tkphp/products/iphone.png
INFO: [ app_init ] --START--
INFO: Run Behavior\BuildLiteBehavior [ RunTime:0.000059s ]
INFO: [ app_init ] --END-- [ RunTime:0.001507s ]
ERR: 无法加载模块:Products

[ 2015-03-11T14:20:29+08:00 ] ::1 /tkphp/products/folio-3.jpg
INFO: [ app_init ] --START--
INFO: Run Behavior\BuildLiteBehavior [ RunTime:0.000055s ]
INFO: [ app_init ] --END-- [ RunTime:0.001623s ]
ERR: 无法加载模块:Products

[ 2015-03-11T14:20:29+08:00 ] ::1 /tkphp/products/ipad.png
INFO: [ app_init ] --START--
INFO: Run Behavior\BuildLiteBehavior [ RunTime:0.000060s ]
INFO: [ app_init ] --END-- [ RunTime:0.001842s ]
ERR: 无法加载模块:Products

[ 2015-03-11T14:20:29+08:00 ] ::1 /tkphp/products/folio-1.jpg
INFO: [ app_init ] --START--
INFO: Run Behavior\BuildLiteBehavior [ RunTime:0.000060s ]
INFO: [ app_init ] --END-- [ RunTime:0.001705s ]
ERR: 无法加载模块:Products

[ 2015-03-11T14:20:29+08:00 ] ::1 /tkphp/products/folio-2.jpg
INFO: [ app_init ] --START--
INFO: Run Behavior\BuildLiteBehavior [ RunTime:0.000062s ]
INFO: [ app_init ] --END-- [ RunTime:0.001736s ]
ERR: 无法加载模块:Products

[ 2015-03-11T14:20:29+08:00 ] ::1 /tkphp/brands/sony.png
INFO: [ app_init ] --START--
INFO: Run Behavior\BuildLiteBehavior [ RunTime:0.000071s ]
INFO: [ app_init ] --END-- [ RunTime:0.001523s ]
ERR: 无法加载模块:Brands

s

[ 2015-03-11T14:20:29+08:00 ] ::1 /tkphp/brands/canon.png
INFO: [ app_init ] --START--
INFO: Run Behavior\BuildLiteBehavior [ RunTime:0.000065s ]
INFO: [ app_init ] --END-- [ RunTime:0.001589s ]
ERR: 无法加载模块:Brands

[ 2015-03-11T14:20:29+08:00 ] ::1 /tkphp/banner/banner-small-2.jpg
INFO: [ app_init ] --START--
INFO: Run Behavior\BuildLiteBehavior [ RunTime:0.000114s ]
INFO: [ app_init ] --END-- [ RunTime:0.002706s ]
ERR: 无法加载模块:Banner

[ 2015-03-11T14:20:29+08:00 ] ::1 /tkphp/brands/apple.png
INFO: [ app_init ] --START--
INFO: Run Behavior\BuildLiteBehavior [ RunTime:0.000067s ]
INFO: [ app_init ] --END-- [ RunTime:0.001719s ]
ERR: 无法加载模块:Brands

[ 2015-03-11T14:20:30+08:00 ] ::1 /tkphp/banner/banner-small-1.jpg
INFO: [ app_init ] --START--
INFO: Run Behavior\BuildLiteBehavior [ RunTime:0.000053s ]
INFO: [ app_init ] --END-- [ RunTime:0.002274s ]
ERR: 无法加载模块:Banner

[ 2015-03-11T14:20:30+08:00 ] ::1 /tkphp/brands/samsung.png
INFO: [ app_init ] --START--
INFO: Run Behavior\BuildLiteBehavior [ RunTime:0.000062s ]
INFO: [ app_init ] --END-- [ RunTime:0.001636s ]
ERR: 无法加载模块:Brands

[ 2015-03-11T14:20:30+08:00 ] ::1 /tkphp/brands/hp.png
INFO: [ app_init ] --START--
INFO: Run Behavior\BuildLiteBehavior [ RunTime:0.000066s ]
INFO: [ app_init ] --END-- [ RunTime:0.001622s ]
ERR: 无法加载模块:Brands

cts

[ 2015-03-11T14:20:30+08:00 ] ::1 /tkphp/img/cards.png
INFO: [ app_init ] --START--
INFO: Run Behavior\BuildLiteBehavior [ RunTime:0.000040s ]
INFO: [ app_init ] --END-- [ RunTime:0.001033s ]
ERR: 无法加载模块:Img

[ 2015-03-11T14:20:44+08:00 ] ::1 /tkphp/Public/home/img/favicon.ico
INFO: [ app_init ] --START--
INFO: Run Behavior\BuildLiteBehavior [ RunTime:0.000058s ]
INFO: [ app_init ] --END-- [ RunTime:0.001745s ]
ERR: 无法加载模块:Public

[ 2015-03-11T14:20:50+08:00 ] ::1 /tkphp/products/folio-1.jpg
INFO: [ app_init ] --START--
INFO: Run Behavior\BuildLiteBehavior [ RunTime:0.000065s ]
INFO: [ app_init ] --END-- [ RunTime:0.001645s ]
ERR: 无法加载模块:Products

[ 2015-03-11T14:20:50+08:00 ] ::1 /tkphp/products/folio-2.jpg
INFO: [ app_init ] --START--
INFO: Run Behavior\BuildLiteBehavior [ RunTime:0.000066s ]
INFO: [ app_init ] --END-- [ RunTime:0.001735s ]
ERR: 无法加载模块:Products

[ 2015-03-11T14:20:50+08:00 ] ::1 /tkphp/products/iphone.png
INFO: [ app_init ] --START--
INFO: Run Behavior\BuildLiteBehavior [ RunTime:0.000060s ]
INFO: [ app_init ] --END-- [ RunTime:0.001582s ]
ERR: 无法加载模块:Products

[ 2015-03-11T14:20:50+08:00 ] ::1 /tkphp/products/folio-3.jpg
INFO: [ app_init ] --START--
INFO: Run Behavior\BuildLiteBehavior [ RunTime:0.000063s ]
INFO: [ app_init ] --END-- [ RunTime:0.001740s ]
ERR: 无法加载模块:Products

[ 2015-03-11T14:20:50+08:00 ] ::1 /tkphp/products/folio-4.jpg
INFO: [ app_init ] --START--
INFO: Run Behavior\BuildLiteBehavior [ RunTime:0.000102s ]
INFO: [ app_init ] --END-- [ RunTime:0.002438s ]
ERR: 无法加载模块:Products

[ 2015-03-11T14:20:50+08:00 ] ::1 /tkphp/products/ipad.png
INFO: [ app_init ] --START--
INFO: Run Behavior\BuildLiteBehavior [ RunTime:0.000216s ]
INFO: [ app_init ] --END-- [ RunTime:0.001870s ]
ERR: 无法加载模块:Products

[ 2015-03-11T14:20:50+08:00 ] ::1 /tkphp/brands/apple.png
INFO: [ app_init ] --START--
INFO: Run Behavior\BuildLiteBehavior [ RunTime:0.000071s ]
INFO: [ app_init ] --END-- [ RunTime:0.001545s ]
ERR: 无法加载模块:Brands

[ 2015-03-11T14:20:50+08:00 ] ::1 /tkphp/banner/banner-small-1.jpg
INFO: [ app_init ] --START--
INFO: Run Behavior\BuildLiteBehavior [ RunTime:0.000060s ]
INFO: [ app_init ] --END-- [ RunTime:0.001592s ]
ERR: 无法加载模块:Banner

[ 2015-03-11T14:20:50+08:00 ] ::1 /tkphp/banner/banner-small-2.jpg
INFO: [ app_init ] --START--
INFO: Run Behavior\BuildLiteBehavior [ RunTime:0.000066s ]
INFO: [ app_init ] --END-- [ RunTime:0.001699s ]
ERR: 无法加载模块:Banner

[ 2015-03-11T14:20:51+08:00 ] ::1 /tkphp/brands/hp.png
INFO: [ app_init ] --START--
INFO: Run Behavior\BuildLiteBehavior [ RunTime:0.000062s ]
INFO: [ app_init ] --END-- [ RunTime:0.001528s ]
ERR: 无法加载模块:Brands

[ 2015-03-11T14:20:51+08:00 ] ::1 /tkphp/brands/samsung.png
INFO: [ app_init ] --START--
INFO: Run Behavior\BuildLiteBehavior [ RunTime:0.000059s ]
INFO: [ app_init ] --END-- [ RunTime:0.001512s ]
ERR: 无法加载模块:Brands

[ 2015-03-11T14:20:51+08:00 ] ::1 /tkphp/brands/microsoft.png
INFO: [ app_init ] --START--
INFO: Run Behavior\BuildLiteBehavior [ RunTime:0.000062s ]
INFO: [ app_init ] --END-- [ RunTime:0.001536s ]
ERR: 无法加载模块:Brands

[ 2015-03-11T14:20:51+08:00 ] ::1 /tkphp/brands/canon.png
INFO: [ app_init ] --START--
INFO: Run Behavior\BuildLiteBehavior [ RunTime:0.000068s ]
INFO: [ app_init ] --END-- [ RunTime:0.002496s ]
ERR: 无法加载模块:Brands

[ 2015-03-11T14:20:51+08:00 ] ::1 /tkphp/brands/sony.png
INFO: [ app_init ] --START--
INFO: Run Behavior\BuildLiteBehavior [ RunTime:0.000064s ]
INFO: [ app_init ] --END-- [ RunTime:0.002578s ]
ERR: 无法加载模块:Brands

[ 2015-03-11T14:20:51+08:00 ] ::1 /tkphp/products/store.jpg
INFO: [ app_init ] --START--
INFO: Run Behavior\BuildLiteBehavior [ RunTime:0.000063s ]
INFO: [ app_init ] --END-- [ RunTime:0.001766s ]
ERR: 无法加载模块:Products

[ 2015-03-11T14:20:51+08:00 ] ::1 /tkphp/img/cards.png
INFO: [ app_init ] --START--
INFO: Run Behavior\BuildLiteBehavior [ RunTime:0.000136s ]
INFO: [ app_init ] --END-- [ RunTime:0.001664s ]
ERR: 无法加载模块:Img

[ 2015-03-11T14:20:58+08:00 ] ::1 /tkphp/Public/home/img/favicon.ico
INFO: [ app_init ] --START--
INFO: Run Behavior\BuildLiteBehavior [ RunTime:0.000066s ]
INFO: [ app_init ] --END-- [ RunTime:0.001647s ]
ERR: 无法加载模块:Public

[ 2015-03-11T14:20:58+08:00 ] ::1 /tkphp/products/folio-2.jpg
INFO: [ app_init ] --START--
INFO: Run Behavior\BuildLiteBehavior [ RunTime:0.000063s ]
INFO: [ app_init ] --END-- [ RunTime:0.001543s ]
ERR: 无法加载模块:Products

[ 2015-03-11T14:20:58+08:00 ] ::1 /tkphp/products/folio-3.jpg
INFO: [ app_init ] --START--
INFO: Run Behavior\BuildLiteBehavior [ RunTime:0.000062s ]
INFO: [ app_init ] --END-- [ RunTime:0.001516s ]
ERR: 无法加载模块:Products

[ 2015-03-11T14:20:58+08:00 ] ::1 /tkphp/products/iphone.png
INFO: [ app_init ] --START--
INFO: Run Behavior\BuildLiteBehavior [ RunTime:0.000073s ]
INFO: [ app_init ] --END-- [ RunTime:0.001556s ]
ERR: 无法加载模块:Products

[ 2015-03-11T14:20:58+08:00 ] ::1 /tkphp/products/folio-4.jpg
INFO: [ app_init ] --START--
INFO: Run Behavior\BuildLiteBehavior [ RunTime:0.000080s ]
INFO: [ app_init ] --END-- [ RunTime:0.001549s ]
ERR: 无法加载模块:Products

[ 2015-03-11T14:20:58+08:00 ] ::1 /tkphp/products/folio-1.jpg
INFO: [ app_init ] --START--
INFO: Run Behavior\BuildLiteBehavior [ RunTime:0.000068s ]
INFO: [ app_init ] --END-- [ RunTime:0.001696s ]
ERR: 无法加载模块:Products

[ 2015-03-11T14:20:58+08:00 ] ::1 /tkphp/products/ipad.png
INFO: [ app_init ] --START--
INFO: Run Behavior\BuildLiteBehavior [ RunTime:0.000067s ]
INFO: [ app_init ] --END-- [ RunTime:0.001674s ]
ERR: 无法加载模块:Products

[ 2015-03-11T14:20:59+08:00 ] ::1 /tkphp/brands/apple.png
INFO: [ app_init ] --START--
INFO: Run Behavior\BuildLiteBehavior [ RunTime:0.000058s ]
INFO: [ app_init ] --END-- [ RunTime:0.001524s ]
ERR: 无法加载模块:Brands

[ 2015-03-11T14:20:59+08:00 ] ::1 /tkphp/banner/banner-small-2.jpg
INFO: [ app_init ] --START--
INFO: Run Behavior\BuildLiteBehavior [ RunTime:0.000061s ]
INFO: [ app_init ] --END-- [ RunTime:0.001527s ]
ERR: 无法加载模块:Banner

[ 2015-03-11T14:20:59+08:00 ] ::1 /tkphp/brands/canon.png
INFO: [ app_init ] --START--
INFO: Run Behavior\BuildLiteBehavior [ RunTime:0.000061s ]
INFO: [ app_init ] --END-- [ RunTime:0.001800s ]
ERR: 无法加载模块:Brands

[ 2015-03-11T14:20:59+08:00 ] ::1 /tkphp/banner/banner-small-1.jpg
INFO: [ app_init ] --START--
INFO: Run Behavior\BuildLiteBehavior [ RunTime:0.000058s ]
INFO: [ app_init ] --END-- [ RunTime:0.001505s ]
ERR: 无法加载模块:Banner

[ 2015-03-11T14:20:59+08:00 ] ::1 /tkphp/brands/sony.png
INFO: [ app_init ] --START--
INFO: Run Behavior\BuildLiteBehavior [ RunTime:0.000075s ]
INFO: [ app_init ] --END-- [ RunTime:0.001665s ]
ERR: 无法加载模块:Brands

[ 2015-03-11T14:20:59+08:00 ] ::1 /tkphp/brands/microsoft.png
INFO: [ app_init ] --START--
INFO: Run Behavior\BuildLiteBehavior [ RunTime:0.000125s ]
INFO: [ app_init ] --END-- [ RunTime:0.002586s ]
ERR: 无法加载模块:Brands

[ 2015-03-11T14:20:59+08:00 ] ::1 /tkphp/brands/hp.png
INFO: [ app_init ] --START--
INFO: Run Behavior\BuildLiteBehavior [ RunTime:0.000063s ]
INFO: [ app_init ] --END-- [ RunTime:0.001718s ]
ERR: 无法加载模块:Brands

[ 2015-03-11T14:20:59+08:00 ] ::1 /tkphp/brands/samsung.png
INFO: [ app_init ] --START--
INFO: Run Behavior\BuildLiteBehavior [ RunTime:0.000063s ]
INFO: [ app_init ] --END-- [ RunTime:0.001588s ]
ERR: 无法加载模块:Brands

[ 2015-03-11T14:20:59+08:00 ] ::1 /tkphp/img/cards.png
INFO: [ app_init ] --START--
INFO: Run Behavior\BuildLiteBehavior [ RunTime:0.000059s ]
INFO: [ app_init ] --END-- [ RunTime:0.001569s ]
ERR: 无法加载模块:Img

[ 2015-03-11T14:20:59+08:00 ] ::1 /tkphp/products/store.jpg
INFO: [ app_init ] --START--
INFO: Run Behavior\BuildLiteBehavior [ RunTime:0.000065s ]
INFO: [ app_init ] --END-- [ RunTime:0.001629s ]
ERR: 无法加载模块:Products

[ 2015-03-11T14:21:06+08:00 ] ::1 /tkphp/Public/home/img/favicon.ico
INFO: [ app_init ] --START--
INFO: Run Behavior\BuildLiteBehavior [ RunTime:0.000190s ]
INFO: [ app_init ] --END-- [ RunTime:0.002095s ]
ERR: 无法加载模块:Public

