[ 2015-03-28T13:22:07+08:00 ] ::1 /tkphp/Admin/css/supersized.css
ERR: 无法加载控制器:Css

[ 2015-03-28T13:22:07+08:00 ] ::1 /tkphp/Admin/css/bootstrap.min.css
ERR: 无法加载控制器:Css

[ 2015-03-28T13:22:07+08:00 ] ::1 /tkphp/Admin/js/jquery.form.js
ERR: 无法加载控制器:Js

[ 2015-03-28T13:22:07+08:00 ] ::1 /tkphp/Admin/js/tooltips.js
ERR: 无法加载控制器:Js

[ 2015-03-28T13:22:07+08:00 ] ::1 /tkphp/Admin/js/jquery-1.8.2.min.js
ERR: 无法加载控制器:Js

[ 2015-03-28T13:22:07+08:00 ] ::1 /tkphp/Admin/css/login.css
ERR: 无法加载控制器:Css

[ 2015-03-28T13:22:07+08:00 ] ::1 /tkphp/Admin/js/supersized.3.2.7.min.js
ERR: 无法加载控制器:Js

[ 2015-03-28T13:22:07+08:00 ] ::1 /tkphp/Admin/js/scripts.js
ERR: 无法加载控制器:Js

[ 2015-03-28T13:22:07+08:00 ] ::1 /tkphp/Admin/js/supersized-init.js
ERR: 无法加载控制器:Js

[ 2015-03-28T13:22:07+08:00 ] ::1 /tkphp/Admin/images/captcha.jpeg
ERR: 无法加载控制器:Images

[ 2015-03-28T13:22:07+08:00 ] ::1 /tkphp/Admin/js/login.js
ERR: 无法加载控制器:Js

[ 2015-03-28T13:22:10+08:00 ] ::1 /tkphp/Admin/js/jquery.form.js
ERR: 无法加载控制器:Js

[ 2015-03-28T13:22:10+08:00 ] ::1 /tkphp/Admin/css/login.css
ERR: 无法加载控制器:Css

[ 2015-03-28T13:22:10+08:00 ] ::1 /tkphp/Admin/js/tooltips.js
ERR: 无法加载控制器:Js

[ 2015-03-28T13:22:10+08:00 ] ::1 /tkphp/Admin/css/supersized.css
ERR: 无法加载控制器:Css

[ 2015-03-28T13:22:10+08:00 ] ::1 /tkphp/Admin/css/bootstrap.min.css
ERR: 无法加载控制器:Css

[ 2015-03-28T13:22:10+08:00 ] ::1 /tkphp/Admin/js/supersized.3.2.7.min.js
ERR: 无法加载控制器:Js

[ 2015-03-28T13:22:10+08:00 ] ::1 /tkphp/Admin/js/login.js
ERR: 无法加载控制器:Js

[ 2015-03-28T13:22:10+08:00 ] ::1 /tkphp/Admin/js/supersized-init.js
ERR: 无法加载控制器:Js

[ 2015-03-28T13:22:10+08:00 ] ::1 /tkphp/Admin/js/jquery-1.8.2.min.js
ERR: 无法加载控制器:Js

[ 2015-03-28T13:22:10+08:00 ] ::1 /tkphp/Admin/js/scripts.js
ERR: 无法加载控制器:Js

[ 2015-03-28T13:22:10+08:00 ] ::1 /tkphp/Admin/images/captcha.jpeg
ERR: 无法加载控制器:Images

[ 2015-03-28T13:22:11+08:00 ] ::1 /tkphp/Admin/css/supersized.css
ERR: 无法加载控制器:Css

[ 2015-03-28T13:22:11+08:00 ] ::1 /tkphp/Admin/js/jquery.form.js
ERR: 无法加载控制器:Js

[ 2015-03-28T13:22:11+08:00 ] ::1 /tkphp/Admin/css/login.css
ERR: 无法加载控制器:Css

[ 2015-03-28T13:22:11+08:00 ] ::1 /tkphp/Admin/js/tooltips.js
ERR: 无法加载控制器:Js

[ 2015-03-28T13:22:11+08:00 ] ::1 /tkphp/Admin/js/jquery-1.8.2.min.js
ERR: 无法加载控制器:Js

[ 2015-03-28T13:22:11+08:00 ] ::1 /tkphp/Admin/js/login.js
ERR: 无法加载控制器:Js

[ 2015-03-28T13:22:11+08:00 ] ::1 /tkphp/Admin/js/supersized.3.2.7.min.js
ERR: 无法加载控制器:Js

[ 2015-03-28T13:22:11+08:00 ] ::1 /tkphp/Admin/css/bootstrap.min.css
ERR: 无法加载控制器:Css

[ 2015-03-28T13:22:11+08:00 ] ::1 /tkphp/Admin/js/supersized-init.js
ERR: 无法加载控制器:Js

[ 2015-03-28T13:22:11+08:00 ] ::1 /tkphp/Admin/js/scripts.js
ERR: 无法加载控制器:Js

[ 2015-03-28T13:22:11+08:00 ] ::1 /tkphp/Admin/images/captcha.jpeg
ERR: 无法加载控制器:Images

[ 2015-03-28T13:22:11+08:00 ] ::1 /tkphp/Admin/js/jquery.form.js
ERR: 无法加载控制器:Js

[ 2015-03-28T13:22:11+08:00 ] ::1 /tkphp/Admin/js/tooltips.js
ERR: 无法加载控制器:Js

[ 2015-03-28T13:22:11+08:00 ] ::1 /tkphp/Admin/css/supersized.css
ERR: 无法加载控制器:Css

[ 2015-03-28T13:22:11+08:00 ] ::1 /tkphp/Admin/js/jquery-1.8.2.min.js
ERR: 无法加载控制器:Js

[ 2015-03-28T13:22:11+08:00 ] ::1 /tkphp/Admin/css/bootstrap.min.css
ERR: 无法加载控制器:Css

[ 2015-03-28T13:22:11+08:00 ] ::1 /tkphp/Admin/js/login.js
ERR: 无法加载控制器:Js

[ 2015-03-28T13:22:11+08:00 ] ::1 /tkphp/Admin/js/supersized.3.2.7.min.js
ERR: 无法加载控制器:Js

[ 2015-03-28T13:22:11+08:00 ] ::1 /tkphp/Admin/css/login.css
ERR: 无法加载控制器:Css

[ 2015-03-28T13:22:11+08:00 ] ::1 /tkphp/Admin/js/supersized-init.js
ERR: 无法加载控制器:Js

[ 2015-03-28T13:22:11+08:00 ] ::1 /tkphp/Admin/js/scripts.js
ERR: 无法加载控制器:Js

[ 2015-03-28T13:22:11+08:00 ] ::1 /tkphp/Admin/css/supersized.css
ERR: 无法加载控制器:Css

[ 2015-03-28T13:22:11+08:00 ] ::1 /tkphp/Admin/js/jquery.form.js
ERR: 无法加载控制器:Js

[ 2015-03-28T13:22:11+08:00 ] ::1 /tkphp/Admin/js/tooltips.js
ERR: 无法加载控制器:Js

[ 2015-03-28T13:22:11+08:00 ] ::1 /tkphp/Admin/css/bootstrap.min.css
ERR: 无法加载控制器:Css

[ 2015-03-28T13:22:11+08:00 ] ::1 /tkphp/Admin/js/jquery-1.8.2.min.js
ERR: 无法加载控制器:Js

[ 2015-03-28T13:22:11+08:00 ] ::1 /tkphp/Admin/css/login.css
ERR: 无法加载控制器:Css

[ 2015-03-28T13:22:11+08:00 ] ::1 /tkphp/Admin/js/login.js
ERR: 无法加载控制器:Js

[ 2015-03-28T13:22:11+08:00 ] ::1 /tkphp/Admin/js/supersized.3.2.7.min.js
ERR: 无法加载控制器:Js

[ 2015-03-28T13:22:11+08:00 ] ::1 /tkphp/Admin/js/supersized-init.js
ERR: 无法加载控制器:Js

[ 2015-03-28T13:22:11+08:00 ] ::1 /tkphp/Admin/js/scripts.js
ERR: 无法加载控制器:Js

[ 2015-03-28T13:22:11+08:00 ] ::1 /tkphp/Admin/images/captcha.jpeg
ERR: 无法加载控制器:Images

[ 2015-03-28T13:22:12+08:00 ] ::1 /tkphp/Admin/css/bootstrap.min.css
ERR: 无法加载控制器:Css

[ 2015-03-28T13:22:12+08:00 ] ::1 /tkphp/Admin/css/login.css
ERR: 无法加载控制器:Css

[ 2015-03-28T13:22:12+08:00 ] ::1 /tkphp/Admin/js/tooltips.js
ERR: 无法加载控制器:Js

[ 2015-03-28T13:22:12+08:00 ] ::1 /tkphp/Admin/js/jquery.form.js
ERR: 无法加载控制器:Js

[ 2015-03-28T13:22:12+08:00 ] ::1 /tkphp/Admin/css/supersized.css
ERR: 无法加载控制器:Css

[ 2015-03-28T13:22:12+08:00 ] ::1 /tkphp/Admin/js/jquery-1.8.2.min.js
ERR: 无法加载控制器:Js

[ 2015-03-28T13:22:12+08:00 ] ::1 /tkphp/Admin/js/login.js
ERR: 无法加载控制器:Js

[ 2015-03-28T13:22:12+08:00 ] ::1 /tkphp/Admin/js/supersized.3.2.7.min.js
ERR: 无法加载控制器:Js

[ 2015-03-28T13:22:12+08:00 ] ::1 /tkphp/Admin/js/supersized-init.js
ERR: 无法加载控制器:Js

[ 2015-03-28T13:22:12+08:00 ] ::1 /tkphp/Admin/js/scripts.js
ERR: 无法加载控制器:Js

[ 2015-03-28T13:22:12+08:00 ] ::1 /tkphp/Admin/images/captcha.jpeg
ERR: 无法加载控制器:Images

[ 2015-03-28T13:22:12+08:00 ] ::1 /tkphp/Admin/css/supersized.css
ERR: 无法加载控制器:Css

[ 2015-03-28T13:22:12+08:00 ] ::1 /tkphp/Admin/js/jquery-1.8.2.min.js
ERR: 无法加载控制器:Js

[ 2015-03-28T13:22:12+08:00 ] ::1 /tkphp/Admin/js/jquery.form.js
ERR: 无法加载控制器:Js

[ 2015-03-28T13:22:12+08:00 ] ::1 /tkphp/Admin/js/tooltips.js
ERR: 无法加载控制器:Js

[ 2015-03-28T13:22:12+08:00 ] ::1 /tkphp/Admin/css/login.css
ERR: 无法加载控制器:Css

[ 2015-03-28T13:22:12+08:00 ] ::1 /tkphp/Admin/css/bootstrap.min.css
ERR: 无法加载控制器:Css

[ 2015-03-28T13:22:12+08:00 ] ::1 /tkphp/Admin/js/login.js
ERR: 无法加载控制器:Js

[ 2015-03-28T13:22:12+08:00 ] ::1 /tkphp/Admin/js/supersized-init.js
ERR: 无法加载控制器:Js

[ 2015-03-28T13:22:12+08:00 ] ::1 /tkphp/Admin/js/supersized.3.2.7.min.js
ERR: 无法加载控制器:Js

[ 2015-03-28T13:22:12+08:00 ] ::1 /tkphp/Admin/js/scripts.js
ERR: 无法加载控制器:Js

[ 2015-03-28T13:22:12+08:00 ] ::1 /tkphp/Admin/images/captcha.jpeg
ERR: 无法加载控制器:Images

[ 2015-03-28T13:22:12+08:00 ] ::1 /tkphp/Admin/css/login.css
ERR: 无法加载控制器:Css

[ 2015-03-28T13:22:12+08:00 ] ::1 /tkphp/Admin/js/jquery-1.8.2.min.js
ERR: 无法加载控制器:Js

[ 2015-03-28T13:22:12+08:00 ] ::1 /tkphp/Admin/css/bootstrap.min.css
ERR: 无法加载控制器:Css

[ 2015-03-28T13:22:12+08:00 ] ::1 /tkphp/Admin/js/tooltips.js
ERR: 无法加载控制器:Js

[ 2015-03-28T13:22:12+08:00 ] ::1 /tkphp/Admin/js/jquery.form.js
ERR: 无法加载控制器:Js

[ 2015-03-28T13:22:12+08:00 ] ::1 /tkphp/Admin/css/supersized.css
ERR: 无法加载控制器:Css

[ 2015-03-28T13:22:12+08:00 ] ::1 /tkphp/Admin/js/supersized.3.2.7.min.js
ERR: 无法加载控制器:Js

[ 2015-03-28T13:22:12+08:00 ] ::1 /tkphp/Admin/js/login.js
ERR: 无法加载控制器:Js

[ 2015-03-28T13:22:13+08:00 ] ::1 /tkphp/Admin/js/scripts.js
ERR: 无法加载控制器:Js

[ 2015-03-28T13:22:13+08:00 ] ::1 /tkphp/Admin/js/supersized-init.js
ERR: 无法加载控制器:Js

[ 2015-03-28T13:22:13+08:00 ] ::1 /tkphp/Admin/images/captcha.jpeg
ERR: 无法加载控制器:Images

[ 2015-03-28T13:22:13+08:00 ] ::1 /tkphp/Admin/js/jquery-1.8.2.min.js
ERR: 无法加载控制器:Js

[ 2015-03-28T13:22:13+08:00 ] ::1 /tkphp/Admin/js/jquery.form.js
ERR: 无法加载控制器:Js

[ 2015-03-28T13:22:13+08:00 ] ::1 /tkphp/Admin/css/login.css
ERR: 无法加载控制器:Css

[ 2015-03-28T13:22:13+08:00 ] ::1 /tkphp/Admin/css/bootstrap.min.css
ERR: 无法加载控制器:Css

[ 2015-03-28T13:22:13+08:00 ] ::1 /tkphp/Admin/js/login.js
ERR: 无法加载控制器:Js

[ 2015-03-28T13:22:13+08:00 ] ::1 /tkphp/Admin/css/supersized.css
ERR: 无法加载控制器:Css

[ 2015-03-28T13:22:13+08:00 ] ::1 /tkphp/Admin/js/tooltips.js
ERR: 无法加载控制器:Js

[ 2015-03-28T13:22:13+08:00 ] ::1 /tkphp/Admin/js/scripts.js
ERR: 无法加载控制器:Js

[ 2015-03-28T13:22:13+08:00 ] ::1 /tkphp/Admin/images/captcha.jpeg
ERR: 无法加载控制器:Images

[ 2015-03-28T13:22:13+08:00 ] ::1 /tkphp/Admin/js/supersized-init.js
ERR: 无法加载控制器:Js

[ 2015-03-28T13:22:13+08:00 ] ::1 /tkphp/Admin/js/supersized.3.2.7.min.js
ERR: 无法加载控制器:Js

[ 2015-03-28T13:22:13+08:00 ] ::1 /tkphp/Admin/css/bootstrap.min.css
ERR: 无法加载控制器:Css

[ 2015-03-28T13:22:13+08:00 ] ::1 /tkphp/Admin/css/login.css
ERR: 无法加载控制器:Css

[ 2015-03-28T13:22:13+08:00 ] ::1 /tkphp/Admin/css/supersized.css
ERR: 无法加载控制器:Css

[ 2015-03-28T13:22:13+08:00 ] ::1 /tkphp/Admin/js/jquery-1.8.2.min.js
ERR: 无法加载控制器:Js

[ 2015-03-28T13:22:13+08:00 ] ::1 /tkphp/Admin/js/tooltips.js
ERR: 无法加载控制器:Js

[ 2015-03-28T13:22:13+08:00 ] ::1 /tkphp/Admin/js/supersized.3.2.7.min.js
ERR: 无法加载控制器:Js

[ 2015-03-28T13:22:13+08:00 ] ::1 /tkphp/Admin/js/supersized-init.js
ERR: 无法加载控制器:Js

[ 2015-03-28T13:22:13+08:00 ] ::1 /tkphp/Admin/js/login.js
ERR: 无法加载控制器:Js

[ 2015-03-28T13:22:13+08:00 ] ::1 /tkphp/Admin/js/jquery.form.js
ERR: 无法加载控制器:Js

[ 2015-03-28T13:22:13+08:00 ] ::1 /tkphp/Admin/js/scripts.js
ERR: 无法加载控制器:Js

[ 2015-03-28T13:22:13+08:00 ] ::1 /tkphp/Admin/images/captcha.jpeg
ERR: 无法加载控制器:Images

[ 2015-03-28T13:22:14+08:00 ] ::1 /tkphp/Admin/css/supersized.css
ERR: 无法加载控制器:Css

[ 2015-03-28T13:22:14+08:00 ] ::1 /tkphp/Admin/js/tooltips.js
ERR: 无法加载控制器:Js

[ 2015-03-28T13:22:14+08:00 ] ::1 /tkphp/Admin/js/jquery-1.8.2.min.js
ERR: 无法加载控制器:Js

[ 2015-03-28T13:22:14+08:00 ] ::1 /tkphp/Admin/js/jquery.form.js
ERR: 无法加载控制器:Js

[ 2015-03-28T13:22:14+08:00 ] ::1 /tkphp/Admin/css/login.css
ERR: 无法加载控制器:Css

[ 2015-03-28T13:22:14+08:00 ] ::1 /tkphp/Admin/css/bootstrap.min.css
ERR: 无法加载控制器:Css

[ 2015-03-28T13:22:14+08:00 ] ::1 /tkphp/Admin/js/supersized.3.2.7.min.js
ERR: 无法加载控制器:Js

[ 2015-03-28T13:22:14+08:00 ] ::1 /tkphp/Admin/js/login.js
ERR: 无法加载控制器:Js

[ 2015-03-28T13:22:14+08:00 ] ::1 /tkphp/Admin/js/supersized-init.js
ERR: 无法加载控制器:Js

[ 2015-03-28T13:22:14+08:00 ] ::1 /tkphp/Admin/js/scripts.js
ERR: 无法加载控制器:Js

[ 2015-03-28T13:22:14+08:00 ] ::1 /tkphp/Admin/images/captcha.jpeg
ERR: 无法加载控制器:Images

[ 2015-03-28T13:22:14+08:00 ] ::1 /tkphp/Admin/css/login.css
ERR: 无法加载控制器:Css

[ 2015-03-28T13:22:14+08:00 ] ::1 /tkphp/Admin/css/supersized.css
ERR: 无法加载控制器:Css

[ 2015-03-28T13:22:14+08:00 ] ::1 /tkphp/Admin/css/bootstrap.min.css
ERR: 无法加载控制器:Css

[ 2015-03-28T13:22:14+08:00 ] ::1 /tkphp/Admin/js/jquery.form.js
ERR: 无法加载控制器:Js

[ 2015-03-28T13:22:14+08:00 ] ::1 /tkphp/Admin/js/tooltips.js
ERR: 无法加载控制器:Js

[ 2015-03-28T13:22:14+08:00 ] ::1 /tkphp/Admin/js/login.js
ERR: 无法加载控制器:Js

[ 2015-03-28T13:22:14+08:00 ] ::1 /tkphp/Admin/js/jquery-1.8.2.min.js
ERR: 无法加载控制器:Js

[ 2015-03-28T13:22:14+08:00 ] ::1 /tkphp/Admin/js/supersized.3.2.7.min.js
ERR: 无法加载控制器:Js

[ 2015-03-28T13:22:14+08:00 ] ::1 /tkphp/Admin/js/supersized-init.js
ERR: 无法加载控制器:Js

[ 2015-03-28T13:22:14+08:00 ] ::1 /tkphp/Admin/js/scripts.js
ERR: 无法加载控制器:Js

[ 2015-03-28T13:22:14+08:00 ] ::1 /tkphp/Admin/images/captcha.jpeg
ERR: 无法加载控制器:Images

[ 2015-03-28T13:22:14+08:00 ] ::1 /tkphp/Admin/css/login.css
ERR: 无法加载控制器:Css

[ 2015-03-28T13:22:14+08:00 ] ::1 /tkphp/Admin/css/supersized.css
ERR: 无法加载控制器:Css

[ 2015-03-28T13:22:14+08:00 ] ::1 /tkphp/Admin/css/bootstrap.min.css
ERR: 无法加载控制器:Css

[ 2015-03-28T13:22:14+08:00 ] ::1 /tkphp/Admin/js/jquery-1.8.2.min.js
ERR: 无法加载控制器:Js

[ 2015-03-28T13:22:14+08:00 ] ::1 /tkphp/Admin/js/jquery.form.js
ERR: 无法加载控制器:Js

[ 2015-03-28T13:22:14+08:00 ] ::1 /tkphp/Admin/js/tooltips.js
ERR: 无法加载控制器:Js

[ 2015-03-28T13:22:14+08:00 ] ::1 /tkphp/Admin/js/login.js
ERR: 无法加载控制器:Js

[ 2015-03-28T13:22:14+08:00 ] ::1 /tkphp/Admin/js/supersized.3.2.7.min.js
ERR: 无法加载控制器:Js

[ 2015-03-28T13:22:14+08:00 ] ::1 /tkphp/Admin/js/scripts.js
ERR: 无法加载控制器:Js

[ 2015-03-28T13:22:14+08:00 ] ::1 /tkphp/Admin/js/supersized-init.js
ERR: 无法加载控制器:Js

[ 2015-03-28T13:22:14+08:00 ] ::1 /tkphp/Admin/images/captcha.jpeg
ERR: 无法加载控制器:Images

[ 2015-03-28T13:22:15+08:00 ] ::1 /tkphp/Admin/css/bootstrap.min.css
ERR: 无法加载控制器:Css

[ 2015-03-28T13:22:15+08:00 ] ::1 /tkphp/Admin/js/tooltips.js
ERR: 无法加载控制器:Js

[ 2015-03-28T13:22:15+08:00 ] ::1 /tkphp/Admin/js/jquery-1.8.2.min.js
ERR: 无法加载控制器:Js

[ 2015-03-28T13:22:15+08:00 ] ::1 /tkphp/Admin/css/supersized.css
ERR: 无法加载控制器:Css

[ 2015-03-28T13:22:15+08:00 ] ::1 /tkphp/Admin/js/jquery.form.js
ERR: 无法加载控制器:Js

[ 2015-03-28T13:22:15+08:00 ] ::1 /tkphp/Admin/js/login.js
ERR: 无法加载控制器:Js

[ 2015-03-28T13:22:15+08:00 ] ::1 /tkphp/Admin/css/login.css
ERR: 无法加载控制器:Css

[ 2015-03-28T13:22:15+08:00 ] ::1 /tkphp/Admin/js/supersized.3.2.7.min.js
ERR: 无法加载控制器:Js

[ 2015-03-28T13:22:15+08:00 ] ::1 /tkphp/Admin/js/scripts.js
ERR: 无法加载控制器:Js

[ 2015-03-28T13:22:15+08:00 ] ::1 /tkphp/Admin/images/captcha.jpeg
ERR: 无法加载控制器:Images

[ 2015-03-28T13:22:15+08:00 ] ::1 /tkphp/Admin/js/supersized-init.js
ERR: 无法加载控制器:Js

[ 2015-03-28T13:24:20+08:00 ] ::1 /tkphp/Admin/css/supersized.css
ERR: 无法加载控制器:Css

[ 2015-03-28T13:24:20+08:00 ] ::1 /tkphp/Admin/css/login.css
ERR: 无法加载控制器:Css

[ 2015-03-28T13:24:20+08:00 ] ::1 /tkphp/Admin/js/jquery.form.js
ERR: 无法加载控制器:Js

[ 2015-03-28T13:24:20+08:00 ] ::1 /tkphp/Admin/css/bootstrap.min.css
ERR: 无法加载控制器:Css

[ 2015-03-28T13:24:20+08:00 ] ::1 /tkphp/Admin/js/tooltips.js
ERR: 无法加载控制器:Js

[ 2015-03-28T13:24:20+08:00 ] ::1 /tkphp/Admin/js/jquery-1.8.2.min.js
ERR: 无法加载控制器:Js

[ 2015-03-28T13:24:20+08:00 ] ::1 /tkphp/Admin/js/supersized.3.2.7.min.js
ERR: 无法加载控制器:Js

[ 2015-03-28T13:24:20+08:00 ] ::1 /tkphp/Admin/js/supersized-init.js
ERR: 无法加载控制器:Js

[ 2015-03-28T13:24:20+08:00 ] ::1 /tkphp/Admin/js/login.js
ERR: 无法加载控制器:Js

[ 2015-03-28T13:24:20+08:00 ] ::1 /tkphp/Admin/js/scripts.js
ERR: 无法加载控制器:Js

[ 2015-03-28T13:24:20+08:00 ] ::1 /tkphp/Admin/images/captcha.jpeg
ERR: 无法加载控制器:Images

[ 2015-03-28T13:24:21+08:00 ] ::1 /tkphp/Admin/js/jquery.form.js
ERR: 无法加载控制器:Js

[ 2015-03-28T13:24:21+08:00 ] ::1 /tkphp/Admin/css/supersized.css
ERR: 无法加载控制器:Css

[ 2015-03-28T13:24:21+08:00 ] ::1 /tkphp/Admin/js/tooltips.js
ERR: 无法加载控制器:Js

[ 2015-03-28T13:24:21+08:00 ] ::1 /tkphp/Admin/css/login.css
ERR: 无法加载控制器:Css

[ 2015-03-28T13:24:21+08:00 ] ::1 /tkphp/Admin/js/jquery-1.8.2.min.js
ERR: 无法加载控制器:Js

[ 2015-03-28T13:24:21+08:00 ] ::1 /tkphp/Admin/css/bootstrap.min.css
ERR: 无法加载控制器:Css

[ 2015-03-28T13:24:21+08:00 ] ::1 /tkphp/Admin/js/supersized-init.js
ERR: 无法加载控制器:Js

[ 2015-03-28T13:24:21+08:00 ] ::1 /tkphp/Admin/js/login.js
ERR: 无法加载控制器:Js

[ 2015-03-28T13:24:21+08:00 ] ::1 /tkphp/Admin/js/scripts.js
ERR: 无法加载控制器:Js

[ 2015-03-28T13:24:21+08:00 ] ::1 /tkphp/Admin/js/supersized.3.2.7.min.js
ERR: 无法加载控制器:Js

[ 2015-03-28T13:24:21+08:00 ] ::1 /tkphp/Admin/images/captcha.jpeg
ERR: 无法加载控制器:Images

[ 2015-03-28T13:24:21+08:00 ] ::1 /tkphp/Admin/css/login.css
ERR: 无法加载控制器:Css

[ 2015-03-28T13:24:21+08:00 ] ::1 /tkphp/Admin/js/jquery.form.js
ERR: 无法加载控制器:Js

[ 2015-03-28T13:24:21+08:00 ] ::1 /tkphp/Admin/css/bootstrap.min.css
ERR: 无法加载控制器:Css

[ 2015-03-28T13:24:21+08:00 ] ::1 /tkphp/Admin/js/jquery-1.8.2.min.js
ERR: 无法加载控制器:Js

[ 2015-03-28T13:24:21+08:00 ] ::1 /tkphp/Admin/css/supersized.css
ERR: 无法加载控制器:Css

[ 2015-03-28T13:24:21+08:00 ] ::1 /tkphp/Admin/js/tooltips.js
ERR: 无法加载控制器:Js

[ 2015-03-28T13:24:21+08:00 ] ::1 /tkphp/Admin/js/supersized.3.2.7.min.js
ERR: 无法加载控制器:Js

[ 2015-03-28T13:24:21+08:00 ] ::1 /tkphp/Admin/js/login.js
ERR: 无法加载控制器:Js

[ 2015-03-28T13:24:21+08:00 ] ::1 /tkphp/Admin/js/supersized-init.js
ERR: 无法加载控制器:Js

[ 2015-03-28T13:24:21+08:00 ] ::1 /tkphp/Admin/js/scripts.js
ERR: 无法加载控制器:Js

[ 2015-03-28T13:24:21+08:00 ] ::1 /tkphp/Admin/images/captcha.jpeg
ERR: 无法加载控制器:Images

[ 2015-03-28T13:24:22+08:00 ] ::1 /tkphp/Admin/css/login.css
ERR: 无法加载控制器:Css

[ 2015-03-28T13:24:22+08:00 ] ::1 /tkphp/Admin/css/bootstrap.min.css
ERR: 无法加载控制器:Css

[ 2015-03-28T13:24:22+08:00 ] ::1 /tkphp/Admin/js/tooltips.js
ERR: 无法加载控制器:Js

[ 2015-03-28T13:24:22+08:00 ] ::1 /tkphp/Admin/js/jquery.form.js
ERR: 无法加载控制器:Js

[ 2015-03-28T13:24:22+08:00 ] ::1 /tkphp/Admin/css/supersized.css
ERR: 无法加载控制器:Css

[ 2015-03-28T13:24:22+08:00 ] ::1 /tkphp/Admin/js/login.js
ERR: 无法加载控制器:Js

[ 2015-03-28T13:24:22+08:00 ] ::1 /tkphp/Admin/js/supersized.3.2.7.min.js
ERR: 无法加载控制器:Js

[ 2015-03-28T13:24:22+08:00 ] ::1 /tkphp/Admin/js/supersized-init.js
ERR: 无法加载控制器:Js

[ 2015-03-28T13:24:22+08:00 ] ::1 /tkphp/Admin/js/jquery-1.8.2.min.js
ERR: 无法加载控制器:Js

[ 2015-03-28T13:24:22+08:00 ] ::1 /tkphp/Admin/js/scripts.js
ERR: 无法加载控制器:Js

[ 2015-03-28T13:24:22+08:00 ] ::1 /tkphp/Admin/images/captcha.jpeg
ERR: 无法加载控制器:Images

[ 2015-03-28T13:24:22+08:00 ] ::1 /tkphp/Admin/js/jquery.form.js
ERR: 无法加载控制器:Js

[ 2015-03-28T13:24:22+08:00 ] ::1 /tkphp/Admin/js/tooltips.js
ERR: 无法加载控制器:Js

[ 2015-03-28T13:24:22+08:00 ] ::1 /tkphp/Admin/css/login.css
ERR: 无法加载控制器:Css

[ 2015-03-28T13:24:22+08:00 ] ::1 /tkphp/Admin/css/supersized.css
ERR: 无法加载控制器:Css

[ 2015-03-28T13:24:22+08:00 ] ::1 /tkphp/Admin/js/jquery-1.8.2.min.js
ERR: 无法加载控制器:Js

[ 2015-03-28T13:24:22+08:00 ] ::1 /tkphp/Admin/js/login.js
ERR: 无法加载控制器:Js

[ 2015-03-28T13:24:22+08:00 ] ::1 /tkphp/Admin/css/bootstrap.min.css
ERR: 无法加载控制器:Css

[ 2015-03-28T13:24:22+08:00 ] ::1 /tkphp/Admin/js/supersized.3.2.7.min.js
ERR: 无法加载控制器:Js

[ 2015-03-28T13:24:22+08:00 ] ::1 /tkphp/Admin/js/supersized-init.js
ERR: 无法加载控制器:Js

[ 2015-03-28T13:24:22+08:00 ] ::1 /tkphp/Admin/js/scripts.js
ERR: 无法加载控制器:Js

[ 2015-03-28T13:24:22+08:00 ] ::1 /tkphp/Admin/images/captcha.jpeg
ERR: 无法加载控制器:Images

[ 2015-03-28T13:26:51+08:00 ] ::1 /tkphp/Admin/js/jquery.form.js
ERR: 无法加载控制器:Js

[ 2015-03-28T13:26:51+08:00 ] ::1 /tkphp/Admin/js/tooltips.js
ERR: 无法加载控制器:Js

[ 2015-03-28T13:26:51+08:00 ] ::1 /tkphp/Admin/css/bootstrap.min.css
ERR: 无法加载控制器:Css

[ 2015-03-28T13:26:51+08:00 ] ::1 /tkphp/Admin/css/login.css
ERR: 无法加载控制器:Css

[ 2015-03-28T13:26:51+08:00 ] ::1 /tkphp/Admin/js/jquery-1.8.2.min.js
ERR: 无法加载控制器:Js

[ 2015-03-28T13:26:51+08:00 ] ::1 /tkphp/Admin/js/supersized-init.js
ERR: 无法加载控制器:Js

[ 2015-03-28T13:26:51+08:00 ] ::1 /tkphp/Admin/js/supersized.3.2.7.min.js
ERR: 无法加载控制器:Js

[ 2015-03-28T13:26:51+08:00 ] ::1 /tkphp/Admin/js/login.js
ERR: 无法加载控制器:Js

[ 2015-03-28T13:26:51+08:00 ] ::1 /tkphp/Admin/js/scripts.js
ERR: 无法加载控制器:Js

[ 2015-03-28T13:26:51+08:00 ] ::1 /tkphp/Admin/images/captcha.jpeg
ERR: 无法加载控制器:Images

[ 2015-03-28T13:27:26+08:00 ] ::1 /tkphp/Admin/js/supersized.3.2.7.min.js
ERR: 无法加载控制器:Js

[ 2015-03-28T13:27:26+08:00 ] ::1 /tkphp/Admin/js/scripts.js
ERR: 无法加载控制器:Js

[ 2015-03-28T13:27:26+08:00 ] ::1 /tkphp/Admin/images/captcha.jpeg
ERR: 无法加载控制器:Images

[ 2015-03-28T13:27:26+08:00 ] ::1 /tkphp/Admin/js/supersized-init.js
ERR: 无法加载控制器:Js

[ 2015-03-28T13:27:27+08:00 ] ::1 /tkphp/Admin/images/captcha.jpeg
ERR: 无法加载控制器:Images

[ 2015-03-28T13:27:27+08:00 ] ::1 /tkphp/Admin/js/supersized.3.2.7.min.js
ERR: 无法加载控制器:Js

[ 2015-03-28T13:27:27+08:00 ] ::1 /tkphp/Admin/js/scripts.js
ERR: 无法加载控制器:Js

[ 2015-03-28T13:27:27+08:00 ] ::1 /tkphp/Admin/js/supersized-init.js
ERR: 无法加载控制器:Js

[ 2015-03-28T13:27:27+08:00 ] ::1 /tkphp/Admin/images/captcha.jpeg
ERR: 无法加载控制器:Images

[ 2015-03-28T13:27:27+08:00 ] ::1 /tkphp/Admin/js/scripts.js
ERR: 无法加载控制器:Js

[ 2015-03-28T13:27:27+08:00 ] ::1 /tkphp/Admin/js/supersized.3.2.7.min.js
ERR: 无法加载控制器:Js

[ 2015-03-28T13:27:27+08:00 ] ::1 /tkphp/Admin/js/supersized-init.js
ERR: 无法加载控制器:Js

[ 2015-03-28T13:27:28+08:00 ] ::1 /tkphp/Admin/js/supersized.3.2.7.min.js
ERR: 无法加载控制器:Js

[ 2015-03-28T13:27:28+08:00 ] ::1 /tkphp/Admin/js/supersized-init.js
ERR: 无法加载控制器:Js

[ 2015-03-28T13:27:28+08:00 ] ::1 /tkphp/Admin/js/scripts.js
ERR: 无法加载控制器:Js

[ 2015-03-28T13:27:28+08:00 ] ::1 /tkphp/Admin/images/captcha.jpeg
ERR: 无法加载控制器:Images

[ 2015-03-28T13:27:28+08:00 ] ::1 /tkphp/Admin/images/captcha.jpeg
ERR: 无法加载控制器:Images

[ 2015-03-28T13:27:28+08:00 ] ::1 /tkphp/Admin/js/scripts.js
ERR: 无法加载控制器:Js

[ 2015-03-28T13:27:28+08:00 ] ::1 /tkphp/Admin/js/supersized-init.js
ERR: 无法加载控制器:Js

[ 2015-03-28T13:27:28+08:00 ] ::1 /tkphp/Admin/js/supersized.3.2.7.min.js
ERR: 无法加载控制器:Js

[ 2015-03-28T13:27:51+08:00 ] ::1 /tkphp/Admin/images/captcha.jpeg
ERR: 无法加载控制器:Images

[ 2015-03-28T13:27:52+08:00 ] ::1 /tkphp/Admin/images/captcha.jpeg
ERR: 无法加载控制器:Images

[ 2015-03-28T13:27:52+08:00 ] ::1 /tkphp/Admin/images/captcha.jpeg
ERR: 无法加载控制器:Images

[ 2015-03-28T13:27:53+08:00 ] ::1 /tkphp/Admin/images/captcha.jpeg
ERR: 无法加载控制器:Images

[ 2015-03-28T13:27:53+08:00 ] ::1 /tkphp/Admin/images/captcha.jpeg
ERR: 无法加载控制器:Images

[ 2015-03-28T13:27:53+08:00 ] ::1 /tkphp/Admin/images/captcha.jpeg
ERR: 无法加载控制器:Images

[ 2015-03-28T15:07:36+08:00 ] ::1 /tkphp/Admin/User/add
ERR: 非法操作:add

[ 2015-03-28T15:22:44+08:00 ] ::1 /tkphp/Admin/Goods/list
ERR: 非法操作:list

