[ 2015-04-01T08:15:23+08:00 ] ::1 /tkphp/Admin/Goods/Admin/Index/index
ERR: 非法操作:Admin

[ 2015-04-01T08:15:41+08:00 ] ::1 /tkphp/Admin/Goods/Admin/Index/index
ERR: 非法操作:Admin

[ 2015-04-01T10:22:01+08:00 ] ::1 /tkphp/Admin/Goods/doAdd.html
ERR: 不存在的图像文件

[ 2015-04-01T10:23:34+08:00 ] ::1 /tkphp/Admin/Goods/doAdd.html
ERR: 不存在的图像文件

[ 2015-04-01T21:44:50+08:00 ] ::1 /tkphp/Admin/User/contact.html
ERR: 模板不存在:./Application/Admin/View/User/contact.html

[ 2015-04-01T21:51:01+08:00 ] ::1 /tkphp/Admin/User/Admin/Index/index
ERR: 非法操作:Admin

[ 2015-04-01T21:51:57+08:00 ] ::1 /tkphp/Admin/User/Admin/Index/index
ERR: 非法操作:Admin

[ 2015-04-01T21:53:02+08:00 ] ::1 /tkphp/Admin/User/Admin/Index/index
ERR: 非法操作:Admin

[ 2015-04-01T22:30:52+08:00 ] ::1 /tkphp/Admin/User/contactDel/id/1.html
ERR: 非法操作:contactDel

[ 2015-04-01T22:55:01+08:00 ] ::1 /tkphp/Admin/User/lists.html
ERR: SQLSTATE[42S02]: Base table or view not found: 1146 Table 'tkphp.tk_user' doesn't exist

